
*** Running vivado
    with args -log design_1_axi_fifo_mm_s_0_0.vds -m64 -product Vivado -mode batch -messageDb vivado.pb -notrace -source design_1_axi_fifo_mm_s_0_0.tcl


****** Vivado v2019.1 (64-bit)
  **** SW Build 2552052 on Fri May 24 14:47:09 MDT 2019
  **** IP Build 2548770 on Fri May 24 18:01:18 MDT 2019
    ** Copyright 1986-2019 Xilinx, Inc. All Rights Reserved.

source design_1_axi_fifo_mm_s_0_0.tcl -notrace
INFO: [IP_Flow 19-234] Refreshing IP repositories
INFO: [IP_Flow 19-1700] Loaded user IP repository '/home/phirasit/project/san-adapter/iscsi_hls/iscsi_processor/impl/ip'.
INFO: [IP_Flow 19-2313] Loaded Vivado IP repository '/opt/vivado/Vivado/2019.1/data/ip'.
Command: synth_design -top design_1_axi_fifo_mm_s_0_0 -part xc7z020clg484-1 -mode out_of_context
Starting synth_design
Attempting to get a license for feature 'Synthesis' and/or device 'xc7z020'
INFO: [Common 17-349] Got license for feature 'Synthesis' and/or device 'xc7z020'
INFO: [Device 21-403] Loading part xc7z020clg484-1
INFO: Launching helper process for spawning children vivado processes
INFO: Helper process launched with PID 6179 
---------------------------------------------------------------------------------
Starting RTL Elaboration : Time (s): cpu = 00:00:10 ; elapsed = 00:00:20 . Memory (MB): peak = 1812.359 ; gain = 154.684 ; free physical = 1886 ; free virtual = 6178
---------------------------------------------------------------------------------
INFO: [Synth 8-638] synthesizing module 'design_1_axi_fifo_mm_s_0_0' [/home/phirasit/project/san-adapter/iscsi_fpga/iscsi_fpga.srcs/sources_1/bd/design_1/ip/design_1_axi_fifo_mm_s_0_0/synth/design_1_axi_fifo_mm_s_0_0.vhd:89]
	Parameter C_FAMILY bound to: zynq - type: string 
	Parameter C_S_AXI_ID_WIDTH bound to: 4 - type: integer 
	Parameter C_S_AXI_ADDR_WIDTH bound to: 32 - type: integer 
	Parameter C_S_AXI_DATA_WIDTH bound to: 32 - type: integer 
	Parameter C_S_AXI4_DATA_WIDTH bound to: 32 - type: integer 
	Parameter C_TX_FIFO_DEPTH bound to: 512 - type: integer 
	Parameter C_RX_FIFO_DEPTH bound to: 512 - type: integer 
	Parameter C_TX_FIFO_PF_THRESHOLD bound to: 507 - type: integer 
	Parameter C_TX_FIFO_PE_THRESHOLD bound to: 5 - type: integer 
	Parameter C_RX_FIFO_PF_THRESHOLD bound to: 507 - type: integer 
	Parameter C_RX_FIFO_PE_THRESHOLD bound to: 5 - type: integer 
	Parameter C_USE_TX_CUT_THROUGH bound to: 0 - type: integer 
	Parameter C_DATA_INTERFACE_TYPE bound to: 0 - type: integer 
	Parameter C_BASEADDR bound to: 32'b01000011110000000000000000000000 
	Parameter C_HIGHADDR bound to: 32'b01000011110000001111111111111111 
	Parameter C_AXI4_BASEADDR bound to: 32'b10000000000000000001000000000000 
	Parameter C_AXI4_HIGHADDR bound to: 32'b10000000000000000010111111111111 
	Parameter C_HAS_AXIS_TID bound to: 0 - type: integer 
	Parameter C_HAS_AXIS_TDEST bound to: 0 - type: integer 
	Parameter C_HAS_AXIS_TUSER bound to: 0 - type: integer 
	Parameter C_HAS_AXIS_TSTRB bound to: 0 - type: integer 
	Parameter C_HAS_AXIS_TKEEP bound to: 0 - type: integer 
	Parameter C_AXIS_TID_WIDTH bound to: 4 - type: integer 
	Parameter C_AXIS_TDEST_WIDTH bound to: 4 - type: integer 
	Parameter C_AXIS_TUSER_WIDTH bound to: 4 - type: integer 
	Parameter C_USE_RX_CUT_THROUGH bound to: 0 - type: integer 
	Parameter C_USE_TX_DATA bound to: 1 - type: integer 
	Parameter C_USE_TX_CTRL bound to: 0 - type: integer 
	Parameter C_USE_RX_DATA bound to: 0 - type: integer 
INFO: [Synth 8-3491] module 'axi_fifo_mm_s' declared at '/home/phirasit/project/san-adapter/iscsi_fpga/iscsi_fpga.srcs/sources_1/bd/design_1/ipshared/fd10/hdl/axi_fifo_mm_s_v4_2_rfs.vhd:4637' bound to instance 'U0' of component 'axi_fifo_mm_s' [/home/phirasit/project/san-adapter/iscsi_fpga/iscsi_fpga.srcs/sources_1/bd/design_1/ip/design_1_axi_fifo_mm_s_0_0/synth/design_1_axi_fifo_mm_s_0_0.vhd:254]
INFO: [Synth 8-638] synthesizing module 'axi_fifo_mm_s' [/home/phirasit/project/san-adapter/iscsi_fpga/iscsi_fpga.srcs/sources_1/bd/design_1/ipshared/fd10/hdl/axi_fifo_mm_s_v4_2_rfs.vhd:4795]
	Parameter C_FAMILY bound to: zynq - type: string 
	Parameter C_S_AXI_ID_WIDTH bound to: 4 - type: integer 
	Parameter C_S_AXI_ADDR_WIDTH bound to: 32 - type: integer 
	Parameter C_S_AXI_DATA_WIDTH bound to: 32 - type: integer 
	Parameter C_S_AXI4_DATA_WIDTH bound to: 32 - type: integer 
	Parameter C_TX_FIFO_DEPTH bound to: 512 - type: integer 
	Parameter C_RX_FIFO_DEPTH bound to: 512 - type: integer 
	Parameter C_TX_FIFO_PF_THRESHOLD bound to: 507 - type: integer 
	Parameter C_TX_FIFO_PE_THRESHOLD bound to: 5 - type: integer 
	Parameter C_RX_FIFO_PF_THRESHOLD bound to: 507 - type: integer 
	Parameter C_RX_FIFO_PE_THRESHOLD bound to: 5 - type: integer 
	Parameter C_USE_TX_CUT_THROUGH bound to: 0 - type: integer 
	Parameter C_DATA_INTERFACE_TYPE bound to: 0 - type: integer 
	Parameter C_BASEADDR bound to: 1136656384 - type: integer 
	Parameter C_HIGHADDR bound to: 1136721919 - type: integer 
	Parameter C_AXI4_BASEADDR bound to: -2147479552 - type: integer 
	Parameter C_AXI4_HIGHADDR bound to: -2147471361 - type: integer 
	Parameter C_HAS_AXIS_TID bound to: 0 - type: integer 
	Parameter C_HAS_AXIS_TDEST bound to: 0 - type: integer 
	Parameter C_HAS_AXIS_TUSER bound to: 0 - type: integer 
	Parameter C_HAS_AXIS_TSTRB bound to: 0 - type: integer 
	Parameter C_HAS_AXIS_TKEEP bound to: 0 - type: integer 
	Parameter C_AXIS_TID_WIDTH bound to: 4 - type: integer 
	Parameter C_AXIS_TDEST_WIDTH bound to: 4 - type: integer 
	Parameter C_AXIS_TUSER_WIDTH bound to: 4 - type: integer 
	Parameter C_USE_RX_CUT_THROUGH bound to: 0 - type: integer 
	Parameter C_USE_TX_DATA bound to: 1 - type: integer 
	Parameter C_USE_TX_CTRL bound to: 0 - type: integer 
	Parameter C_USE_RX_DATA bound to: 0 - type: integer 
INFO: [Synth 8-638] synthesizing module 'axi_lite_ipif' [/home/phirasit/project/san-adapter/iscsi_fpga/iscsi_fpga.srcs/sources_1/bd/design_1/ipshared/66ea/hdl/axi_lite_ipif_v3_0_vh_rfs.vhd:2948]
	Parameter C_S_AXI_DATA_WIDTH bound to: 32 - type: integer 
	Parameter C_S_AXI_ADDR_WIDTH bound to: 32 - type: integer 
	Parameter C_S_AXI_MIN_SIZE bound to: 32'b00000000000000000000000000111111 
	Parameter C_USE_WSTRB bound to: 0 - type: integer 
	Parameter C_DPHASE_TIMEOUT bound to: 0 - type: integer 
	Parameter C_ARD_ADDR_RANGE_ARRAY bound to: 128'b00000000000000000000000000000000010000111100000000000000000000000000000000000000000000000000000001000011110000001111111111111111 
	Parameter C_ARD_NUM_CE_ARRAY bound to: 32'b00000000000000000000000000001101 
	Parameter C_FAMILY bound to: zynq - type: string 
INFO: [Synth 8-638] synthesizing module 'slave_attachment' [/home/phirasit/project/san-adapter/iscsi_fpga/iscsi_fpga.srcs/sources_1/bd/design_1/ipshared/66ea/hdl/axi_lite_ipif_v3_0_vh_rfs.vhd:2341]
	Parameter C_ARD_ADDR_RANGE_ARRAY bound to: 128'b00000000000000000000000000000000010000111100000000000000000000000000000000000000000000000000000001000011110000001111111111111111 
	Parameter C_ARD_NUM_CE_ARRAY bound to: 32'b00000000000000000000000000001101 
	Parameter C_IPIF_ABUS_WIDTH bound to: 32 - type: integer 
	Parameter C_IPIF_DBUS_WIDTH bound to: 32 - type: integer 
	Parameter C_S_AXI_MIN_SIZE bound to: 63 - type: integer 
	Parameter C_USE_WSTRB bound to: 0 - type: integer 
	Parameter C_DPHASE_TIMEOUT bound to: 0 - type: integer 
	Parameter C_FAMILY bound to: zynq - type: string 
INFO: [Synth 8-638] synthesizing module 'address_decoder' [/home/phirasit/project/san-adapter/iscsi_fpga/iscsi_fpga.srcs/sources_1/bd/design_1/ipshared/66ea/hdl/axi_lite_ipif_v3_0_vh_rfs.vhd:1775]
	Parameter C_BUS_AWIDTH bound to: 6 - type: integer 
	Parameter C_S_AXI_MIN_SIZE bound to: 63 - type: integer 
	Parameter C_ARD_ADDR_RANGE_ARRAY bound to: 128'b00000000000000000000000000000000010000111100000000000000000000000000000000000000000000000000000001000011110000001111111111111111 
	Parameter C_ARD_NUM_CE_ARRAY bound to: 32'b00000000000000000000000000001101 
	Parameter C_FAMILY bound to: nofamily - type: string 
INFO: [Synth 8-638] synthesizing module 'pselect_f' [/home/phirasit/project/san-adapter/iscsi_fpga/iscsi_fpga.srcs/sources_1/bd/design_1/ipshared/66ea/hdl/axi_lite_ipif_v3_0_vh_rfs.vhd:1534]
	Parameter C_AB bound to: 4 - type: integer 
	Parameter C_AW bound to: 4 - type: integer 
	Parameter C_BAR bound to: 4'b0000 
	Parameter C_FAMILY bound to: nofamily - type: string 
INFO: [Synth 8-256] done synthesizing module 'pselect_f' (1#1) [/home/phirasit/project/san-adapter/iscsi_fpga/iscsi_fpga.srcs/sources_1/bd/design_1/ipshared/66ea/hdl/axi_lite_ipif_v3_0_vh_rfs.vhd:1534]
INFO: [Synth 8-638] synthesizing module 'pselect_f__parameterized0' [/home/phirasit/project/san-adapter/iscsi_fpga/iscsi_fpga.srcs/sources_1/bd/design_1/ipshared/66ea/hdl/axi_lite_ipif_v3_0_vh_rfs.vhd:1534]
	Parameter C_AB bound to: 4 - type: integer 
	Parameter C_AW bound to: 4 - type: integer 
	Parameter C_BAR bound to: 4'b0001 
	Parameter C_FAMILY bound to: nofamily - type: string 
INFO: [Synth 8-256] done synthesizing module 'pselect_f__parameterized0' (1#1) [/home/phirasit/project/san-adapter/iscsi_fpga/iscsi_fpga.srcs/sources_1/bd/design_1/ipshared/66ea/hdl/axi_lite_ipif_v3_0_vh_rfs.vhd:1534]
INFO: [Synth 8-638] synthesizing module 'pselect_f__parameterized1' [/home/phirasit/project/san-adapter/iscsi_fpga/iscsi_fpga.srcs/sources_1/bd/design_1/ipshared/66ea/hdl/axi_lite_ipif_v3_0_vh_rfs.vhd:1534]
	Parameter C_AB bound to: 4 - type: integer 
	Parameter C_AW bound to: 4 - type: integer 
	Parameter C_BAR bound to: 4'b0010 
	Parameter C_FAMILY bound to: nofamily - type: string 
INFO: [Synth 8-256] done synthesizing module 'pselect_f__parameterized1' (1#1) [/home/phirasit/project/san-adapter/iscsi_fpga/iscsi_fpga.srcs/sources_1/bd/design_1/ipshared/66ea/hdl/axi_lite_ipif_v3_0_vh_rfs.vhd:1534]
INFO: [Synth 8-638] synthesizing module 'pselect_f__parameterized2' [/home/phirasit/project/san-adapter/iscsi_fpga/iscsi_fpga.srcs/sources_1/bd/design_1/ipshared/66ea/hdl/axi_lite_ipif_v3_0_vh_rfs.vhd:1534]
	Parameter C_AB bound to: 4 - type: integer 
	Parameter C_AW bound to: 4 - type: integer 
	Parameter C_BAR bound to: 4'b0011 
	Parameter C_FAMILY bound to: nofamily - type: string 
INFO: [Synth 8-256] done synthesizing module 'pselect_f__parameterized2' (1#1) [/home/phirasit/project/san-adapter/iscsi_fpga/iscsi_fpga.srcs/sources_1/bd/design_1/ipshared/66ea/hdl/axi_lite_ipif_v3_0_vh_rfs.vhd:1534]
INFO: [Synth 8-638] synthesizing module 'pselect_f__parameterized3' [/home/phirasit/project/san-adapter/iscsi_fpga/iscsi_fpga.srcs/sources_1/bd/design_1/ipshared/66ea/hdl/axi_lite_ipif_v3_0_vh_rfs.vhd:1534]
	Parameter C_AB bound to: 4 - type: integer 
	Parameter C_AW bound to: 4 - type: integer 
	Parameter C_BAR bound to: 4'b0100 
	Parameter C_FAMILY bound to: nofamily - type: string 
INFO: [Synth 8-256] done synthesizing module 'pselect_f__parameterized3' (1#1) [/home/phirasit/project/san-adapter/iscsi_fpga/iscsi_fpga.srcs/sources_1/bd/design_1/ipshared/66ea/hdl/axi_lite_ipif_v3_0_vh_rfs.vhd:1534]
INFO: [Synth 8-638] synthesizing module 'pselect_f__parameterized4' [/home/phirasit/project/san-adapter/iscsi_fpga/iscsi_fpga.srcs/sources_1/bd/design_1/ipshared/66ea/hdl/axi_lite_ipif_v3_0_vh_rfs.vhd:1534]
	Parameter C_AB bound to: 4 - type: integer 
	Parameter C_AW bound to: 4 - type: integer 
	Parameter C_BAR bound to: 4'b0101 
	Parameter C_FAMILY bound to: nofamily - type: string 
INFO: [Synth 8-256] done synthesizing module 'pselect_f__parameterized4' (1#1) [/home/phirasit/project/san-adapter/iscsi_fpga/iscsi_fpga.srcs/sources_1/bd/design_1/ipshared/66ea/hdl/axi_lite_ipif_v3_0_vh_rfs.vhd:1534]
INFO: [Synth 8-638] synthesizing module 'pselect_f__parameterized5' [/home/phirasit/project/san-adapter/iscsi_fpga/iscsi_fpga.srcs/sources_1/bd/design_1/ipshared/66ea/hdl/axi_lite_ipif_v3_0_vh_rfs.vhd:1534]
	Parameter C_AB bound to: 4 - type: integer 
	Parameter C_AW bound to: 4 - type: integer 
	Parameter C_BAR bound to: 4'b0110 
	Parameter C_FAMILY bound to: nofamily - type: string 
INFO: [Synth 8-256] done synthesizing module 'pselect_f__parameterized5' (1#1) [/home/phirasit/project/san-adapter/iscsi_fpga/iscsi_fpga.srcs/sources_1/bd/design_1/ipshared/66ea/hdl/axi_lite_ipif_v3_0_vh_rfs.vhd:1534]
INFO: [Synth 8-638] synthesizing module 'pselect_f__parameterized6' [/home/phirasit/project/san-adapter/iscsi_fpga/iscsi_fpga.srcs/sources_1/bd/design_1/ipshared/66ea/hdl/axi_lite_ipif_v3_0_vh_rfs.vhd:1534]
	Parameter C_AB bound to: 4 - type: integer 
	Parameter C_AW bound to: 4 - type: integer 
	Parameter C_BAR bound to: 4'b0111 
	Parameter C_FAMILY bound to: nofamily - type: string 
INFO: [Synth 8-256] done synthesizing module 'pselect_f__parameterized6' (1#1) [/home/phirasit/project/san-adapter/iscsi_fpga/iscsi_fpga.srcs/sources_1/bd/design_1/ipshared/66ea/hdl/axi_lite_ipif_v3_0_vh_rfs.vhd:1534]
INFO: [Synth 8-638] synthesizing module 'pselect_f__parameterized7' [/home/phirasit/project/san-adapter/iscsi_fpga/iscsi_fpga.srcs/sources_1/bd/design_1/ipshared/66ea/hdl/axi_lite_ipif_v3_0_vh_rfs.vhd:1534]
	Parameter C_AB bound to: 4 - type: integer 
	Parameter C_AW bound to: 4 - type: integer 
	Parameter C_BAR bound to: 4'b1000 
	Parameter C_FAMILY bound to: nofamily - type: string 
INFO: [Synth 8-256] done synthesizing module 'pselect_f__parameterized7' (1#1) [/home/phirasit/project/san-adapter/iscsi_fpga/iscsi_fpga.srcs/sources_1/bd/design_1/ipshared/66ea/hdl/axi_lite_ipif_v3_0_vh_rfs.vhd:1534]
INFO: [Synth 8-638] synthesizing module 'pselect_f__parameterized8' [/home/phirasit/project/san-adapter/iscsi_fpga/iscsi_fpga.srcs/sources_1/bd/design_1/ipshared/66ea/hdl/axi_lite_ipif_v3_0_vh_rfs.vhd:1534]
	Parameter C_AB bound to: 4 - type: integer 
	Parameter C_AW bound to: 4 - type: integer 
	Parameter C_BAR bound to: 4'b1001 
	Parameter C_FAMILY bound to: nofamily - type: string 
INFO: [Synth 8-256] done synthesizing module 'pselect_f__parameterized8' (1#1) [/home/phirasit/project/san-adapter/iscsi_fpga/iscsi_fpga.srcs/sources_1/bd/design_1/ipshared/66ea/hdl/axi_lite_ipif_v3_0_vh_rfs.vhd:1534]
INFO: [Synth 8-638] synthesizing module 'pselect_f__parameterized9' [/home/phirasit/project/san-adapter/iscsi_fpga/iscsi_fpga.srcs/sources_1/bd/design_1/ipshared/66ea/hdl/axi_lite_ipif_v3_0_vh_rfs.vhd:1534]
	Parameter C_AB bound to: 4 - type: integer 
	Parameter C_AW bound to: 4 - type: integer 
	Parameter C_BAR bound to: 4'b1010 
	Parameter C_FAMILY bound to: nofamily - type: string 
INFO: [Synth 8-256] done synthesizing module 'pselect_f__parameterized9' (1#1) [/home/phirasit/project/san-adapter/iscsi_fpga/iscsi_fpga.srcs/sources_1/bd/design_1/ipshared/66ea/hdl/axi_lite_ipif_v3_0_vh_rfs.vhd:1534]
INFO: [Synth 8-638] synthesizing module 'pselect_f__parameterized10' [/home/phirasit/project/san-adapter/iscsi_fpga/iscsi_fpga.srcs/sources_1/bd/design_1/ipshared/66ea/hdl/axi_lite_ipif_v3_0_vh_rfs.vhd:1534]
	Parameter C_AB bound to: 4 - type: integer 
	Parameter C_AW bound to: 4 - type: integer 
	Parameter C_BAR bound to: 4'b1011 
	Parameter C_FAMILY bound to: nofamily - type: string 
INFO: [Synth 8-256] done synthesizing module 'pselect_f__parameterized10' (1#1) [/home/phirasit/project/san-adapter/iscsi_fpga/iscsi_fpga.srcs/sources_1/bd/design_1/ipshared/66ea/hdl/axi_lite_ipif_v3_0_vh_rfs.vhd:1534]
INFO: [Synth 8-638] synthesizing module 'pselect_f__parameterized11' [/home/phirasit/project/san-adapter/iscsi_fpga/iscsi_fpga.srcs/sources_1/bd/design_1/ipshared/66ea/hdl/axi_lite_ipif_v3_0_vh_rfs.vhd:1534]
	Parameter C_AB bound to: 4 - type: integer 
	Parameter C_AW bound to: 4 - type: integer 
	Parameter C_BAR bound to: 4'b1100 
	Parameter C_FAMILY bound to: nofamily - type: string 
INFO: [Synth 8-256] done synthesizing module 'pselect_f__parameterized11' (1#1) [/home/phirasit/project/san-adapter/iscsi_fpga/iscsi_fpga.srcs/sources_1/bd/design_1/ipshared/66ea/hdl/axi_lite_ipif_v3_0_vh_rfs.vhd:1534]
INFO: [Synth 8-256] done synthesizing module 'address_decoder' (2#1) [/home/phirasit/project/san-adapter/iscsi_fpga/iscsi_fpga.srcs/sources_1/bd/design_1/ipshared/66ea/hdl/axi_lite_ipif_v3_0_vh_rfs.vhd:1775]
INFO: [Synth 8-226] default block is never used [/home/phirasit/project/san-adapter/iscsi_fpga/iscsi_fpga.srcs/sources_1/bd/design_1/ipshared/66ea/hdl/axi_lite_ipif_v3_0_vh_rfs.vhd:2550]
WARNING: [Synth 8-6014] Unused sequential element is_read_reg was removed.  [/home/phirasit/project/san-adapter/iscsi_fpga/iscsi_fpga.srcs/sources_1/bd/design_1/ipshared/66ea/hdl/axi_lite_ipif_v3_0_vh_rfs.vhd:2447]
WARNING: [Synth 8-6014] Unused sequential element is_write_reg was removed.  [/home/phirasit/project/san-adapter/iscsi_fpga/iscsi_fpga.srcs/sources_1/bd/design_1/ipshared/66ea/hdl/axi_lite_ipif_v3_0_vh_rfs.vhd:2448]
INFO: [Synth 8-256] done synthesizing module 'slave_attachment' (3#1) [/home/phirasit/project/san-adapter/iscsi_fpga/iscsi_fpga.srcs/sources_1/bd/design_1/ipshared/66ea/hdl/axi_lite_ipif_v3_0_vh_rfs.vhd:2341]
INFO: [Synth 8-256] done synthesizing module 'axi_lite_ipif' (4#1) [/home/phirasit/project/san-adapter/iscsi_fpga/iscsi_fpga.srcs/sources_1/bd/design_1/ipshared/66ea/hdl/axi_lite_ipif_v3_0_vh_rfs.vhd:2948]
INFO: [Synth 8-638] synthesizing module 'ipic2axi_s' [/home/phirasit/project/san-adapter/iscsi_fpga/iscsi_fpga.srcs/sources_1/bd/design_1/ipshared/fd10/hdl/axi_fifo_mm_s_v4_2_rfs.vhd:3615]
	Parameter C_FAMILY bound to: zynq - type: string 
	Parameter C_DEST_WIDTH bound to: 4 - type: integer 
	Parameter C_DATA_WIDTH bound to: 32 - type: integer 
	Parameter C_AXI4_DATA_WIDTH bound to: 32 - type: integer 
	Parameter C_TX_FIFO_DEPTH bound to: 512 - type: integer 
	Parameter C_RX_FIFO_DEPTH bound to: 512 - type: integer 
	Parameter C_TX_FIFO_PF_THRESHOLD bound to: 507 - type: integer 
	Parameter C_TX_FIFO_PE_THRESHOLD bound to: 5 - type: integer 
	Parameter C_RX_FIFO_PF_THRESHOLD bound to: 507 - type: integer 
	Parameter C_RX_FIFO_PE_THRESHOLD bound to: 5 - type: integer 
	Parameter C_USE_TX_CUT_THROUGH bound to: 0 - type: integer 
	Parameter C_USE_RX_CUT_THROUGH bound to: 0 - type: integer 
	Parameter C_TOTAL_NO_OF_INTR bound to: 13 - type: integer 
	Parameter C_TOTAL_NO_OF_REG bound to: 13 - type: integer 
	Parameter C_DATA_INTERFACE_TYPE bound to: 0 - type: integer 
	Parameter C_HAS_AXIS_TKEEP bound to: 0 - type: integer 
	Parameter C_HAS_AXIS_TSTRB bound to: 0 - type: integer 
	Parameter C_HAS_AXIS_TDEST bound to: 0 - type: integer 
	Parameter C_HAS_AXIS_TUSER bound to: 0 - type: integer 
	Parameter C_HAS_AXIS_TID bound to: 0 - type: integer 
	Parameter C_AXIS_TDEST_WIDTH bound to: 4 - type: integer 
	Parameter C_AXIS_TUSER_WIDTH bound to: 4 - type: integer 
	Parameter C_AXIS_TID_WIDTH bound to: 4 - type: integer 
	Parameter C_USE_TX_DATA bound to: 1 - type: integer 
	Parameter C_USE_RX_DATA bound to: 0 - type: integer 
	Parameter C_USE_TX_CTRL bound to: 0 - type: integer 
INFO: [Synth 8-638] synthesizing module 'fifo' [/home/phirasit/project/san-adapter/iscsi_fpga/iscsi_fpga.srcs/sources_1/bd/design_1/ipshared/fd10/hdl/axi_fifo_mm_s_v4_2_rfs.vhd:3162]
	Parameter C_FAMILY bound to: zynq - type: string 
	Parameter C_USE_FIFO_GEN bound to: 1 - type: integer 
	Parameter C_IPIF_DWIDTH bound to: 32 - type: integer 
	Parameter C_OFFSET bound to: 1 - type: integer 
	Parameter C_DEPTH bound to: 512 - type: integer 
	Parameter C_PF_THRESHOLD bound to: 507 - type: integer 
	Parameter C_PE_THRESHOLD bound to: 5 - type: integer 
	Parameter C_DATA_FLOW_DIR bound to: MM2S - type: string 
	Parameter C_DATA_INTERFACE_TYPE bound to: 0 - type: integer 
	Parameter C_USE_TX_CUT_THROUGH bound to: 0 - type: integer 
	Parameter C_HAS_AXIS_TID bound to: 0 - type: integer 
	Parameter C_HAS_AXIS_TDEST bound to: 0 - type: integer 
	Parameter C_HAS_AXIS_TUSER bound to: 0 - type: integer 
	Parameter C_HAS_AXIS_TLAST bound to: 1 - type: integer 
	Parameter C_HAS_AXIS_TSTRB bound to: 0 - type: integer 
	Parameter C_HAS_AXIS_TKEEP bound to: 0 - type: integer 
	Parameter C_AXIS_TDATA_WIDTH bound to: 32 - type: integer 
	Parameter C_AXIS_TID_WIDTH bound to: 4 - type: integer 
	Parameter C_AXIS_TDEST_WIDTH bound to: 4 - type: integer 
	Parameter C_AXIS_TUSER_WIDTH bound to: 4 - type: integer 
INFO: [Synth 8-638] synthesizing module 'axis_fg' [/home/phirasit/project/san-adapter/iscsi_fpga/iscsi_fpga.srcs/sources_1/bd/design_1/ipshared/fd10/hdl/axi_fifo_mm_s_v4_2_rfs.vhd:2768]
	Parameter C_FAMILY bound to: zynq - type: string 
	Parameter C_DEPTH bound to: 512 - type: integer 
	Parameter C_PF_THRESHOLD bound to: 507 - type: integer 
	Parameter C_PE_THRESHOLD bound to: 5 - type: integer 
	Parameter C_FIFO_GEN_TYPE bound to: 1 - type: integer 
	Parameter C_DATA_COUNT_WIDTH bound to: 9 - type: integer 
	Parameter C_HAS_AXIS_TID bound to: 0 - type: integer 
	Parameter C_HAS_AXIS_TDEST bound to: 1 - type: integer 
	Parameter C_HAS_AXIS_TUSER bound to: 0 - type: integer 
	Parameter C_HAS_AXIS_TLAST bound to: 1 - type: integer 
	Parameter C_HAS_AXIS_TSTRB bound to: 1 - type: integer 
	Parameter C_HAS_AXIS_TKEEP bound to: 0 - type: integer 
	Parameter C_AXIS_TDATA_WIDTH bound to: 32 - type: integer 
	Parameter C_AXIS_TID_WIDTH bound to: 4 - type: integer 
	Parameter C_AXIS_TDEST_WIDTH bound to: 4 - type: integer 
	Parameter C_AXIS_TUSER_WIDTH bound to: 4 - type: integer 
	Parameter CLOCKING_MODE bound to: COMMON - type: string 
	Parameter FIFO_MEMORY_TYPE bound to: BRAM - type: string 
	Parameter PACKET_FIFO bound to: true - type: string 
	Parameter FIFO_DEPTH bound to: 512 - type: integer 
	Parameter TDATA_WIDTH bound to: 32 - type: integer 
	Parameter TID_WIDTH bound to: 4 - type: integer 
	Parameter TDEST_WIDTH bound to: 4 - type: integer 
	Parameter TUSER_WIDTH bound to: 4 - type: integer 
	Parameter ECC_MODE bound to: NO_ECC - type: string 
	Parameter RELATED_CLOCKS bound to: 0 - type: integer 
	Parameter USE_ADV_FEATURES bound to: 1606 - type: string 
	Parameter WR_DATA_COUNT_WIDTH bound to: 10 - type: integer 
	Parameter RD_DATA_COUNT_WIDTH bound to: 10 - type: integer 
	Parameter PROG_FULL_THRESH bound to: 507 - type: integer 
	Parameter PROG_EMPTY_THRESH bound to: 5 - type: integer 
	Parameter SIM_ASSERT_CHK bound to: 0 - type: integer 
	Parameter CDC_SYNC_STAGES bound to: 2 - type: integer 
INFO: [Synth 8-3491] module 'xpm_fifo_axis' declared at '/opt/vivado/Vivado/2019.1/data/ip/xpm/xpm_fifo/hdl/xpm_fifo.sv:2219' bound to instance 'COMP_FIFO' of component 'xpm_fifo_axis' [/home/phirasit/project/san-adapter/iscsi_fpga/iscsi_fpga.srcs/sources_1/bd/design_1/ipshared/fd10/hdl/axi_fifo_mm_s_v4_2_rfs.vhd:2939]
INFO: [Synth 8-6157] synthesizing module 'xpm_fifo_axis' [/opt/vivado/Vivado/2019.1/data/ip/xpm/xpm_fifo/hdl/xpm_fifo.sv:2219]
	Parameter CLOCKING_MODE bound to: COMMON - type: string 
	Parameter FIFO_MEMORY_TYPE bound to: BRAM - type: string 
	Parameter PACKET_FIFO bound to: true - type: string 
	Parameter FIFO_DEPTH bound to: 512 - type: integer 
	Parameter TDATA_WIDTH bound to: 32 - type: integer 
	Parameter TID_WIDTH bound to: 4 - type: integer 
	Parameter TDEST_WIDTH bound to: 4 - type: integer 
	Parameter TUSER_WIDTH bound to: 4 - type: integer 
	Parameter SIM_ASSERT_CHK bound to: 0 - type: integer 
	Parameter ECC_MODE bound to: NO_ECC - type: string 
	Parameter RELATED_CLOCKS bound to: 0 - type: integer 
	Parameter USE_ADV_FEATURES bound to: 1606 - type: string 
	Parameter WR_DATA_COUNT_WIDTH bound to: 10 - type: integer 
	Parameter RD_DATA_COUNT_WIDTH bound to: 10 - type: integer 
	Parameter PROG_FULL_THRESH bound to: 507 - type: integer 
	Parameter PROG_EMPTY_THRESH bound to: 5 - type: integer 
	Parameter CDC_SYNC_STAGES bound to: 2 - type: integer 
	Parameter EN_ADV_FEATURE_AXIS bound to: 16'b0001011000000110 
	Parameter EN_ALMOST_FULL_INT bound to: 1'b1 
	Parameter EN_ALMOST_EMPTY_INT bound to: 1'b1 
	Parameter EN_DATA_VALID_INT bound to: 1'b1 
	Parameter EN_ADV_FEATURE_AXIS_INT bound to: 16'b0001111000001110 
	Parameter USE_ADV_FEATURES_INT bound to: 826617925 - type: integer 
	Parameter PKT_SIZE_LT8 bound to: 1'b0 
	Parameter LOG_DEPTH_AXIS bound to: 9 - type: integer 
	Parameter TDATA_OFFSET bound to: 32 - type: integer 
	Parameter TSTRB_OFFSET bound to: 36 - type: integer 
	Parameter TKEEP_OFFSET bound to: 40 - type: integer 
	Parameter TID_OFFSET bound to: 44 - type: integer 
	Parameter TDEST_OFFSET bound to: 48 - type: integer 
	Parameter TUSER_OFFSET bound to: 52 - type: integer 
	Parameter AXIS_DATA_WIDTH bound to: 53 - type: integer 
	Parameter P_COMMON_CLOCK bound to: 1 - type: integer 
	Parameter P_FIFO_MEMORY_TYPE bound to: 2 - type: integer 
	Parameter P_ECC_MODE bound to: 0 - type: integer 
	Parameter P_PKT_MODE bound to: 1 - type: integer 
	Parameter AXIS_FINAL_DATA_WIDTH bound to: 53 - type: integer 
	Parameter TUSER_MAX_WIDTH bound to: 4047 - type: integer 
INFO: [Synth 8-6059] Synth Info: [XPM_FIFO_AXIS 21-1] Almost full flag option is not enabled (USE_ADV_FEATURES[3] = 1'b0) but Packet FIFO mode requires almost_full to be enabled. XPM_FIFO_AXIS enables the Almost full flag automatically. You may ignore almost_full port if not required   [/opt/vivado/Vivado/2019.1/data/ip/xpm/xpm_fifo/hdl/xpm_fifo.sv:2438]
INFO: [Synth 8-6059] Synth Info: [XPM_FIFO_AXIS 21-1] Almost empty flag option is not enabled (USE_ADV_FEATURES[11] = 1'b0) but Packet FIFO mode requires almost_empty to be enabled. XPM_FIFO_AXIS enables the Almost empty flag automatically. You may ignore almost_empty port if not required   [/opt/vivado/Vivado/2019.1/data/ip/xpm/xpm_fifo/hdl/xpm_fifo.sv:2441]
INFO: [Synth 8-6157] synthesizing module 'xpm_cdc_sync_rst' [/opt/vivado/Vivado/2019.1/data/ip/xpm/xpm_cdc/hdl/xpm_cdc.sv:1059]
	Parameter DEST_SYNC_FF bound to: 4 - type: integer 
	Parameter INIT bound to: 32'sb00000000000000000000000000000000 
	Parameter INIT_SYNC_FF bound to: 1 - type: integer 
	Parameter SIM_ASSERT_CHK bound to: 0 - type: integer 
	Parameter VERSION bound to: 0 - type: integer 
	Parameter DEF_VAL bound to: 1'b0 
INFO: [Synth 8-5534] Detected attribute (* ASYNC_REG = "TRUE" *) [/opt/vivado/Vivado/2019.1/data/ip/xpm/xpm_cdc/hdl/xpm_cdc.sv:1111]
INFO: [Synth 8-6155] done synthesizing module 'xpm_cdc_sync_rst' (5#1) [/opt/vivado/Vivado/2019.1/data/ip/xpm/xpm_cdc/hdl/xpm_cdc.sv:1059]
INFO: [Synth 8-6157] synthesizing module 'xpm_fifo_base' [/opt/vivado/Vivado/2019.1/data/ip/xpm/xpm_fifo/hdl/xpm_fifo.sv:56]
	Parameter COMMON_CLOCK bound to: 1 - type: integer 
	Parameter RELATED_CLOCKS bound to: 0 - type: integer 
	Parameter FIFO_MEMORY_TYPE bound to: 2 - type: integer 
	Parameter ECC_MODE bound to: 0 - type: integer 
	Parameter SIM_ASSERT_CHK bound to: 0 - type: integer 
	Parameter FIFO_WRITE_DEPTH bound to: 512 - type: integer 
	Parameter WRITE_DATA_WIDTH bound to: 53 - type: integer 
	Parameter WR_DATA_COUNT_WIDTH bound to: 10 - type: integer 
	Parameter PROG_FULL_THRESH bound to: 507 - type: integer 
	Parameter USE_ADV_FEATURES bound to: 826617925 - type: integer 
	Parameter READ_MODE bound to: 1 - type: integer 
	Parameter FIFO_READ_LATENCY bound to: 0 - type: integer 
	Parameter READ_DATA_WIDTH bound to: 53 - type: integer 
	Parameter RD_DATA_COUNT_WIDTH bound to: 10 - type: integer 
	Parameter PROG_EMPTY_THRESH bound to: 5 - type: integer 
	Parameter DOUT_RESET_VALUE bound to: (null) - type: string 
	Parameter CDC_DEST_SYNC_FF bound to: 2 - type: integer 
	Parameter FULL_RESET_VALUE bound to: 1 - type: integer 
	Parameter REMOVE_WR_RD_PROT_LOGIC bound to: 0 - type: integer 
	Parameter WAKEUP_TIME bound to: 0 - type: integer 
	Parameter VERSION bound to: 0 - type: integer 
	Parameter invalid bound to: 0 - type: integer 
	Parameter stage1_valid bound to: 2 - type: integer 
	Parameter stage2_valid bound to: 1 - type: integer 
	Parameter both_stages_valid bound to: 3 - type: integer 
	Parameter FIFO_MEM_TYPE bound to: 2 - type: integer 
	Parameter RD_MODE bound to: 1 - type: integer 
	Parameter ENABLE_ECC bound to: 0 - type: integer 
	Parameter FIFO_READ_DEPTH bound to: 512 - type: integer 
	Parameter FIFO_SIZE bound to: 27136 - type: integer 
	Parameter WR_WIDTH_LOG bound to: 6 - type: integer 
	Parameter WR_DEPTH_LOG bound to: 9 - type: integer 
	Parameter WR_PNTR_WIDTH bound to: 9 - type: integer 
	Parameter RD_PNTR_WIDTH bound to: 9 - type: integer 
	Parameter FULL_RST_VAL bound to: 1'b1 
	Parameter WR_RD_RATIO bound to: 0 - type: integer 
	Parameter PF_THRESH_ADJ bound to: 505 - type: integer 
	Parameter PE_THRESH_ADJ bound to: 3 - type: integer 
	Parameter PF_THRESH_MIN bound to: 5 - type: integer 
	Parameter PF_THRESH_MAX bound to: 507 - type: integer 
	Parameter PE_THRESH_MIN bound to: 5 - type: integer 
	Parameter PE_THRESH_MAX bound to: 507 - type: integer 
	Parameter WR_DC_WIDTH_EXT bound to: 10 - type: integer 
	Parameter RD_DC_WIDTH_EXT bound to: 10 - type: integer 
	Parameter RD_LATENCY bound to: 2 - type: integer 
	Parameter WIDTH_RATIO bound to: 1 - type: integer 
	Parameter EN_ADV_FEATURE bound to: 16'b0001111000001110 
	Parameter EN_OF bound to: 1'b0 
	Parameter EN_PF bound to: 1'b1 
	Parameter EN_WDC bound to: 1'b1 
	Parameter EN_AF bound to: 1'b1 
	Parameter EN_WACK bound to: 1'b0 
	Parameter FG_EQ_ASYM_DOUT bound to: 1'b0 
	Parameter EN_UF bound to: 1'b0 
	Parameter EN_PE bound to: 1'b1 
	Parameter EN_RDC bound to: 1'b1 
	Parameter EN_AE bound to: 1'b1 
	Parameter EN_DVLD bound to: 1'b1 
INFO: [Synth 8-6157] synthesizing module 'xpm_counter_updn' [/opt/vivado/Vivado/2019.1/data/ip/xpm/xpm_fifo/hdl/xpm_fifo.sv:1740]
	Parameter COUNTER_WIDTH bound to: 9 - type: integer 
	Parameter RESET_VALUE bound to: 3 - type: integer 
INFO: [Synth 8-6155] done synthesizing module 'xpm_counter_updn' (6#1) [/opt/vivado/Vivado/2019.1/data/ip/xpm/xpm_fifo/hdl/xpm_fifo.sv:1740]
INFO: [Synth 8-6157] synthesizing module 'xpm_counter_updn__parameterized0' [/opt/vivado/Vivado/2019.1/data/ip/xpm/xpm_fifo/hdl/xpm_fifo.sv:1740]
	Parameter COUNTER_WIDTH bound to: 9 - type: integer 
	Parameter RESET_VALUE bound to: 2 - type: integer 
INFO: [Synth 8-6155] done synthesizing module 'xpm_counter_updn__parameterized0' (6#1) [/opt/vivado/Vivado/2019.1/data/ip/xpm/xpm_fifo/hdl/xpm_fifo.sv:1740]
INFO: [Synth 8-6157] synthesizing module 'xpm_memory_base' [/opt/vivado/Vivado/2019.1/data/ip/xpm/xpm_memory/hdl/xpm_memory.sv:57]
	Parameter MEMORY_TYPE bound to: 1 - type: integer 
	Parameter MEMORY_SIZE bound to: 27136 - type: integer 
	Parameter MEMORY_PRIMITIVE bound to: 2 - type: integer 
	Parameter CLOCKING_MODE bound to: 0 - type: integer 
	Parameter ECC_MODE bound to: 0 - type: integer 
	Parameter MEMORY_INIT_FILE bound to: none - type: string 
	Parameter MEMORY_INIT_PARAM bound to: (null) - type: string 
	Parameter USE_MEM_INIT bound to: 0 - type: integer 
	Parameter MEMORY_OPTIMIZATION bound to: true - type: string 
	Parameter WAKEUP_TIME bound to: 0 - type: integer 
	Parameter AUTO_SLEEP_TIME bound to: 0 - type: integer 
	Parameter MESSAGE_CONTROL bound to: 0 - type: integer 
	Parameter VERSION bound to: 0 - type: integer 
	Parameter USE_EMBEDDED_CONSTRAINT bound to: 0 - type: integer 
	Parameter CASCADE_HEIGHT bound to: 0 - type: integer 
	Parameter SIM_ASSERT_CHK bound to: 0 - type: integer 
	Parameter WRITE_DATA_WIDTH_A bound to: 53 - type: integer 
	Parameter READ_DATA_WIDTH_A bound to: 53 - type: integer 
	Parameter BYTE_WRITE_WIDTH_A bound to: 53 - type: integer 
	Parameter ADDR_WIDTH_A bound to: 9 - type: integer 
	Parameter READ_RESET_VALUE_A bound to: 0 - type: string 
	Parameter READ_LATENCY_A bound to: 2 - type: integer 
	Parameter WRITE_MODE_A bound to: 2 - type: integer 
	Parameter RST_MODE_A bound to: SYNC - type: string 
	Parameter WRITE_DATA_WIDTH_B bound to: 53 - type: integer 
	Parameter READ_DATA_WIDTH_B bound to: 53 - type: integer 
	Parameter BYTE_WRITE_WIDTH_B bound to: 53 - type: integer 
	Parameter ADDR_WIDTH_B bound to: 9 - type: integer 
	Parameter READ_RESET_VALUE_B bound to: (null) - type: string 
	Parameter READ_LATENCY_B bound to: 2 - type: integer 
	Parameter WRITE_MODE_B bound to: 2 - type: integer 
	Parameter RST_MODE_B bound to: SYNC - type: string 
	Parameter P_MEMORY_PRIMITIVE bound to: block - type: string 
	Parameter P_MIN_WIDTH_DATA_A bound to: 53 - type: integer 
	Parameter P_MIN_WIDTH_DATA_B bound to: 53 - type: integer 
	Parameter P_MIN_WIDTH_DATA bound to: 53 - type: integer 
	Parameter P_MIN_WIDTH_DATA_ECC bound to: 53 - type: integer 
	Parameter P_MAX_DEPTH_DATA bound to: 512 - type: integer 
	Parameter P_ECC_MODE bound to: no_ecc - type: string 
	Parameter P_MEMORY_OPT bound to: yes - type: string 
	Parameter P_WIDTH_COL_WRITE_A bound to: 53 - type: integer 
	Parameter P_WIDTH_COL_WRITE_B bound to: 53 - type: integer 
	Parameter P_NUM_COLS_WRITE_A bound to: 1 - type: integer 
	Parameter P_NUM_COLS_WRITE_B bound to: 1 - type: integer 
	Parameter P_NUM_ROWS_WRITE_A bound to: 1 - type: integer 
	Parameter P_NUM_ROWS_WRITE_B bound to: 1 - type: integer 
	Parameter P_NUM_ROWS_READ_A bound to: 1 - type: integer 
	Parameter P_NUM_ROWS_READ_B bound to: 1 - type: integer 
	Parameter P_WIDTH_ADDR_WRITE_A bound to: 9 - type: integer 
	Parameter P_WIDTH_ADDR_WRITE_B bound to: 9 - type: integer 
	Parameter P_WIDTH_ADDR_READ_A bound to: 9 - type: integer 
	Parameter P_WIDTH_ADDR_READ_B bound to: 9 - type: integer 
	Parameter P_WIDTH_ADDR_LSB_WRITE_A bound to: 0 - type: integer 
	Parameter P_WIDTH_ADDR_LSB_WRITE_B bound to: 0 - type: integer 
	Parameter P_WIDTH_ADDR_LSB_READ_A bound to: 0 - type: integer 
	Parameter P_WIDTH_ADDR_LSB_READ_B bound to: 0 - type: integer 
	Parameter P_ENABLE_BYTE_WRITE_A bound to: 0 - type: integer 
	Parameter P_ENABLE_BYTE_WRITE_B bound to: 0 - type: integer 
	Parameter P_SDP_WRITE_MODE bound to: no - type: string 
	Parameter rsta_loop_iter bound to: 56 - type: integer 
	Parameter rstb_loop_iter bound to: 56 - type: integer 
	Parameter NUM_CHAR_LOC bound to: 0 - type: integer 
	Parameter MAX_NUM_CHAR bound to: 0 - type: integer 
	Parameter P_MIN_WIDTH_DATA_SHFT bound to: 53 - type: integer 
	Parameter P_MIN_WIDTH_DATA_LDW bound to: 4 - type: integer 
WARNING: [Synth 8-6014] Unused sequential element gen_rd_b.gen_doutb_pipe.enb_pipe_reg[0] was removed.  [/opt/vivado/Vivado/2019.1/data/ip/xpm/xpm_memory/hdl/xpm_memory.sv:2882]
INFO: [Synth 8-5772] Detected attribute (* rw_addr_collision = "no" *) on RAM gen_wr_a.gen_word_narrow.mem_reg 
INFO: [Synth 8-5772] Detected attribute (* ram_ecc = "no_ecc" *) on RAM gen_wr_a.gen_word_narrow.mem_reg 
INFO: [Synth 8-6155] done synthesizing module 'xpm_memory_base' (7#1) [/opt/vivado/Vivado/2019.1/data/ip/xpm/xpm_memory/hdl/xpm_memory.sv:57]
INFO: [Synth 8-6157] synthesizing module 'xpm_fifo_reg_bit' [/opt/vivado/Vivado/2019.1/data/ip/xpm/xpm_fifo/hdl/xpm_fifo.sv:1788]
	Parameter RST_VALUE bound to: 0 - type: integer 
INFO: [Synth 8-6155] done synthesizing module 'xpm_fifo_reg_bit' (8#1) [/opt/vivado/Vivado/2019.1/data/ip/xpm/xpm_fifo/hdl/xpm_fifo.sv:1788]
INFO: [Synth 8-226] default block is never used [/opt/vivado/Vivado/2019.1/data/ip/xpm/xpm_fifo/hdl/xpm_fifo.sv:1187]
INFO: [Synth 8-226] default block is never used [/opt/vivado/Vivado/2019.1/data/ip/xpm/xpm_fifo/hdl/xpm_fifo.sv:1233]
INFO: [Synth 8-226] default block is never used [/opt/vivado/Vivado/2019.1/data/ip/xpm/xpm_fifo/hdl/xpm_fifo.sv:1244]
INFO: [Synth 8-6157] synthesizing module 'xpm_counter_updn__parameterized1' [/opt/vivado/Vivado/2019.1/data/ip/xpm/xpm_fifo/hdl/xpm_fifo.sv:1740]
	Parameter COUNTER_WIDTH bound to: 2 - type: integer 
	Parameter RESET_VALUE bound to: 0 - type: integer 
INFO: [Synth 8-6155] done synthesizing module 'xpm_counter_updn__parameterized1' (8#1) [/opt/vivado/Vivado/2019.1/data/ip/xpm/xpm_fifo/hdl/xpm_fifo.sv:1740]
INFO: [Synth 8-6157] synthesizing module 'xpm_fifo_rst' [/opt/vivado/Vivado/2019.1/data/ip/xpm/xpm_fifo/hdl/xpm_fifo.sv:1504]
	Parameter COMMON_CLOCK bound to: 1 - type: integer 
	Parameter CDC_DEST_SYNC_FF bound to: 2 - type: integer 
	Parameter SIM_ASSERT_CHK bound to: 0 - type: integer 
INFO: [Synth 8-6155] done synthesizing module 'xpm_fifo_rst' (9#1) [/opt/vivado/Vivado/2019.1/data/ip/xpm/xpm_fifo/hdl/xpm_fifo.sv:1504]
INFO: [Synth 8-6157] synthesizing module 'xpm_counter_updn__parameterized2' [/opt/vivado/Vivado/2019.1/data/ip/xpm/xpm_fifo/hdl/xpm_fifo.sv:1740]
	Parameter COUNTER_WIDTH bound to: 10 - type: integer 
	Parameter RESET_VALUE bound to: 0 - type: integer 
INFO: [Synth 8-6155] done synthesizing module 'xpm_counter_updn__parameterized2' (9#1) [/opt/vivado/Vivado/2019.1/data/ip/xpm/xpm_fifo/hdl/xpm_fifo.sv:1740]
INFO: [Synth 8-6157] synthesizing module 'xpm_counter_updn__parameterized3' [/opt/vivado/Vivado/2019.1/data/ip/xpm/xpm_fifo/hdl/xpm_fifo.sv:1740]
	Parameter COUNTER_WIDTH bound to: 9 - type: integer 
	Parameter RESET_VALUE bound to: 1 - type: integer 
INFO: [Synth 8-6155] done synthesizing module 'xpm_counter_updn__parameterized3' (9#1) [/opt/vivado/Vivado/2019.1/data/ip/xpm/xpm_fifo/hdl/xpm_fifo.sv:1740]
WARNING: [Synth 8-6014] Unused sequential element gdvld.data_valid_std_reg was removed.  [/opt/vivado/Vivado/2019.1/data/ip/xpm/xpm_fifo/hdl/xpm_fifo.sv:523]
WARNING: [Synth 8-6014] Unused sequential element gen_pntr_flags_cc.gae_cc_std.ram_aempty_i_reg was removed.  [/opt/vivado/Vivado/2019.1/data/ip/xpm/xpm_fifo/hdl/xpm_fifo.sv:951]
INFO: [Synth 8-5772] Detected attribute (* rw_addr_collision = "no" *) on RAM gen_wr_a.gen_word_narrow.mem_reg 
INFO: [Synth 8-4471] merging register 'gen_fwft.empty_fwft_fb_reg' into 'gen_fwft.empty_fwft_i_reg' [/opt/vivado/Vivado/2019.1/data/ip/xpm/xpm_fifo/hdl/xpm_fifo.sv:1292]
WARNING: [Synth 8-6014] Unused sequential element gen_fwft.empty_fwft_fb_reg was removed.  [/opt/vivado/Vivado/2019.1/data/ip/xpm/xpm_fifo/hdl/xpm_fifo.sv:1292]
INFO: [Synth 8-6155] done synthesizing module 'xpm_fifo_base' (10#1) [/opt/vivado/Vivado/2019.1/data/ip/xpm/xpm_fifo/hdl/xpm_fifo.sv:56]
INFO: [Synth 8-5772] Detected attribute (* rw_addr_collision = "no" *) on RAM gen_wr_a.gen_word_narrow.mem_reg 
INFO: [Synth 8-6155] done synthesizing module 'xpm_fifo_axis' (11#1) [/opt/vivado/Vivado/2019.1/data/ip/xpm/xpm_fifo/hdl/xpm_fifo.sv:2219]
INFO: [Synth 8-5772] Detected attribute (* rw_addr_collision = "no" *) on RAM gen_wr_a.gen_word_narrow.mem_reg 
INFO: [Synth 8-256] done synthesizing module 'axis_fg' (12#1) [/home/phirasit/project/san-adapter/iscsi_fpga/iscsi_fpga.srcs/sources_1/bd/design_1/ipshared/fd10/hdl/axi_fifo_mm_s_v4_2_rfs.vhd:2768]
INFO: [Synth 8-5772] Detected attribute (* rw_addr_collision = "no" *) on RAM gen_wr_a.gen_word_narrow.mem_reg 
INFO: [Synth 8-256] done synthesizing module 'fifo' (13#1) [/home/phirasit/project/san-adapter/iscsi_fpga/iscsi_fpga.srcs/sources_1/bd/design_1/ipshared/fd10/hdl/axi_fifo_mm_s_v4_2_rfs.vhd:3162]
WARNING: [Synth 8-6014] Unused sequential element sig_rx_channel_reset_reg was removed.  [/home/phirasit/project/san-adapter/iscsi_fpga/iscsi_fpga.srcs/sources_1/bd/design_1/ipshared/fd10/hdl/axi_fifo_mm_s_v4_2_rfs.vhd:3992]
WARNING: [Synth 8-6014] Unused sequential element sig_rxd_rd_en_reg was removed.  [/home/phirasit/project/san-adapter/iscsi_fpga/iscsi_fpga.srcs/sources_1/bd/design_1/ipshared/fd10/hdl/axi_fifo_mm_s_v4_2_rfs.vhd:3996]
WARNING: [Synth 8-6014] Unused sequential element sig_ip2bus_data_mux_reg was removed.  [/home/phirasit/project/san-adapter/iscsi_fpga/iscsi_fpga.srcs/sources_1/bd/design_1/ipshared/fd10/hdl/axi_fifo_mm_s_v4_2_rfs.vhd:4000]
WARNING: [Synth 8-6014] Unused sequential element sig_rd_decode_reg was removed.  [/home/phirasit/project/san-adapter/iscsi_fpga/iscsi_fpga.srcs/sources_1/bd/design_1/ipshared/fd10/hdl/axi_fifo_mm_s_v4_2_rfs.vhd:4003]
WARNING: [Synth 8-6014] Unused sequential element sig_rd_rlen_reg was removed.  [/home/phirasit/project/san-adapter/iscsi_fpga/iscsi_fpga.srcs/sources_1/bd/design_1/ipshared/fd10/hdl/axi_fifo_mm_s_v4_2_rfs.vhd:4004]
INFO: [Synth 8-5772] Detected attribute (* rw_addr_collision = "no" *) on RAM gen_wr_a.gen_word_narrow.mem_reg 
INFO: [Synth 8-256] done synthesizing module 'ipic2axi_s' (14#1) [/home/phirasit/project/san-adapter/iscsi_fpga/iscsi_fpga.srcs/sources_1/bd/design_1/ipshared/fd10/hdl/axi_fifo_mm_s_v4_2_rfs.vhd:3615]
INFO: [Synth 8-5772] Detected attribute (* rw_addr_collision = "no" *) on RAM gen_wr_a.gen_word_narrow.mem_reg 
INFO: [Synth 8-256] done synthesizing module 'axi_fifo_mm_s' (15#1) [/home/phirasit/project/san-adapter/iscsi_fpga/iscsi_fpga.srcs/sources_1/bd/design_1/ipshared/fd10/hdl/axi_fifo_mm_s_v4_2_rfs.vhd:4795]
INFO: [Synth 8-5772] Detected attribute (* rw_addr_collision = "no" *) on RAM gen_wr_a.gen_word_narrow.mem_reg 
INFO: [Synth 8-256] done synthesizing module 'design_1_axi_fifo_mm_s_0_0' (16#1) [/home/phirasit/project/san-adapter/iscsi_fpga/iscsi_fpga.srcs/sources_1/bd/design_1/ip/design_1_axi_fifo_mm_s_0_0/synth/design_1_axi_fifo_mm_s_0_0.vhd:89]
WARNING: [Synth 8-3331] design xpm_fifo_rst has unconnected port rd_clk
WARNING: [Synth 8-3331] design xpm_memory_base has unconnected port sleep
WARNING: [Synth 8-3331] design xpm_memory_base has unconnected port rsta
WARNING: [Synth 8-3331] design xpm_memory_base has unconnected port regcea
WARNING: [Synth 8-3331] design xpm_memory_base has unconnected port injectsbiterra
WARNING: [Synth 8-3331] design xpm_memory_base has unconnected port injectdbiterra
WARNING: [Synth 8-3331] design xpm_memory_base has unconnected port clkb
WARNING: [Synth 8-3331] design xpm_memory_base has unconnected port dinb[52]
WARNING: [Synth 8-3331] design xpm_memory_base has unconnected port dinb[51]
WARNING: [Synth 8-3331] design xpm_memory_base has unconnected port dinb[50]
WARNING: [Synth 8-3331] design xpm_memory_base has unconnected port dinb[49]
WARNING: [Synth 8-3331] design xpm_memory_base has unconnected port dinb[48]
WARNING: [Synth 8-3331] design xpm_memory_base has unconnected port dinb[47]
WARNING: [Synth 8-3331] design xpm_memory_base has unconnected port dinb[46]
WARNING: [Synth 8-3331] design xpm_memory_base has unconnected port dinb[45]
WARNING: [Synth 8-3331] design xpm_memory_base has unconnected port dinb[44]
WARNING: [Synth 8-3331] design xpm_memory_base has unconnected port dinb[43]
WARNING: [Synth 8-3331] design xpm_memory_base has unconnected port dinb[42]
WARNING: [Synth 8-3331] design xpm_memory_base has unconnected port dinb[41]
WARNING: [Synth 8-3331] design xpm_memory_base has unconnected port dinb[40]
WARNING: [Synth 8-3331] design xpm_memory_base has unconnected port dinb[39]
WARNING: [Synth 8-3331] design xpm_memory_base has unconnected port dinb[38]
WARNING: [Synth 8-3331] design xpm_memory_base has unconnected port dinb[37]
WARNING: [Synth 8-3331] design xpm_memory_base has unconnected port dinb[36]
WARNING: [Synth 8-3331] design xpm_memory_base has unconnected port dinb[35]
WARNING: [Synth 8-3331] design xpm_memory_base has unconnected port dinb[34]
WARNING: [Synth 8-3331] design xpm_memory_base has unconnected port dinb[33]
WARNING: [Synth 8-3331] design xpm_memory_base has unconnected port dinb[32]
WARNING: [Synth 8-3331] design xpm_memory_base has unconnected port dinb[31]
WARNING: [Synth 8-3331] design xpm_memory_base has unconnected port dinb[30]
WARNING: [Synth 8-3331] design xpm_memory_base has unconnected port dinb[29]
WARNING: [Synth 8-3331] design xpm_memory_base has unconnected port dinb[28]
WARNING: [Synth 8-3331] design xpm_memory_base has unconnected port dinb[27]
WARNING: [Synth 8-3331] design xpm_memory_base has unconnected port dinb[26]
WARNING: [Synth 8-3331] design xpm_memory_base has unconnected port dinb[25]
WARNING: [Synth 8-3331] design xpm_memory_base has unconnected port dinb[24]
WARNING: [Synth 8-3331] design xpm_memory_base has unconnected port dinb[23]
WARNING: [Synth 8-3331] design xpm_memory_base has unconnected port dinb[22]
WARNING: [Synth 8-3331] design xpm_memory_base has unconnected port dinb[21]
WARNING: [Synth 8-3331] design xpm_memory_base has unconnected port dinb[20]
WARNING: [Synth 8-3331] design xpm_memory_base has unconnected port dinb[19]
WARNING: [Synth 8-3331] design xpm_memory_base has unconnected port dinb[18]
WARNING: [Synth 8-3331] design xpm_memory_base has unconnected port dinb[17]
WARNING: [Synth 8-3331] design xpm_memory_base has unconnected port dinb[16]
WARNING: [Synth 8-3331] design xpm_memory_base has unconnected port dinb[15]
WARNING: [Synth 8-3331] design xpm_memory_base has unconnected port dinb[14]
WARNING: [Synth 8-3331] design xpm_memory_base has unconnected port dinb[13]
WARNING: [Synth 8-3331] design xpm_memory_base has unconnected port dinb[12]
WARNING: [Synth 8-3331] design xpm_memory_base has unconnected port dinb[11]
WARNING: [Synth 8-3331] design xpm_memory_base has unconnected port dinb[10]
WARNING: [Synth 8-3331] design xpm_memory_base has unconnected port dinb[9]
WARNING: [Synth 8-3331] design xpm_memory_base has unconnected port dinb[8]
WARNING: [Synth 8-3331] design xpm_memory_base has unconnected port dinb[7]
WARNING: [Synth 8-3331] design xpm_memory_base has unconnected port dinb[6]
WARNING: [Synth 8-3331] design xpm_memory_base has unconnected port dinb[5]
WARNING: [Synth 8-3331] design xpm_memory_base has unconnected port dinb[4]
WARNING: [Synth 8-3331] design xpm_memory_base has unconnected port dinb[3]
WARNING: [Synth 8-3331] design xpm_memory_base has unconnected port dinb[2]
WARNING: [Synth 8-3331] design xpm_memory_base has unconnected port dinb[1]
WARNING: [Synth 8-3331] design xpm_memory_base has unconnected port dinb[0]
WARNING: [Synth 8-3331] design xpm_memory_base has unconnected port injectsbiterrb
WARNING: [Synth 8-3331] design xpm_memory_base has unconnected port injectdbiterrb
WARNING: [Synth 8-3331] design xpm_fifo_axis has unconnected port m_aclk
WARNING: [Synth 8-3331] design fifo has unconnected port rd_en
WARNING: [Synth 8-3331] design fifo has unconnected port wr_data[0]
WARNING: [Synth 8-3331] design fifo has unconnected port mm2s_tstrb[3]
WARNING: [Synth 8-3331] design fifo has unconnected port mm2s_tstrb[2]
WARNING: [Synth 8-3331] design fifo has unconnected port mm2s_tstrb[1]
WARNING: [Synth 8-3331] design fifo has unconnected port mm2s_tstrb[0]
WARNING: [Synth 8-3331] design fifo has unconnected port s2mm_tstrb[3]
WARNING: [Synth 8-3331] design fifo has unconnected port s2mm_tstrb[2]
WARNING: [Synth 8-3331] design fifo has unconnected port s2mm_tstrb[1]
WARNING: [Synth 8-3331] design fifo has unconnected port s2mm_tstrb[0]
WARNING: [Synth 8-3331] design fifo has unconnected port s2mm_tdest[3]
WARNING: [Synth 8-3331] design fifo has unconnected port s2mm_tdest[2]
WARNING: [Synth 8-3331] design fifo has unconnected port s2mm_tdest[1]
WARNING: [Synth 8-3331] design fifo has unconnected port s2mm_tdest[0]
WARNING: [Synth 8-3331] design ipic2axi_s has unconnected port Bus2IP_BE[0]
WARNING: [Synth 8-3331] design ipic2axi_s has unconnected port Bus2IP_BE[1]
WARNING: [Synth 8-3331] design ipic2axi_s has unconnected port Bus2IP_BE[2]
WARNING: [Synth 8-3331] design ipic2axi_s has unconnected port Bus2IP_BE[3]
WARNING: [Synth 8-3331] design ipic2axi_s has unconnected port axil_rdata_ack
WARNING: [Synth 8-3331] design ipic2axi_s has unconnected port axi4_tdfd_en
WARNING: [Synth 8-3331] design ipic2axi_s has unconnected port axi4_rdfd_en
WARNING: [Synth 8-3331] design ipic2axi_s has unconnected port axi4_fifo_wr_en
WARNING: [Synth 8-3331] design ipic2axi_s has unconnected port S_AXI4_WDATA[0]
WARNING: [Synth 8-3331] design ipic2axi_s has unconnected port S_AXI4_WDATA[1]
WARNING: [Synth 8-3331] design ipic2axi_s has unconnected port S_AXI4_WDATA[2]
WARNING: [Synth 8-3331] design ipic2axi_s has unconnected port S_AXI4_WDATA[3]
WARNING: [Synth 8-3331] design ipic2axi_s has unconnected port S_AXI4_WDATA[4]
WARNING: [Synth 8-3331] design ipic2axi_s has unconnected port S_AXI4_WDATA[5]
WARNING: [Synth 8-3331] design ipic2axi_s has unconnected port S_AXI4_WDATA[6]
WARNING: [Synth 8-3331] design ipic2axi_s has unconnected port S_AXI4_WDATA[7]
WARNING: [Synth 8-3331] design ipic2axi_s has unconnected port S_AXI4_WDATA[8]
WARNING: [Synth 8-3331] design ipic2axi_s has unconnected port S_AXI4_WDATA[9]
WARNING: [Synth 8-3331] design ipic2axi_s has unconnected port S_AXI4_WDATA[10]
WARNING: [Synth 8-3331] design ipic2axi_s has unconnected port S_AXI4_WDATA[11]
WARNING: [Synth 8-3331] design ipic2axi_s has unconnected port S_AXI4_WDATA[12]
WARNING: [Synth 8-3331] design ipic2axi_s has unconnected port S_AXI4_WDATA[13]
WARNING: [Synth 8-3331] design ipic2axi_s has unconnected port S_AXI4_WDATA[14]
INFO: [Common 17-14] Message 'Synth 8-3331' appears 100 times and further instances of the messages will be disabled. Use the Tcl command set_msg_config to change the current settings.
---------------------------------------------------------------------------------
Finished RTL Elaboration : Time (s): cpu = 00:00:18 ; elapsed = 00:00:37 . Memory (MB): peak = 1962.078 ; gain = 304.402 ; free physical = 1773 ; free virtual = 6066
---------------------------------------------------------------------------------

Report Check Netlist: 
+------+------------------+-------+---------+-------+------------------+
|      |Item              |Errors |Warnings |Status |Description       |
+------+------------------+-------+---------+-------+------------------+
|1     |multi_driven_nets |      0|        0|Passed |Multi driven nets |
+------+------------------+-------+---------+-------+------------------+
---------------------------------------------------------------------------------
Start Handling Custom Attributes
---------------------------------------------------------------------------------
---------------------------------------------------------------------------------
Finished Handling Custom Attributes : Time (s): cpu = 00:00:19 ; elapsed = 00:00:38 . Memory (MB): peak = 1962.078 ; gain = 304.402 ; free physical = 1825 ; free virtual = 6119
---------------------------------------------------------------------------------
---------------------------------------------------------------------------------
Finished RTL Optimization Phase 1 : Time (s): cpu = 00:00:19 ; elapsed = 00:00:38 . Memory (MB): peak = 1962.078 ; gain = 304.402 ; free physical = 1826 ; free virtual = 6120
---------------------------------------------------------------------------------
INFO: [Project 1-570] Preparing netlist for logic optimization

Processing XDC Constraints
Initializing timing engine
Parsing XDC File [/home/phirasit/project/san-adapter/iscsi_fpga/iscsi_fpga.srcs/sources_1/bd/design_1/ip/design_1_axi_fifo_mm_s_0_0/design_1_axi_fifo_mm_s_0_0_ooc.xdc] for cell 'U0'
Finished Parsing XDC File [/home/phirasit/project/san-adapter/iscsi_fpga/iscsi_fpga.srcs/sources_1/bd/design_1/ip/design_1_axi_fifo_mm_s_0_0/design_1_axi_fifo_mm_s_0_0_ooc.xdc] for cell 'U0'
Parsing XDC File [/home/phirasit/project/san-adapter/iscsi_fpga/iscsi_fpga.runs/design_1_axi_fifo_mm_s_0_0_synth_1/dont_touch.xdc]
Finished Parsing XDC File [/home/phirasit/project/san-adapter/iscsi_fpga/iscsi_fpga.runs/design_1_axi_fifo_mm_s_0_0_synth_1/dont_touch.xdc]
Sourcing Tcl File [/opt/vivado/Vivado/2019.1/data/ip/xpm/xpm_cdc/tcl/xpm_cdc_sync_rst.tcl] for cell 'U0/COMP_IPIC2AXI_S/gtxd.COMP_TXD_FIFO/gfifo_gen.COMP_AXIS_FG_FIFO/COMP_FIFO/gaxis_rst_sync.xpm_cdc_sync_rst_inst'
Finished Sourcing Tcl File [/opt/vivado/Vivado/2019.1/data/ip/xpm/xpm_cdc/tcl/xpm_cdc_sync_rst.tcl] for cell 'U0/COMP_IPIC2AXI_S/gtxd.COMP_TXD_FIFO/gfifo_gen.COMP_AXIS_FG_FIFO/COMP_FIFO/gaxis_rst_sync.xpm_cdc_sync_rst_inst'
Sourcing Tcl File [/opt/vivado/Vivado/2019.1/data/ip/xpm/xpm_fifo/tcl/xpm_fifo_rst_axis.tcl] for cell 'U0/COMP_IPIC2AXI_S/gtxd.COMP_TXD_FIFO/gfifo_gen.COMP_AXIS_FG_FIFO/COMP_FIFO'
Finished Sourcing Tcl File [/opt/vivado/Vivado/2019.1/data/ip/xpm/xpm_fifo/tcl/xpm_fifo_rst_axis.tcl] for cell 'U0/COMP_IPIC2AXI_S/gtxd.COMP_TXD_FIFO/gfifo_gen.COMP_AXIS_FG_FIFO/COMP_FIFO'
INFO: [Project 1-236] Implementation specific constraints were found while reading constraint file [/opt/vivado/Vivado/2019.1/data/ip/xpm/xpm_fifo/tcl/xpm_fifo_rst_axis.tcl]. These constraints will be ignored for synthesis but will be used in implementation. Impacted constraints are listed in the file [.Xil/design_1_axi_fifo_mm_s_0_0_propImpl.xdc].
Resolution: To avoid this warning, move constraints listed in [.Xil/design_1_axi_fifo_mm_s_0_0_propImpl.xdc] to another XDC file and exclude this new file from synthesis with the used_in_synthesis property (File Properties dialog in GUI) and re-run elaboration/synthesis.
WARNING: [Constraints 18-5210] No constraints selected for write.
Resolution: This message can indicate that there are no constraints for the design, or it can indicate that the used_in flags are set such that the constraints are ignored. This later case is used when running synth_design to not write synthesis constraints to the resulting checkpoint. Instead, project constraints are read when the synthesized design is opened.
Completed Processing XDC Constraints

Netlist sorting complete. Time (s): cpu = 00:00:00 ; elapsed = 00:00:00 . Memory (MB): peak = 2118.891 ; gain = 0.000 ; free physical = 1739 ; free virtual = 6033
INFO: [Project 1-111] Unisim Transformation Summary:
No Unisim elements were transformed.

Constraint Validation Runtime : Time (s): cpu = 00:00:00.05 ; elapsed = 00:00:00.04 . Memory (MB): peak = 2118.891 ; gain = 0.000 ; free physical = 1738 ; free virtual = 6032
---------------------------------------------------------------------------------
Finished Constraint Validation : Time (s): cpu = 00:00:25 ; elapsed = 00:00:45 . Memory (MB): peak = 2118.891 ; gain = 461.215 ; free physical = 1862 ; free virtual = 6156
---------------------------------------------------------------------------------
---------------------------------------------------------------------------------
Start Loading Part and Timing Information
---------------------------------------------------------------------------------
Loading part: xc7z020clg484-1
---------------------------------------------------------------------------------
Finished Loading Part and Timing Information : Time (s): cpu = 00:00:25 ; elapsed = 00:00:45 . Memory (MB): peak = 2118.891 ; gain = 461.215 ; free physical = 1862 ; free virtual = 6156
---------------------------------------------------------------------------------
---------------------------------------------------------------------------------
Start Applying 'set_property' XDC Constraints
---------------------------------------------------------------------------------
Applied set_property DONT_TOUCH = true for U0. (constraint file  /home/phirasit/project/san-adapter/iscsi_fpga/iscsi_fpga.runs/design_1_axi_fifo_mm_s_0_0_synth_1/dont_touch.xdc, line 9).
Applied set_property DONT_TOUCH = true for U0/COMP_IPIC2AXI_S/\gtxd.COMP_TXD_FIFO /\gfifo_gen.COMP_AXIS_FG_FIFO /COMP_FIFO/\gaxis_rst_sync.xpm_cdc_sync_rst_inst . (constraint file  auto generated constraint, line ).
Applied set_property DONT_TOUCH = true for U0/COMP_IPIC2AXI_S/\gtxd.COMP_TXD_FIFO /\gfifo_gen.COMP_AXIS_FG_FIFO /COMP_FIFO. (constraint file  auto generated constraint, line ).
---------------------------------------------------------------------------------
Finished applying 'set_property' XDC Constraints : Time (s): cpu = 00:00:25 ; elapsed = 00:00:45 . Memory (MB): peak = 2118.891 ; gain = 461.215 ; free physical = 1862 ; free virtual = 6156
---------------------------------------------------------------------------------
INFO: [Synth 8-802] inferred FSM for state register 'state_reg' in module 'slave_attachment'
INFO: [Synth 8-5818] HDL ADVISOR - The operator resource <adder> is shared. To prevent sharing consider applying a KEEP on the output of the operator [/opt/vivado/Vivado/2019.1/data/ip/xpm/xpm_fifo/hdl/xpm_fifo.sv:1056]
INFO: [Synth 8-802] inferred FSM for state register 'gen_fwft.curr_fwft_state_reg' in module 'xpm_fifo_base'
INFO: [Synth 8-5818] HDL ADVISOR - The operator resource <adder> is shared. To prevent sharing consider applying a KEEP on the output of the operator [/opt/vivado/Vivado/2019.1/data/ip/xpm/xpm_fifo/hdl/xpm_fifo.sv:2568]
---------------------------------------------------------------------------------------------------
                   State |                     New Encoding |                Previous Encoding 
---------------------------------------------------------------------------------------------------
                 sm_idle |                             0010 |                               00
                 sm_read |                             1000 |                               01
                sm_write |                             0100 |                               10
                 sm_resp |                             0001 |                               11
---------------------------------------------------------------------------------------------------
INFO: [Synth 8-3354] encoded FSM with state register 'state_reg' using encoding 'one-hot' in module 'slave_attachment'
INFO: [Synth 8-5775] Found 'rw_addr_collision' attribute set to 'no' on SDP RAM gen_wr_a.gen_word_narrow.mem_reg. Setting write mode to NO_CHANGE 
---------------------------------------------------------------------------------------------------
                   State |                     New Encoding |                Previous Encoding 
---------------------------------------------------------------------------------------------------
                 invalid |                               00 |                               00
            stage1_valid |                               01 |                               10
       both_stages_valid |                               10 |                               11
            stage2_valid |                               11 |                               01
---------------------------------------------------------------------------------------------------
INFO: [Synth 8-3354] encoded FSM with state register 'gen_fwft.curr_fwft_state_reg' using encoding 'sequential' in module 'xpm_fifo_base'
---------------------------------------------------------------------------------
Finished RTL Optimization Phase 2 : Time (s): cpu = 00:00:26 ; elapsed = 00:00:46 . Memory (MB): peak = 2118.891 ; gain = 461.215 ; free physical = 1880 ; free virtual = 6175
---------------------------------------------------------------------------------

Report RTL Partitions: 
+-+--------------+------------+----------+
| |RTL Partition |Replication |Instances |
+-+--------------+------------+----------+
+-+--------------+------------+----------+
---------------------------------------------------------------------------------
Start RTL Component Statistics 
---------------------------------------------------------------------------------
Detailed RTL Component Info : 
+---Adders : 
	   2 Input     31 Bit       Adders := 1     
	   4 Input     10 Bit       Adders := 4     
	   2 Input     10 Bit       Adders := 2     
	   4 Input      9 Bit       Adders := 5     
	   3 Input      9 Bit       Adders := 1     
	   4 Input      2 Bit       Adders := 1     
+---Registers : 
	               53 Bit    Registers := 2     
	               33 Bit    Registers := 1     
	               32 Bit    Registers := 3     
	               13 Bit    Registers := 2     
	               10 Bit    Registers := 6     
	                9 Bit    Registers := 6     
	                6 Bit    Registers := 1     
	                4 Bit    Registers := 2     
	                3 Bit    Registers := 1     
	                2 Bit    Registers := 4     
	                1 Bit    Registers := 52    
+---RAMs : 
	              26K Bit         RAMs := 1     
+---Muxes : 
	   9 Input     33 Bit        Muxes := 1     
	   8 Input     32 Bit        Muxes := 1     
	   2 Input     13 Bit        Muxes := 6     
	   9 Input     13 Bit        Muxes := 3     
	   2 Input      6 Bit        Muxes := 1     
	   4 Input      4 Bit        Muxes := 1     
	   2 Input      4 Bit        Muxes := 5     
	   5 Input      4 Bit        Muxes := 1     
	   2 Input      2 Bit        Muxes := 33    
	   4 Input      2 Bit        Muxes := 7     
	   2 Input      1 Bit        Muxes := 49    
	   4 Input      1 Bit        Muxes := 2     
	   3 Input      1 Bit        Muxes := 1     
	   9 Input      1 Bit        Muxes := 8     
	  13 Input      1 Bit        Muxes := 1     
---------------------------------------------------------------------------------
Finished RTL Component Statistics 
---------------------------------------------------------------------------------
---------------------------------------------------------------------------------
Start RTL Hierarchical Component Statistics 
---------------------------------------------------------------------------------
Hierarchical RTL Component report 
Module pselect_f 
Detailed RTL Component Info : 
+---Muxes : 
	   2 Input      1 Bit        Muxes := 1     
Module pselect_f__parameterized0 
Detailed RTL Component Info : 
+---Muxes : 
	   2 Input      1 Bit        Muxes := 1     
Module pselect_f__parameterized1 
Detailed RTL Component Info : 
+---Muxes : 
	   2 Input      1 Bit        Muxes := 1     
Module pselect_f__parameterized2 
Detailed RTL Component Info : 
+---Muxes : 
	   2 Input      1 Bit        Muxes := 1     
Module pselect_f__parameterized3 
Detailed RTL Component Info : 
+---Muxes : 
	   2 Input      1 Bit        Muxes := 1     
Module pselect_f__parameterized4 
Detailed RTL Component Info : 
+---Muxes : 
	   2 Input      1 Bit        Muxes := 1     
Module pselect_f__parameterized5 
Detailed RTL Component Info : 
+---Muxes : 
	   2 Input      1 Bit        Muxes := 1     
Module pselect_f__parameterized6 
Detailed RTL Component Info : 
+---Muxes : 
	   2 Input      1 Bit        Muxes := 1     
Module pselect_f__parameterized7 
Detailed RTL Component Info : 
+---Muxes : 
	   2 Input      1 Bit        Muxes := 1     
Module pselect_f__parameterized8 
Detailed RTL Component Info : 
+---Muxes : 
	   2 Input      1 Bit        Muxes := 1     
Module pselect_f__parameterized9 
Detailed RTL Component Info : 
+---Muxes : 
	   2 Input      1 Bit        Muxes := 1     
Module pselect_f__parameterized10 
Detailed RTL Component Info : 
+---Muxes : 
	   2 Input      1 Bit        Muxes := 1     
Module pselect_f__parameterized11 
Detailed RTL Component Info : 
+---Muxes : 
	   2 Input      1 Bit        Muxes := 1     
Module address_decoder 
Detailed RTL Component Info : 
+---Registers : 
	                1 Bit    Registers := 15    
Module slave_attachment 
Detailed RTL Component Info : 
+---Registers : 
	               32 Bit    Registers := 1     
	                6 Bit    Registers := 1     
	                2 Bit    Registers := 2     
	                1 Bit    Registers := 5     
+---Muxes : 
	   2 Input      6 Bit        Muxes := 1     
	   4 Input      4 Bit        Muxes := 1     
	   2 Input      4 Bit        Muxes := 5     
	   2 Input      2 Bit        Muxes := 2     
	   2 Input      1 Bit        Muxes := 4     
Module xpm_cdc_sync_rst 
Detailed RTL Component Info : 
+---Registers : 
	                4 Bit    Registers := 1     
Module xpm_counter_updn 
Detailed RTL Component Info : 
+---Adders : 
	   4 Input      9 Bit       Adders := 1     
+---Registers : 
	                9 Bit    Registers := 1     
Module xpm_counter_updn__parameterized0 
Detailed RTL Component Info : 
+---Adders : 
	   4 Input      9 Bit       Adders := 1     
+---Registers : 
	                9 Bit    Registers := 1     
Module xpm_memory_base 
Detailed RTL Component Info : 
+---Registers : 
	               53 Bit    Registers := 2     
+---RAMs : 
	              26K Bit         RAMs := 1     
Module xpm_fifo_reg_bit 
Detailed RTL Component Info : 
+---Registers : 
	                1 Bit    Registers := 1     
Module xpm_counter_updn__parameterized1 
Detailed RTL Component Info : 
+---Adders : 
	   4 Input      2 Bit       Adders := 1     
+---Registers : 
	                2 Bit    Registers := 1     
Module xpm_fifo_rst 
Detailed RTL Component Info : 
+---Registers : 
	                3 Bit    Registers := 1     
	                2 Bit    Registers := 1     
Module xpm_counter_updn__parameterized2 
Detailed RTL Component Info : 
+---Adders : 
	   4 Input     10 Bit       Adders := 1     
+---Registers : 
	               10 Bit    Registers := 1     
Module xpm_counter_updn__parameterized3 
Detailed RTL Component Info : 
+---Adders : 
	   4 Input      9 Bit       Adders := 1     
+---Registers : 
	                9 Bit    Registers := 1     
Module xpm_fifo_base 
Detailed RTL Component Info : 
+---Adders : 
	   2 Input     10 Bit       Adders := 1     
	   4 Input     10 Bit       Adders := 2     
	   3 Input      9 Bit       Adders := 1     
+---Registers : 
	               10 Bit    Registers := 3     
	                9 Bit    Registers := 1     
	                1 Bit    Registers := 13    
+---Muxes : 
	   2 Input      2 Bit        Muxes := 31    
	   4 Input      2 Bit        Muxes := 7     
	   4 Input      1 Bit        Muxes := 2     
	   2 Input      1 Bit        Muxes := 8     
	   3 Input      1 Bit        Muxes := 1     
Module xpm_fifo_axis 
Detailed RTL Component Info : 
+---Registers : 
	                1 Bit    Registers := 2     
+---Muxes : 
	   2 Input      1 Bit        Muxes := 2     
Module axis_fg 
Detailed RTL Component Info : 
+---Registers : 
	                1 Bit    Registers := 1     
Module fifo 
Detailed RTL Component Info : 
+---Adders : 
	   2 Input     10 Bit       Adders := 1     
+---Registers : 
	               32 Bit    Registers := 1     
	               10 Bit    Registers := 1     
	                1 Bit    Registers := 1     
+---Muxes : 
	   5 Input      4 Bit        Muxes := 1     
	   2 Input      1 Bit        Muxes := 1     
Module ipic2axi_s 
Detailed RTL Component Info : 
+---Adders : 
	   2 Input     31 Bit       Adders := 1     
+---Registers : 
	               33 Bit    Registers := 1     
	               32 Bit    Registers := 1     
	               13 Bit    Registers := 2     
	                4 Bit    Registers := 1     
	                1 Bit    Registers := 10    
+---Muxes : 
	   9 Input     33 Bit        Muxes := 1     
	   8 Input     32 Bit        Muxes := 1     
	   2 Input     13 Bit        Muxes := 6     
	   9 Input     13 Bit        Muxes := 3     
	   2 Input      1 Bit        Muxes := 21    
	   9 Input      1 Bit        Muxes := 8     
	  13 Input      1 Bit        Muxes := 1     
---------------------------------------------------------------------------------
Finished RTL Hierarchical Component Statistics
---------------------------------------------------------------------------------
---------------------------------------------------------------------------------
Start Part Resource Summary
---------------------------------------------------------------------------------
Part Resources:
DSPs: 220 (col length:60)
BRAMs: 280 (col length: RAMB18 60 RAMB36 30)
---------------------------------------------------------------------------------
Finished Part Resource Summary
---------------------------------------------------------------------------------
---------------------------------------------------------------------------------
Start Cross Boundary and Area Optimization
---------------------------------------------------------------------------------
Warning: Parallel synthesis criteria is not met 
INFO: [Synth 8-5775] Found 'rw_addr_collision' attribute set to 'no' on SDP RAM gen_wr_a.gen_word_narrow.mem_reg. Setting write mode to NO_CHANGE 
INFO: [Synth 8-5775] Found 'rw_addr_collision' attribute set to 'no' on SDP RAM gen_wr_a.gen_word_narrow.mem_reg. Setting write mode to NO_CHANGE 
INFO: [Synth 8-5775] Found 'rw_addr_collision' attribute set to 'no' on SDP RAM gen_wr_a.gen_word_narrow.mem_reg. Setting write mode to NO_CHANGE 
INFO: [Synth 8-5775] Found 'rw_addr_collision' attribute set to 'no' on SDP RAM gen_wr_a.gen_word_narrow.mem_reg. Setting write mode to NO_CHANGE 
INFO: [Synth 8-5775] Found 'rw_addr_collision' attribute set to 'no' on SDP RAM gen_wr_a.gen_word_narrow.mem_reg. Setting write mode to NO_CHANGE 
INFO: [Synth 8-5775] Found 'rw_addr_collision' attribute set to 'no' on SDP RAM gen_wr_a.gen_word_narrow.mem_reg. Setting write mode to NO_CHANGE 
INFO: [Synth 8-3886] merging instance 'U0/COMP_IPIC2AXI_S/sig_txd_dest_reg[0]' (FDRE) to 'U0/COMP_IPIC2AXI_S/sig_txd_dest_reg[1]'
INFO: [Synth 8-3886] merging instance 'U0/COMP_IPIC2AXI_S/sig_txd_dest_reg[1]' (FDRE) to 'U0/COMP_IPIC2AXI_S/sig_txd_dest_reg[2]'
INFO: [Synth 8-3886] merging instance 'U0/COMP_IPIC2AXI_S/sig_txd_dest_reg[2]' (FDRE) to 'U0/COMP_IPIC2AXI_S/sig_txd_dest_reg[3]'
INFO: [Synth 8-3333] propagating constant 0 across sequential element (U0/\COMP_IPIC2AXI_S/sig_txd_dest_reg[3] )
INFO: [Synth 8-3886] merging instance 'U0/COMP_IPIC2AXI_S/sig_ip2bus_data_reg[31]' (FDR) to 'U0/COMP_IPIC2AXI_S/sig_ip2bus_data_reg[13]'
INFO: [Synth 8-3886] merging instance 'U0/COMP_IPIC2AXI_S/sig_ip2bus_data_reg[21]' (FDR) to 'U0/COMP_IPIC2AXI_S/sig_ip2bus_data_reg[13]'
INFO: [Synth 8-3886] merging instance 'U0/COMP_IPIC2AXI_S/sig_ip2bus_data_reg[20]' (FDR) to 'U0/COMP_IPIC2AXI_S/sig_ip2bus_data_reg[13]'
INFO: [Synth 8-3886] merging instance 'U0/COMP_IPIC2AXI_S/sig_ip2bus_data_reg[19]' (FDR) to 'U0/COMP_IPIC2AXI_S/sig_ip2bus_data_reg[13]'
INFO: [Synth 8-3886] merging instance 'U0/COMP_IPIC2AXI_S/sig_ip2bus_data_reg[18]' (FDR) to 'U0/COMP_IPIC2AXI_S/sig_ip2bus_data_reg[13]'
INFO: [Synth 8-3886] merging instance 'U0/COMP_IPIC2AXI_S/sig_ip2bus_data_reg[17]' (FDR) to 'U0/COMP_IPIC2AXI_S/sig_ip2bus_data_reg[13]'
INFO: [Synth 8-3886] merging instance 'U0/COMP_IPIC2AXI_S/sig_ip2bus_data_reg[16]' (FDR) to 'U0/COMP_IPIC2AXI_S/sig_ip2bus_data_reg[13]'
INFO: [Synth 8-3886] merging instance 'U0/COMP_IPIC2AXI_S/sig_ip2bus_data_reg[15]' (FDR) to 'U0/COMP_IPIC2AXI_S/sig_ip2bus_data_reg[13]'
INFO: [Synth 8-3886] merging instance 'U0/COMP_IPIC2AXI_S/sig_ip2bus_data_reg[14]' (FDR) to 'U0/COMP_IPIC2AXI_S/sig_ip2bus_data_reg[13]'
INFO: [Synth 8-3333] propagating constant 0 across sequential element (U0/\COMP_IPIC2AXI_S/sig_ip2bus_data_reg[13] )
INFO: [Synth 8-3333] propagating constant 0 across sequential element (U0/\COMP_IPIF/I_SLAVE_ATTACHMENT/s_axi_rresp_i_reg[0] )
INFO: [Synth 8-3886] merging instance 'U0/COMP_IPIF/I_SLAVE_ATTACHMENT/s_axi_rdata_i_reg[0]' (FDRE) to 'U0/COMP_IPIF/I_SLAVE_ATTACHMENT/s_axi_rdata_i_reg[10]'
INFO: [Synth 8-3886] merging instance 'U0/COMP_IPIF/I_SLAVE_ATTACHMENT/s_axi_rdata_i_reg[10]' (FDRE) to 'U0/COMP_IPIF/I_SLAVE_ATTACHMENT/s_axi_rdata_i_reg[11]'
INFO: [Synth 8-3886] merging instance 'U0/COMP_IPIF/I_SLAVE_ATTACHMENT/s_axi_rdata_i_reg[11]' (FDRE) to 'U0/COMP_IPIF/I_SLAVE_ATTACHMENT/s_axi_rdata_i_reg[12]'
INFO: [Synth 8-3886] merging instance 'U0/COMP_IPIF/I_SLAVE_ATTACHMENT/s_axi_rdata_i_reg[12]' (FDRE) to 'U0/COMP_IPIF/I_SLAVE_ATTACHMENT/s_axi_rdata_i_reg[13]'
INFO: [Synth 8-3886] merging instance 'U0/COMP_IPIF/I_SLAVE_ATTACHMENT/s_axi_rdata_i_reg[13]' (FDRE) to 'U0/COMP_IPIF/I_SLAVE_ATTACHMENT/s_axi_rdata_i_reg[14]'
INFO: [Synth 8-3886] merging instance 'U0/COMP_IPIF/I_SLAVE_ATTACHMENT/s_axi_rdata_i_reg[14]' (FDRE) to 'U0/COMP_IPIF/I_SLAVE_ATTACHMENT/s_axi_rdata_i_reg[15]'
INFO: [Synth 8-3886] merging instance 'U0/COMP_IPIF/I_SLAVE_ATTACHMENT/s_axi_rdata_i_reg[15]' (FDRE) to 'U0/COMP_IPIF/I_SLAVE_ATTACHMENT/s_axi_rdata_i_reg[16]'
INFO: [Synth 8-3886] merging instance 'U0/COMP_IPIF/I_SLAVE_ATTACHMENT/s_axi_rdata_i_reg[16]' (FDRE) to 'U0/COMP_IPIF/I_SLAVE_ATTACHMENT/s_axi_rdata_i_reg[17]'
INFO: [Synth 8-3886] merging instance 'U0/COMP_IPIF/I_SLAVE_ATTACHMENT/s_axi_rdata_i_reg[17]' (FDRE) to 'U0/COMP_IPIF/I_SLAVE_ATTACHMENT/s_axi_rdata_i_reg[18]'
INFO: [Synth 8-3333] propagating constant 0 across sequential element (U0/\COMP_IPIF/I_SLAVE_ATTACHMENT/s_axi_bresp_i_reg[0] )
INFO: [Synth 8-3333] propagating constant 0 across sequential element (U0/\COMP_IPIC2AXI_S/sig_register_array_reg[0][12] )
INFO: [Synth 8-3333] propagating constant 0 across sequential element (U0/\COMP_IPIC2AXI_S/sig_register_array_reg[0][0] )
INFO: [Synth 8-3333] propagating constant 0 across sequential element (U0/\COMP_IPIC2AXI_S/sig_register_array_reg[0][11] )
INFO: [Synth 8-3333] propagating constant 0 across sequential element (U0/\COMP_IPIC2AXI_S/sig_register_array_reg[0][5] )
INFO: [Synth 8-3333] propagating constant 0 across sequential element (U0/\COMP_IPIC2AXI_S/sig_register_array_reg[0][2] )
INFO: [Synth 8-3333] propagating constant 0 across sequential element (U0/\COMP_IPIC2AXI_S/sig_register_array_reg[0][1] )
---------------------------------------------------------------------------------
Finished Cross Boundary and Area Optimization : Time (s): cpu = 00:00:28 ; elapsed = 00:00:49 . Memory (MB): peak = 2118.891 ; gain = 461.215 ; free physical = 1851 ; free virtual = 6155
---------------------------------------------------------------------------------
INFO: [Synth 8-5775] Found 'rw_addr_collision' attribute set to 'no' on SDP RAM gen_wr_a.gen_word_narrow.mem_reg. Setting write mode to NO_CHANGE 
---------------------------------------------------------------------------------
Start ROM, RAM, DSP and Shift Register Reporting
---------------------------------------------------------------------------------

Block RAM: Preliminary Mapping  Report (see note below)
+-----------------+----------------------------------+------------------------+---+---+------------------------+---+---+------------------+--------+--------+
|Module Name      | RTL Object                       | PORT A (Depth x Width) | W | R | PORT B (Depth x Width) | W | R | Ports driving FF | RAMB18 | RAMB36 | 
+-----------------+----------------------------------+------------------------+---+---+------------------------+---+---+------------------+--------+--------+
|xpm_memory_base: | gen_wr_a.gen_word_narrow.mem_reg | 512 x 53(NO_CHANGE)    | W |   | 512 x 53(NO_CHANGE)    |   | R | Port A and B     | 0      | 1      | 
+-----------------+----------------------------------+------------------------+---+---+------------------------+---+---+------------------+--------+--------+

Note: The table above is a preliminary report that shows the Block RAMs at the current stage of the synthesis flow. Some Block RAMs may be reimplemented as non Block RAM primitives later in the synthesis flow. Multiple instantiated Block RAMs are reported only once. 
---------------------------------------------------------------------------------
Finished ROM, RAM, DSP and Shift Register Reporting
---------------------------------------------------------------------------------

Report RTL Partitions: 
+-+--------------+------------+----------+
| |RTL Partition |Replication |Instances |
+-+--------------+------------+----------+
+-+--------------+------------+----------+
---------------------------------------------------------------------------------
Start Applying XDC Timing Constraints
---------------------------------------------------------------------------------
---------------------------------------------------------------------------------
Finished Applying XDC Timing Constraints : Time (s): cpu = 00:00:35 ; elapsed = 00:00:56 . Memory (MB): peak = 2118.891 ; gain = 461.215 ; free physical = 1665 ; free virtual = 5968
---------------------------------------------------------------------------------
---------------------------------------------------------------------------------
Start Timing Optimization
---------------------------------------------------------------------------------
INFO: [Synth 8-5775] Found 'rw_addr_collision' attribute set to 'no' on SDP RAM gen_wr_a.gen_word_narrow.mem_reg. Setting write mode to NO_CHANGE 
---------------------------------------------------------------------------------
Finished Timing Optimization : Time (s): cpu = 00:00:36 ; elapsed = 00:00:57 . Memory (MB): peak = 2118.891 ; gain = 461.215 ; free physical = 1653 ; free virtual = 5956
---------------------------------------------------------------------------------
---------------------------------------------------------------------------------
Start ROM, RAM, DSP and Shift Register Reporting
---------------------------------------------------------------------------------

Block RAM: Final Mapping  Report
+-----------------+----------------------------------+------------------------+---+---+------------------------+---+---+------------------+--------+--------+
|Module Name      | RTL Object                       | PORT A (Depth x Width) | W | R | PORT B (Depth x Width) | W | R | Ports driving FF | RAMB18 | RAMB36 | 
+-----------------+----------------------------------+------------------------+---+---+------------------------+---+---+------------------+--------+--------+
|xpm_memory_base: | gen_wr_a.gen_word_narrow.mem_reg | 512 x 53(NO_CHANGE)    | W |   | 512 x 53(NO_CHANGE)    |   | R | Port A and B     | 0      | 1      | 
+-----------------+----------------------------------+------------------------+---+---+------------------------+---+---+------------------+--------+--------+

---------------------------------------------------------------------------------
Finished ROM, RAM, DSP and Shift Register Reporting
---------------------------------------------------------------------------------

Report RTL Partitions: 
+-+--------------+------------+----------+
| |RTL Partition |Replication |Instances |
+-+--------------+------------+----------+
+-+--------------+------------+----------+
---------------------------------------------------------------------------------
Start Technology Mapping
---------------------------------------------------------------------------------
---------------------------------------------------------------------------------
Finished Technology Mapping : Time (s): cpu = 00:00:36 ; elapsed = 00:00:57 . Memory (MB): peak = 2118.891 ; gain = 461.215 ; free physical = 1645 ; free virtual = 5949
---------------------------------------------------------------------------------

Report RTL Partitions: 
+-+--------------+------------+----------+
| |RTL Partition |Replication |Instances |
+-+--------------+------------+----------+
+-+--------------+------------+----------+
---------------------------------------------------------------------------------
Start IO Insertion
---------------------------------------------------------------------------------
---------------------------------------------------------------------------------
Start Flattening Before IO Insertion
---------------------------------------------------------------------------------
---------------------------------------------------------------------------------
Finished Flattening Before IO Insertion
---------------------------------------------------------------------------------
---------------------------------------------------------------------------------
Start Final Netlist Cleanup
---------------------------------------------------------------------------------
---------------------------------------------------------------------------------
Finished Final Netlist Cleanup
---------------------------------------------------------------------------------
---------------------------------------------------------------------------------
Finished IO Insertion : Time (s): cpu = 00:00:38 ; elapsed = 00:00:59 . Memory (MB): peak = 2118.891 ; gain = 461.215 ; free physical = 1636 ; free virtual = 5939
---------------------------------------------------------------------------------

Report Check Netlist: 
+------+------------------+-------+---------+-------+------------------+
|      |Item              |Errors |Warnings |Status |Description       |
+------+------------------+-------+---------+-------+------------------+
|1     |multi_driven_nets |      0|        0|Passed |Multi driven nets |
+------+------------------+-------+---------+-------+------------------+
---------------------------------------------------------------------------------
Start Renaming Generated Instances
---------------------------------------------------------------------------------
---------------------------------------------------------------------------------
Finished Renaming Generated Instances : Time (s): cpu = 00:00:38 ; elapsed = 00:00:59 . Memory (MB): peak = 2118.891 ; gain = 461.215 ; free physical = 1636 ; free virtual = 5939
---------------------------------------------------------------------------------

Report RTL Partitions: 
+-+--------------+------------+----------+
| |RTL Partition |Replication |Instances |
+-+--------------+------------+----------+
+-+--------------+------------+----------+
---------------------------------------------------------------------------------
Start Rebuilding User Hierarchy
---------------------------------------------------------------------------------
---------------------------------------------------------------------------------
Finished Rebuilding User Hierarchy : Time (s): cpu = 00:00:38 ; elapsed = 00:00:59 . Memory (MB): peak = 2118.891 ; gain = 461.215 ; free physical = 1635 ; free virtual = 5938
---------------------------------------------------------------------------------
---------------------------------------------------------------------------------
Start Renaming Generated Ports
---------------------------------------------------------------------------------
---------------------------------------------------------------------------------
Finished Renaming Generated Ports : Time (s): cpu = 00:00:38 ; elapsed = 00:00:59 . Memory (MB): peak = 2118.891 ; gain = 461.215 ; free physical = 1635 ; free virtual = 5938
---------------------------------------------------------------------------------
---------------------------------------------------------------------------------
Start Handling Custom Attributes
---------------------------------------------------------------------------------
---------------------------------------------------------------------------------
Finished Handling Custom Attributes : Time (s): cpu = 00:00:38 ; elapsed = 00:00:59 . Memory (MB): peak = 2118.891 ; gain = 461.215 ; free physical = 1634 ; free virtual = 5938
---------------------------------------------------------------------------------
---------------------------------------------------------------------------------
Start Renaming Generated Nets
---------------------------------------------------------------------------------
---------------------------------------------------------------------------------
Finished Renaming Generated Nets : Time (s): cpu = 00:00:38 ; elapsed = 00:00:59 . Memory (MB): peak = 2118.891 ; gain = 461.215 ; free physical = 1634 ; free virtual = 5938
---------------------------------------------------------------------------------
---------------------------------------------------------------------------------
Start Writing Synthesis Report
---------------------------------------------------------------------------------

Report BlackBoxes: 
+-+--------------+----------+
| |BlackBox name |Instances |
+-+--------------+----------+
+-+--------------+----------+

Report Cell Usage: 
+------+-----------+------+
|      |Cell       |Count |
+------+-----------+------+
|1     |CARRY4     |    47|
|2     |LUT1       |    41|
|3     |LUT2       |    82|
|4     |LUT3       |    46|
|5     |LUT4       |    72|
|6     |LUT5       |    40|
|7     |LUT6       |   124|
|8     |RAMB36E1_1 |     1|
|9     |FDRE       |   340|
|10    |FDSE       |    15|
+------+-----------+------+

Report Instance Areas: 
+------+---------------------------------------------------------------------------+-----------------------------------+------+
|      |Instance                                                                   |Module                             |Cells |
+------+---------------------------------------------------------------------------+-----------------------------------+------+
|1     |top                                                                        |                                   |   808|
|2     |  U0                                                                       |axi_fifo_mm_s                      |   808|
|3     |    COMP_IPIC2AXI_S                                                        |ipic2axi_s                         |   676|
|4     |      \gtxd.COMP_TXD_FIFO                                                  |fifo                               |   463|
|5     |        \gfifo_gen.COMP_AXIS_FG_FIFO                                       |axis_fg                            |   410|
|6     |          COMP_FIFO                                                        |xpm_fifo_axis                      |   390|
|7     |            \gaxis_rst_sync.xpm_cdc_sync_rst_inst                          |xpm_cdc_sync_rst                   |     4|
|8     |            xpm_fifo_base_inst                                             |xpm_fifo_base                      |   262|
|9     |              \gen_sdpram.xpm_memory_base_inst                             |xpm_memory_base                    |     1|
|10    |              \gen_fwft.rdpp1_inst                                         |xpm_counter_updn__parameterized1   |     8|
|11    |              rdp_inst                                                     |xpm_counter_updn__parameterized2   |    63|
|12    |              rdpp1_inst                                                   |xpm_counter_updn__parameterized3   |    20|
|13    |              rst_d1_inst                                                  |xpm_fifo_reg_bit                   |     6|
|14    |              wrp_inst                                                     |xpm_counter_updn__parameterized2_0 |    40|
|15    |              wrpp1_inst                                                   |xpm_counter_updn__parameterized3_1 |    31|
|16    |              wrpp2_inst                                                   |xpm_counter_updn__parameterized0   |    20|
|17    |              xpm_fifo_rst_inst                                            |xpm_fifo_rst                       |    10|
|18    |    COMP_IPIF                                                              |axi_lite_ipif                      |   132|
|19    |      I_SLAVE_ATTACHMENT                                                   |slave_attachment                   |   132|
|20    |        I_DECODER                                                          |address_decoder                    |    80|
|21    |          \MEM_DECODE_GEN[0].PER_CE_GEN[0].MULTIPLE_CES_THIS_CS_GEN.CE_I   |pselect_f                          |     1|
|22    |          \MEM_DECODE_GEN[0].PER_CE_GEN[10].MULTIPLE_CES_THIS_CS_GEN.CE_I  |pselect_f__parameterized9          |     1|
|23    |          \MEM_DECODE_GEN[0].PER_CE_GEN[11].MULTIPLE_CES_THIS_CS_GEN.CE_I  |pselect_f__parameterized10         |     1|
|24    |          \MEM_DECODE_GEN[0].PER_CE_GEN[12].MULTIPLE_CES_THIS_CS_GEN.CE_I  |pselect_f__parameterized11         |     1|
|25    |          \MEM_DECODE_GEN[0].PER_CE_GEN[1].MULTIPLE_CES_THIS_CS_GEN.CE_I   |pselect_f__parameterized0          |     1|
|26    |          \MEM_DECODE_GEN[0].PER_CE_GEN[2].MULTIPLE_CES_THIS_CS_GEN.CE_I   |pselect_f__parameterized1          |     1|
|27    |          \MEM_DECODE_GEN[0].PER_CE_GEN[4].MULTIPLE_CES_THIS_CS_GEN.CE_I   |pselect_f__parameterized3          |     1|
|28    |          \MEM_DECODE_GEN[0].PER_CE_GEN[5].MULTIPLE_CES_THIS_CS_GEN.CE_I   |pselect_f__parameterized4          |     1|
|29    |          \MEM_DECODE_GEN[0].PER_CE_GEN[6].MULTIPLE_CES_THIS_CS_GEN.CE_I   |pselect_f__parameterized5          |     1|
|30    |          \MEM_DECODE_GEN[0].PER_CE_GEN[7].MULTIPLE_CES_THIS_CS_GEN.CE_I   |pselect_f__parameterized6          |     1|
|31    |          \MEM_DECODE_GEN[0].PER_CE_GEN[8].MULTIPLE_CES_THIS_CS_GEN.CE_I   |pselect_f__parameterized7          |     1|
|32    |          \MEM_DECODE_GEN[0].PER_CE_GEN[9].MULTIPLE_CES_THIS_CS_GEN.CE_I   |pselect_f__parameterized8          |     1|
+------+---------------------------------------------------------------------------+-----------------------------------+------+
---------------------------------------------------------------------------------
Finished Writing Synthesis Report : Time (s): cpu = 00:00:38 ; elapsed = 00:00:59 . Memory (MB): peak = 2118.891 ; gain = 461.215 ; free physical = 1634 ; free virtual = 5938
---------------------------------------------------------------------------------
Synthesis finished with 0 errors, 0 critical warnings and 328 warnings.
Synthesis Optimization Runtime : Time (s): cpu = 00:00:35 ; elapsed = 00:00:56 . Memory (MB): peak = 2118.891 ; gain = 304.402 ; free physical = 1698 ; free virtual = 6001
Synthesis Optimization Complete : Time (s): cpu = 00:00:38 ; elapsed = 00:00:59 . Memory (MB): peak = 2118.891 ; gain = 461.215 ; free physical = 1698 ; free virtual = 6001
INFO: [Project 1-571] Translating synthesized netlist
INFO: [Netlist 29-17] Analyzing 48 Unisim elements for replacement
INFO: [Netlist 29-28] Unisim Transformation completed in 0 CPU seconds
INFO: [Project 1-570] Preparing netlist for logic optimization
INFO: [Opt 31-138] Pushed 0 inverter(s) to 0 load pin(s).
Netlist sorting complete. Time (s): cpu = 00:00:00 ; elapsed = 00:00:00 . Memory (MB): peak = 2118.891 ; gain = 0.000 ; free physical = 1555 ; free virtual = 5859
INFO: [Project 1-111] Unisim Transformation Summary:
No Unisim elements were transformed.

INFO: [Common 17-83] Releasing license: Synthesis
145 Infos, 112 Warnings, 0 Critical Warnings and 0 Errors encountered.
synth_design completed successfully
synth_design: Time (s): cpu = 00:00:45 ; elapsed = 00:01:06 . Memory (MB): peak = 2118.891 ; gain = 686.750 ; free physical = 1661 ; free virtual = 5965
Netlist sorting complete. Time (s): cpu = 00:00:00 ; elapsed = 00:00:00 . Memory (MB): peak = 2118.891 ; gain = 0.000 ; free physical = 1661 ; free virtual = 5965
WARNING: [Constraints 18-5210] No constraints selected for write.
Resolution: This message can indicate that there are no constraints for the design, or it can indicate that the used_in flags are set such that the constraints are ignored. This later case is used when running synth_design to not write synthesis constraints to the resulting checkpoint. Instead, project constraints are read when the synthesized design is opened.
INFO: [Common 17-1381] The checkpoint '/home/phirasit/project/san-adapter/iscsi_fpga/iscsi_fpga.runs/design_1_axi_fifo_mm_s_0_0_synth_1/design_1_axi_fifo_mm_s_0_0.dcp' has been generated.
WARNING: [Common 17-576] 'use_project_ipc' is deprecated. This option is deprecated and no longer used.
INFO: [Coretcl 2-1648] Added synthesis output to IP cache for IP design_1_axi_fifo_mm_s_0_0, cache-ID = 4a66df711a6cc62b
INFO: [Coretcl 2-1174] Renamed 31 cell refs.
Netlist sorting complete. Time (s): cpu = 00:00:00 ; elapsed = 00:00:00 . Memory (MB): peak = 2142.902 ; gain = 0.000 ; free physical = 1664 ; free virtual = 5970
WARNING: [Constraints 18-5210] No constraints selected for write.
Resolution: This message can indicate that there are no constraints for the design, or it can indicate that the used_in flags are set such that the constraints are ignored. This later case is used when running synth_design to not write synthesis constraints to the resulting checkpoint. Instead, project constraints are read when the synthesized design is opened.
INFO: [Common 17-1381] The checkpoint '/home/phirasit/project/san-adapter/iscsi_fpga/iscsi_fpga.runs/design_1_axi_fifo_mm_s_0_0_synth_1/design_1_axi_fifo_mm_s_0_0.dcp' has been generated.
INFO: [runtcl-4] Executing : report_utilization -file design_1_axi_fifo_mm_s_0_0_utilization_synth.rpt -pb design_1_axi_fifo_mm_s_0_0_utilization_synth.pb
INFO: [Common 17-206] Exiting Vivado at Fri Jan 31 13:22:29 2020...
