Copyright 1986-2019 Xilinx, Inc. All Rights Reserved.
----------------------------------------------------------------------------------------
| Tool Version : Vivado v.2019.1 (lin64) Build 2552052 Fri May 24 14:47:09 MDT 2019
| Date         : Sun Mar 15 20:25:11 2020
| Host         : phirasit-macbook running 64-bit Ubuntu 18.04.3 LTS
| Command      : report_timing_summary -file ./report/iscsi_interface_timing_routed.rpt
| Design       : bd_0_wrapper
| Device       : 7z020-clg484
| Speed File   : -1  PRODUCTION 1.11 2014-09-11
----------------------------------------------------------------------------------------

Timing Summary Report

------------------------------------------------------------------------------------------------
| Timer Settings
| --------------
------------------------------------------------------------------------------------------------

  Enable Multi Corner Analysis               :  Yes
  Enable Pessimism Removal                   :  Yes
  Pessimism Removal Resolution               :  Nearest Common Node
  Enable Input Delay Default Clock           :  No
  Enable Preset / Clear Arcs                 :  No
  Disable Flight Delays                      :  No
  Ignore I/O Paths                           :  No
  Timing Early Launch at Borrowing Latches   :  No
  Borrow Time for Max Delay Exceptions       :  Yes

  Corner  Analyze    Analyze    
  Name    Max Paths  Min Paths  
  ------  ---------  ---------  
  Slow    Yes        Yes        
  Fast    Yes        Yes        



check_timing report

Table of Contents
-----------------
1. checking no_clock
2. checking constant_clock
3. checking pulse_width_clock
4. checking unconstrained_internal_endpoints
5. checking no_input_delay
6. checking no_output_delay
7. checking multiple_clock
8. checking generated_clocks
9. checking loops
10. checking partial_input_delay
11. checking partial_output_delay
12. checking latch_loops

1. checking no_clock
--------------------
 There are 0 register/latch pins with no clock.


2. checking constant_clock
--------------------------
 There are 0 register/latch pins with constant_clock.


3. checking pulse_width_clock
-----------------------------
 There are 0 register/latch pins which need pulse_width check


4. checking unconstrained_internal_endpoints
--------------------------------------------
 There are 0 pins that are not constrained for maximum delay.

 There are 0 pins that are not constrained for maximum delay due to constant clock.


5. checking no_input_delay
--------------------------
 There are 36 input ports with no input delay specified. (HIGH)

 There are 0 input ports with no input delay but user has a false path constraint.


6. checking no_output_delay
---------------------------
 There are 35 ports with no output delay specified. (HIGH)

 There are 0 ports with no output delay but user has a false path constraint

 There are 0 ports with no output delay but with a timing clock defined on it or propagating through it


7. checking multiple_clock
--------------------------
 There are 0 register/latch pins with multiple clocks.


8. checking generated_clocks
----------------------------
 There are 0 generated clocks that are not connected to a clock source.


9. checking loops
-----------------
 There are 0 combinational loops in the design.


10. checking partial_input_delay
--------------------------------
 There are 0 input ports with partial input delay specified.


11. checking partial_output_delay
---------------------------------
 There are 0 ports with partial output delay specified.


12. checking latch_loops
------------------------
 There are 0 combinational latch loops in the design through latch input



------------------------------------------------------------------------------------------------
| Design Timing Summary
| ---------------------
------------------------------------------------------------------------------------------------

    WNS(ns)      TNS(ns)  TNS Failing Endpoints  TNS Total Endpoints      WHS(ns)      THS(ns)  THS Failing Endpoints  THS Total Endpoints     WPWS(ns)     TPWS(ns)  TPWS Failing Endpoints  TPWS Total Endpoints  
    -------      -------  ---------------------  -------------------      -------      -------  ---------------------  -------------------     --------     --------  ----------------------  --------------------  
      0.411        0.000                      0                12213        0.096        0.000                      0                12213        3.750        0.000                       0                  5727  


All user specified timing constraints are met.


------------------------------------------------------------------------------------------------
| Clock Summary
| -------------
------------------------------------------------------------------------------------------------

Clock   Waveform(ns)       Period(ns)      Frequency(MHz)
-----   ------------       ----------      --------------
ap_clk  {0.000 5.000}      10.000          100.000         


------------------------------------------------------------------------------------------------
| Intra Clock Table
| -----------------
------------------------------------------------------------------------------------------------

Clock             WNS(ns)      TNS(ns)  TNS Failing Endpoints  TNS Total Endpoints      WHS(ns)      THS(ns)  THS Failing Endpoints  THS Total Endpoints     WPWS(ns)     TPWS(ns)  TPWS Failing Endpoints  TPWS Total Endpoints  
-----             -------      -------  ---------------------  -------------------      -------      -------  ---------------------  -------------------     --------     --------  ----------------------  --------------------  
ap_clk              0.411        0.000                      0                12213        0.096        0.000                      0                12213        3.750        0.000                       0                  5727  


------------------------------------------------------------------------------------------------
| Inter Clock Table
| -----------------
------------------------------------------------------------------------------------------------

From Clock    To Clock          WNS(ns)      TNS(ns)  TNS Failing Endpoints  TNS Total Endpoints      WHS(ns)      THS(ns)  THS Failing Endpoints  THS Total Endpoints  
----------    --------          -------      -------  ---------------------  -------------------      -------      -------  ---------------------  -------------------  


------------------------------------------------------------------------------------------------
| Other Path Groups Table
| -----------------------
------------------------------------------------------------------------------------------------

Path Group    From Clock    To Clock          WNS(ns)      TNS(ns)  TNS Failing Endpoints  TNS Total Endpoints      WHS(ns)      THS(ns)  THS Failing Endpoints  THS Total Endpoints  
----------    ----------    --------          -------      -------  ---------------------  -------------------      -------      -------  ---------------------  -------------------  


------------------------------------------------------------------------------------------------
| Timing Details
| --------------
------------------------------------------------------------------------------------------------


---------------------------------------------------------------------------------------------------
From Clock:  ap_clk
  To Clock:  ap_clk

Setup :            0  Failing Endpoints,  Worst Slack        0.411ns,  Total Violation        0.000ns
Hold  :            0  Failing Endpoints,  Worst Slack        0.096ns,  Total Violation        0.000ns
PW    :            0  Failing Endpoints,  Worst Slack        3.750ns,  Total Violation        0.000ns
---------------------------------------------------------------------------------------------------


Max Delay Paths
--------------------------------------------------------------------------------------
Slack (MET) :             0.411ns  (required time - arrival time)
  Source:                 bd_0_i/hls_inst/inst/grp_process_pdu_fu_144/header_buffer_V_U/iscsi_login_response_buffer_V_ram_U/ram_reg/CLKBWRCLK
                            (rising edge-triggered cell RAMB18E1 clocked by ap_clk  {rise@0.000ns fall@5.000ns period=10.000ns})
  Destination:            bd_0_i/hls_inst/inst/tcp_in_V_V_0_state_reg[1]/D
                            (rising edge-triggered cell FDRE clocked by ap_clk  {rise@0.000ns fall@5.000ns period=10.000ns})
  Path Group:             ap_clk
  Path Type:              Setup (Max at Slow Process Corner)
  Requirement:            10.000ns  (ap_clk rise@10.000ns - ap_clk rise@0.000ns)
  Data Path Delay:        9.230ns  (logic 4.278ns (46.351%)  route 4.952ns (53.649%))
  Logic Levels:           10  (CARRY4=4 LUT4=3 LUT5=1 LUT6=2)
  Clock Path Skew:        -0.049ns (DCD - SCD + CPR)
    Destination Clock Delay (DCD):    0.924ns = ( 10.924 - 10.000 ) 
    Source Clock Delay      (SCD):    0.973ns
    Clock Pessimism Removal (CPR):    0.000ns
  Clock Uncertainty:      0.035ns  ((TSJ^2 + TIJ^2)^1/2 + DJ) / 2 + PE
    Total System Jitter     (TSJ):    0.071ns
    Total Input Jitter      (TIJ):    0.000ns
    Discrete Jitter          (DJ):    0.000ns
    Phase Error              (PE):    0.000ns

    Location             Delay type                Incr(ns)  Path(ns)    Netlist Resource(s)
  -------------------------------------------------------------------    -------------------
                         (clock ap_clk rise edge)     0.000     0.000 r  
                                                      0.000     0.000 r  ap_clk (IN)
                         net (fo=5742, unset)         0.973     0.973    bd_0_i/hls_inst/inst/grp_process_pdu_fu_144/header_buffer_V_U/iscsi_login_response_buffer_V_ram_U/ap_clk
    RAMB18_X3Y14         RAMB18E1                                     r  bd_0_i/hls_inst/inst/grp_process_pdu_fu_144/header_buffer_V_U/iscsi_login_response_buffer_V_ram_U/ram_reg/CLKBWRCLK
  -------------------------------------------------------------------    -------------------
    RAMB18_X3Y14         RAMB18E1 (Prop_ramb18e1_CLKBWRCLK_DOBDO[3])
                                                      2.454     3.427 r  bd_0_i/hls_inst/inst/grp_process_pdu_fu_144/header_buffer_V_U/iscsi_login_response_buffer_V_ram_U/ram_reg/DOBDO[3]
                         net (fo=5, routed)           1.405     4.832    bd_0_i/hls_inst/inst/grp_process_pdu_fu_144/grp_iscsi_nop_out_fu_326/DOBDO[3]
    SLICE_X69Y37         LUT4 (Prop_lut4_I1_O)        0.124     4.956 r  bd_0_i/hls_inst/inst/grp_process_pdu_fu_144/grp_iscsi_nop_out_fu_326/icmp_ln28_fu_638_p2_carry_i_7/O
                         net (fo=1, routed)           0.000     4.956    bd_0_i/hls_inst/inst/grp_process_pdu_fu_144/grp_iscsi_nop_out_fu_326/icmp_ln28_fu_638_p2_carry_i_7_n_20
    SLICE_X69Y37         CARRY4 (Prop_carry4_S[1]_CO[3])
                                                      0.550     5.506 r  bd_0_i/hls_inst/inst/grp_process_pdu_fu_144/grp_iscsi_nop_out_fu_326/icmp_ln28_fu_638_p2_carry/CO[3]
                         net (fo=1, routed)           0.000     5.506    bd_0_i/hls_inst/inst/grp_process_pdu_fu_144/grp_iscsi_nop_out_fu_326/icmp_ln28_fu_638_p2_carry_n_20
    SLICE_X69Y38         CARRY4 (Prop_carry4_CI_CO[3])
                                                      0.114     5.620 r  bd_0_i/hls_inst/inst/grp_process_pdu_fu_144/grp_iscsi_nop_out_fu_326/icmp_ln28_fu_638_p2_carry__0/CO[3]
                         net (fo=1, routed)           0.000     5.620    bd_0_i/hls_inst/inst/grp_process_pdu_fu_144/grp_iscsi_nop_out_fu_326/icmp_ln28_fu_638_p2_carry__0_n_20
    SLICE_X69Y39         CARRY4 (Prop_carry4_CI_CO[3])
                                                      0.114     5.734 r  bd_0_i/hls_inst/inst/grp_process_pdu_fu_144/grp_iscsi_nop_out_fu_326/icmp_ln28_fu_638_p2_carry__1/CO[3]
                         net (fo=1, routed)           0.000     5.734    bd_0_i/hls_inst/inst/grp_process_pdu_fu_144/grp_iscsi_nop_out_fu_326/icmp_ln28_fu_638_p2_carry__1_n_20
    SLICE_X69Y40         CARRY4 (Prop_carry4_CI_CO[3])
                                                      0.114     5.848 r  bd_0_i/hls_inst/inst/grp_process_pdu_fu_144/grp_iscsi_nop_out_fu_326/icmp_ln28_fu_638_p2_carry__2/CO[3]
                         net (fo=4, routed)           0.624     6.473    bd_0_i/hls_inst/inst/grp_process_pdu_fu_144/grp_iscsi_nop_out_fu_326/icmp_ln28_fu_638_p2
    SLICE_X69Y41         LUT6 (Prop_lut6_I0_O)        0.124     6.597 r  bd_0_i/hls_inst/inst/grp_process_pdu_fu_144/grp_iscsi_nop_out_fu_326/i_0_reg_443[2]_i_2/O
                         net (fo=33, routed)          0.745     7.341    bd_0_i/hls_inst/inst/grp_process_pdu_fu_144/grp_iscsi_nop_out_fu_326/grp_iscsi_nop_out_fu_326_tcp_out_V_V_TVALID
    SLICE_X70Y39         LUT4 (Prop_lut4_I3_O)        0.118     7.459 f  bd_0_i/hls_inst/inst/grp_process_pdu_fu_144/grp_iscsi_nop_out_fu_326/tcp_out_V_V_1_payload_A[31]_i_5/O
                         net (fo=34, routed)          0.602     8.061    bd_0_i/hls_inst/inst/grp_process_pdu_fu_144/grp_iscsi_text_fu_283/grp_read_from_tcp_1_fu_581/grp_read_byte_array_1_fu_127/tcp_in_V_V_0_state[1]_i_3
    SLICE_X64Y39         LUT6 (Prop_lut6_I0_O)        0.326     8.387 f  bd_0_i/hls_inst/inst/grp_process_pdu_fu_144/grp_iscsi_text_fu_283/grp_read_from_tcp_1_fu_581/grp_read_byte_array_1_fu_127/tcp_in_V_V_0_state[1]_i_4/O
                         net (fo=1, routed)           0.423     8.810    bd_0_i/hls_inst/inst/grp_process_pdu_fu_144/grp_read_from_tcp_fu_341/grp_read_byte_array_fu_16/tcp_in_V_V_0_state_reg[0]_1
    SLICE_X63Y38         LUT5 (Prop_lut5_I1_O)        0.124     8.934 r  bd_0_i/hls_inst/inst/grp_process_pdu_fu_144/grp_read_from_tcp_fu_341/grp_read_byte_array_fu_16/tcp_in_V_V_0_state[1]_i_3/O
                         net (fo=3, routed)           0.565     9.500    bd_0_i/hls_inst/inst/grp_process_pdu_fu_144/grp_read_from_tcp_fu_341/grp_read_byte_array_fu_16/tcp_in_V_V_0_state[1]_i_3_n_20
    SLICE_X62Y36         LUT4 (Prop_lut4_I0_O)        0.116     9.616 r  bd_0_i/hls_inst/inst/grp_process_pdu_fu_144/grp_read_from_tcp_fu_341/grp_read_byte_array_fu_16/tcp_in_V_V_0_state[1]_i_2/O
                         net (fo=1, routed)           0.587    10.203    bd_0_i/hls_inst/inst/tcp_in_V_V_0_state[1]
    SLICE_X61Y36         FDRE                                         r  bd_0_i/hls_inst/inst/tcp_in_V_V_0_state_reg[1]/D
  -------------------------------------------------------------------    -------------------

                         (clock ap_clk rise edge)    10.000    10.000 r  
                                                      0.000    10.000 r  ap_clk (IN)
                         net (fo=5742, unset)         0.924    10.924    bd_0_i/hls_inst/inst/ap_clk
    SLICE_X61Y36         FDRE                                         r  bd_0_i/hls_inst/inst/tcp_in_V_V_0_state_reg[1]/C
                         clock pessimism              0.000    10.924    
                         clock uncertainty           -0.035    10.889    
    SLICE_X61Y36         FDRE (Setup_fdre_C_D)       -0.275    10.614    bd_0_i/hls_inst/inst/tcp_in_V_V_0_state_reg[1]
  -------------------------------------------------------------------
                         required time                         10.614    
                         arrival time                         -10.203    
  -------------------------------------------------------------------
                         slack                                  0.411    





Min Delay Paths
--------------------------------------------------------------------------------------
Slack (MET) :             0.096ns  (arrival time - required time)
  Source:                 bd_0_i/hls_inst/inst/grp_process_pdu_fu_144/grp_iscsi_login_fu_178/grp_write_key_value_int_2_fu_1166/length_4_reg_469_reg[26]/C
                            (rising edge-triggered cell FDRE clocked by ap_clk  {rise@0.000ns fall@5.000ns period=10.000ns})
  Destination:            bd_0_i/hls_inst/inst/grp_process_pdu_fu_144/grp_iscsi_login_fu_178/grp_write_key_value_int_2_fu_1166/length_2_reg_196_reg[26]/D
                            (rising edge-triggered cell FDRE clocked by ap_clk  {rise@0.000ns fall@5.000ns period=10.000ns})
  Path Group:             ap_clk
  Path Type:              Hold (Min at Fast Process Corner)
  Requirement:            0.000ns  (ap_clk rise@0.000ns - ap_clk rise@0.000ns)
  Data Path Delay:        0.238ns  (logic 0.186ns (78.117%)  route 0.052ns (21.883%))
  Logic Levels:           1  (LUT4=1)
  Clock Path Skew:        0.022ns (DCD - SCD - CPR)
    Destination Clock Delay (DCD):    0.432ns
    Source Clock Delay      (SCD):    0.410ns
    Clock Pessimism Removal (CPR):    -0.000ns

    Location             Delay type                Incr(ns)  Path(ns)    Netlist Resource(s)
  -------------------------------------------------------------------    -------------------
                         (clock ap_clk rise edge)     0.000     0.000 r  
                                                      0.000     0.000 r  ap_clk (IN)
                         net (fo=5742, unset)         0.410     0.410    bd_0_i/hls_inst/inst/grp_process_pdu_fu_144/grp_iscsi_login_fu_178/grp_write_key_value_int_2_fu_1166/ap_clk
    SLICE_X55Y19         FDRE                                         r  bd_0_i/hls_inst/inst/grp_process_pdu_fu_144/grp_iscsi_login_fu_178/grp_write_key_value_int_2_fu_1166/length_4_reg_469_reg[26]/C
  -------------------------------------------------------------------    -------------------
    SLICE_X55Y19         FDRE (Prop_fdre_C_Q)         0.141     0.551 r  bd_0_i/hls_inst/inst/grp_process_pdu_fu_144/grp_iscsi_login_fu_178/grp_write_key_value_int_2_fu_1166/length_4_reg_469_reg[26]/Q
                         net (fo=1, routed)           0.052     0.603    bd_0_i/hls_inst/inst/grp_process_pdu_fu_144/grp_iscsi_login_fu_178/grp_write_key_value_int_2_fu_1166/length_4_reg_469[26]
    SLICE_X54Y19         LUT4 (Prop_lut4_I2_O)        0.045     0.648 r  bd_0_i/hls_inst/inst/grp_process_pdu_fu_144/grp_iscsi_login_fu_178/grp_write_key_value_int_2_fu_1166/length_2_reg_196[26]_i_1/O
                         net (fo=1, routed)           0.000     0.648    bd_0_i/hls_inst/inst/grp_process_pdu_fu_144/grp_iscsi_login_fu_178/grp_write_key_value_int_2_fu_1166/length_2_reg_196[26]_i_1_n_20
    SLICE_X54Y19         FDRE                                         r  bd_0_i/hls_inst/inst/grp_process_pdu_fu_144/grp_iscsi_login_fu_178/grp_write_key_value_int_2_fu_1166/length_2_reg_196_reg[26]/D
  -------------------------------------------------------------------    -------------------

                         (clock ap_clk rise edge)     0.000     0.000 r  
                                                      0.000     0.000 r  ap_clk (IN)
                         net (fo=5742, unset)         0.432     0.432    bd_0_i/hls_inst/inst/grp_process_pdu_fu_144/grp_iscsi_login_fu_178/grp_write_key_value_int_2_fu_1166/ap_clk
    SLICE_X54Y19         FDRE                                         r  bd_0_i/hls_inst/inst/grp_process_pdu_fu_144/grp_iscsi_login_fu_178/grp_write_key_value_int_2_fu_1166/length_2_reg_196_reg[26]/C
                         clock pessimism              0.000     0.432    
    SLICE_X54Y19         FDRE (Hold_fdre_C_D)         0.121     0.553    bd_0_i/hls_inst/inst/grp_process_pdu_fu_144/grp_iscsi_login_fu_178/grp_write_key_value_int_2_fu_1166/length_2_reg_196_reg[26]
  -------------------------------------------------------------------
                         required time                         -0.553    
                         arrival time                           0.648    
  -------------------------------------------------------------------
                         slack                                  0.096    





Pulse Width Checks
--------------------------------------------------------------------------------------
Clock Name:         ap_clk
Waveform(ns):       { 0.000 5.000 }
Period(ns):         10.000
Sources:            { ap_clk }

Check Type        Corner  Lib Pin             Reference Pin  Required(ns)  Actual(ns)  Slack(ns)  Location     Pin
Min Period        n/a     RAMB36E1/CLKARDCLK  n/a            2.944         10.000      7.056      RAMB36_X3Y3  bd_0_i/hls_inst/inst/grp_process_pdu_fu_144/grp_iscsi_login_fu_178/instance_data_U/iscsi_login_instance_data_ram_U/ram_reg_0/CLKARDCLK
Low Pulse Width   Fast    RAMS32/CLK          n/a            1.250         5.000       3.750      SLICE_X46Y9  bd_0_i/hls_inst/inst/grp_process_pdu_fu_144/grp_iscsi_login_fu_178/buffer_r_U/iscsi_login_buffer_r_ram_U/ram_reg_0_15_0_0/SP/CLK
High Pulse Width  Slow    RAMS32/CLK          n/a            1.250         5.000       3.750      SLICE_X46Y9  bd_0_i/hls_inst/inst/grp_process_pdu_fu_144/grp_iscsi_login_fu_178/buffer_r_U/iscsi_login_buffer_r_ram_U/ram_reg_0_15_0_0/SP/CLK



