INFO-FLOW: Workspace /home/phirasit/project/san-adapter/iscsi_hls/iscsi_processor opened at Fri Jan 31 15:13:33 +07 2020
Execute     config_clock -quiet -name default -period 10 -default=false 
INFO: [SYN 201-201] Setting up clock 'default' with a period of 10ns.
Execute     open_platform DefaultPlatform 
Execute     import_lib /opt/vivado/Vivado/2019.1/common/technology/xilinx/zynq/zynq 
Execute       source /opt/vivado/Vivado/2019.1/common/technology/xilinx/common/xilinx.lib 
Execute         source /opt/vivado/Vivado/2019.1/common/technology/xilinx/interface/xilinx_interface.lib 
Execute           source /opt/vivado/Vivado/2019.1/common/technology/xilinx/interface/plb46.lib 
Execute           source /opt/vivado/Vivado/2019.1/common/technology/xilinx/interface/fsl.lib 
Execute           source /opt/vivado/Vivado/2019.1/common/technology/xilinx/interface/axi4.lib 
Execute           source /opt/vivado/Vivado/2019.1/common/technology/xilinx/interface/maxi.lib 
Execute           source /opt/vivado/Vivado/2019.1/common/technology/xilinx/interface/saxilite.lib 
Execute         source /opt/vivado/Vivado/2019.1/common/technology/xilinx/common/dsp48.lib 
Execute         source /opt/vivado/Vivado/2019.1/common/technology/xilinx/ip/xfir.lib 
Execute         source /opt/vivado/Vivado/2019.1/common/technology/xilinx/ip/xfft.lib 
Execute         source /opt/vivado/Vivado/2019.1/common/technology/xilinx/ip/dds_compiler.lib 
Execute       source /opt/vivado/Vivado/2019.1/common/technology/xilinx/common/xilinx.hlp 
Execute         source /opt/vivado/Vivado/2019.1/common/technology/xilinx/common/target_info.tcl 
Execute         source /opt/vivado/Vivado/2019.1/common/technology/xilinx/interface/xilinx_interface.hlp 
Execute           source /opt/vivado/Vivado/2019.1/common/technology/xilinx/interface/maxi.hlp 
Execute           source /opt/vivado/Vivado/2019.1/common/technology/xilinx/interface/saxilite.hlp 
Execute         source /opt/vivado/Vivado/2019.1/common/technology/xilinx/common/dsp48.hlp 
Execute       source /opt/vivado/Vivado/2019.1/common/technology/xilinx/zynq/dsp48e1.hlp 
Execute       source /opt/vivado/Vivado/2019.1/common/technology/xilinx/common/xilinx.hlp 
Execute         source /opt/vivado/Vivado/2019.1/common/technology/xilinx/common/target_info.tcl 
Execute         source /opt/vivado/Vivado/2019.1/common/technology/xilinx/interface/xilinx_interface.hlp 
Execute           source /opt/vivado/Vivado/2019.1/common/technology/xilinx/interface/maxi.hlp 
Execute           source /opt/vivado/Vivado/2019.1/common/technology/xilinx/interface/saxilite.hlp 
Execute         source /opt/vivado/Vivado/2019.1/common/technology/xilinx/common/dsp48.hlp 
Execute     source /opt/vivado/Vivado/2019.1/common/technology/xilinx/zynq/zynq.gen 
Execute       source /opt/vivado/Vivado/2019.1/common/technology/xilinx/common/xilinx.gen 
Execute         source /opt/vivado/Vivado/2019.1/common/technology/xilinx/interface/plb46.gen 
Execute         source /opt/vivado/Vivado/2019.1/common/technology/xilinx/interface/fsl.gen 
Execute         source /opt/vivado/Vivado/2019.1/common/technology/xilinx/interface/axi4.gen 
Execute         source /opt/vivado/Vivado/2019.1/common/technology/xilinx/interface/nativeAXI4.gen 
Execute           source /opt/vivado/Vivado/2019.1/common/technology/xilinx/interface/saxilite.gen 
Execute           source /opt/vivado/Vivado/2019.1/common/technology/xilinx/interface/maxi.gen 
Execute         source /opt/vivado/Vivado/2019.1/common/technology/xilinx/scripts/xilinxcoregen.gen 
Execute         source /opt/vivado/Vivado/2019.1/common/technology/xilinx/interface/XilEDKCoreGen.gen 
Execute         source /opt/vivado/Vivado/2019.1/common/technology/xilinx/ip/dds_compiler.gen 
Execute         source /opt/vivado/Vivado/2019.1/common/technology/xilinx/ip/util.gen 
Execute         source /opt/vivado/Vivado/2019.1/common/technology/xilinx/ip/xfft.gen 
Execute         source /opt/vivado/Vivado/2019.1/common/technology/xilinx/ip/xfir.gen 
Execute         source /opt/vivado/Vivado/2019.1/common/technology/xilinx/common/dsp48.gen 
Command       ap_source done; 0.13 sec.
Command     ap_source done; 0.13 sec.
Execute     open_platform DefaultPlatform 
Execute     import_lib /opt/vivado/Vivado/2019.1/common/technology/xilinx/zynq/zynq_fpv6 
Execute       source /opt/vivado/Vivado/2019.1/common/technology/xilinx/common/xilinx_fp.lib 
Execute       source /opt/vivado/Vivado/2019.1/common/technology/xilinx/common/xilinx_fp.hlp 
Execute         source /opt/vivado/Vivado/2019.1/common/technology/xilinx/common/xilinx.hlp 
Execute           source /opt/vivado/Vivado/2019.1/common/technology/xilinx/common/target_info.tcl 
Execute           source /opt/vivado/Vivado/2019.1/common/technology/xilinx/interface/xilinx_interface.hlp 
Execute             source /opt/vivado/Vivado/2019.1/common/technology/xilinx/interface/maxi.hlp 
Execute             source /opt/vivado/Vivado/2019.1/common/technology/xilinx/interface/saxilite.hlp 
Execute           source /opt/vivado/Vivado/2019.1/common/technology/xilinx/common/dsp48.hlp 
Execute     source /opt/vivado/Vivado/2019.1/common/technology/xilinx/zynq/zynq_fpv6.gen 
Execute       source /opt/vivado/Vivado/2019.1/common/technology/xilinx/common/xilinx_fp.gen 
Execute     set_part xc7z020-clg484-1 
Execute       ap_part_info -name xc7z020-clg484-1 -data single -quiet 
Command       ap_part_info done; 0.83 sec.
Execute       ap_part_info -name xc7z020-clg484-1 -data info 
Execute       add_library xilinx/zynq/zynq:xc7z020:-clg484:-1 
Execute         get_default_platform 
Execute         license_isbetapart xc7z020 
Command         license_isbetapart done; error code: 1; 
Execute         ap_part_info -data single -name xc7z020-clg484-1 
Execute         ap_part_info -name xc7z020-clg484-1 -data resources 
Execute         ap_part_info -name xc7z020-clg484-1 -data info 
Execute         ap_part_info -name xc7z020-clg484-1 -data info 
Execute         config_chip_info -quiet -resource {SLICE 13300} {LUT 53200} {FF 106400} {DSP48E 220} {BRAM 280} {URAM 0} 
Execute         ap_part_info -name xc7z020-clg484-1 -data info 
Execute         config_chip_info -quiet -speed slow 
Execute       add_library xilinx/zynq/zynq_fpv6 
Execute         get_default_platform 
INFO: [HLS 200-10] Setting target device to 'xc7z020-clg484-1'
Execute       ap_part_info -name xc7z020-clg484-1 -data info 
Execute       get_default_platform 
Command     set_part done; 0.94 sec.
Execute     ap_part_info -data single -name xc7z020-clg484-1 
Execute     ap_part_info -name xc7z020-clg484-1 -data resources 
Execute     ap_part_info -name xc7z020-clg484-1 -data info 
Execute     ap_part_info -name xc7z020-clg484-1 -data info 
Execute     config_chip_info -quiet -resource {SLICE 13300} {LUT 53200} {FF 106400} {DSP48E 220} {BRAM 280} {URAM 0} 
Execute     ap_part_info -name xc7z020-clg484-1 -data info 
Execute     config_chip_info -quiet -speed slow 
Execute     config_export -format=ip_catalog 
Execute     config_export -rtl=verilog 
Command   open_solution done; 1.12 sec.
Execute   set_part xc7z020-clg484-1 -tool vivado 
Execute     ap_part_info -name xc7z020-clg484-1 -data single -quiet 
Execute     ap_part_info -name xc7z020-clg484-1 -data info 
Execute     add_library xilinx/zynq/zynq:xc7z020:-clg484:-1 
Execute       get_default_platform 
Execute       license_isbetapart xc7z020 
Command       license_isbetapart done; error code: 1; 
Execute       ap_part_info -data single -name xc7z020-clg484-1 
Execute       ap_part_info -name xc7z020-clg484-1 -data resources 
Execute       ap_part_info -name xc7z020-clg484-1 -data info 
Execute       ap_part_info -name xc7z020-clg484-1 -data info 
Execute       config_chip_info -quiet -resource {SLICE 13300} {LUT 53200} {FF 106400} {DSP48E 220} {BRAM 280} {URAM 0} 
Execute       ap_part_info -name xc7z020-clg484-1 -data info 
Execute       config_chip_info -quiet -speed slow 
Execute     add_library xilinx/zynq/zynq_fpv6 
Execute       get_default_platform 
Execute     ap_part_info -name xc7z020-clg484-1 -data info 
Execute     get_default_platform 
Command   set_part done; 0.11 sec.
Execute   create_clock -period 10 -name default 
Execute   config_export -format ip_catalog -rtl verilog 
Execute   csynth_design 
Execute     get_config_compile -dump_cfg 
Execute     get_config_compile -effort 
Execute     get_config_compile -enable_clang39 
Execute     get_config_compile -g 
Execute     get_config_compile -ng 
Execute     get_config_compile -opt_fp 
Execute     get_config_compile -skip_cdt 
Execute     get_config_compile -skip_syncheck 
Execute     get_config_compile -skip_transform 
Execute     get_config_compile -keep_printf 
Execute     elaborate -effort=medium -skip_syncheck=0 -keep_printf=0 -skip_cdt=0 -skip_transform=0 -ng=0 -g=0 -opt_fp=0 -from_csynth_design=1 
Execute       get_config_schedule -relax_ii_for_timing 
INFO: [SCHED 204-61] Option 'relax_ii_for_timing' is enabled, will increase II to preserve clock frequency constraints.
Execute       get_config_schedule -suppress_dependence_error_break 
INFO: [HLS 200-10] Analyzing design file 'iscsi_hls/iscsi_processor/src/iscsi_top_level.cpp' ... 
INFO-FLOW: Compiling one TU...
Execute       is_m_axi_addr64 
INFO-FLOW: Handling iscsi_hls/iscsi_processor/src/iscsi_top_level.cpp as C++
Execute       ap_part_info -name xc7z020-clg484-1 -data info 
Execute       is_encrypted iscsi_hls/iscsi_processor/src/iscsi_top_level.cpp 
Execute       ap_part_info -name xc7z020-clg484-1 -data info 
INFO-FLOW: Running: GCC PP
INFO-FLOW: Source preprocessing
Execute       clang  -fno-limit-debug-info -gcc-toolchain "/opt/vivado/Vivado/2019.1/lnx64/tools/gcc" -hls  -fno-exceptions  -D__llvm__  -E "iscsi_hls/iscsi_processor/src/iscsi_top_level.cpp"     -fno-math-errno -c -emit-llvm -O0  -mllvm -disable-llvm-optzns -fno-threadsafe-statics  -fno-use-cxa-atexit  -fno-threadsafe-statics -fno-use-cxa-atexit -D__CLANG_3_1__ -DAESL_SYN -D__SYNTHESIS__ -D__HLS_SYN__ -I "/opt/vivado/Vivado/2019.1/common/technology/autopilot" -I "/opt/vivado/Vivado/2019.1/common/technology/autopilot/ap_sysc" -include etc/autopilot_ssdm_op.h -D__DSP48E1__  -o "/home/phirasit/project/san-adapter/iscsi_hls/iscsi_processor/.autopilot/db/iscsi_top_level.pp.0.cpp" 
INFO-FLOW: exec /opt/vivado/Vivado/2019.1/lnx64/tools/clang/bin/clang -fno-limit-debug-info -gcc-toolchain /opt/vivado/Vivado/2019.1/lnx64/tools/gcc -hls -fno-exceptions -D__llvm__ -E iscsi_hls/iscsi_processor/src/iscsi_top_level.cpp -fno-math-errno -c -emit-llvm -O0 -mllvm -disable-llvm-optzns -fno-threadsafe-statics -fno-use-cxa-atexit -fno-threadsafe-statics -fno-use-cxa-atexit -D__CLANG_3_1__ -DAESL_SYN -D__SYNTHESIS__ -D__HLS_SYN__ -I /opt/vivado/Vivado/2019.1/common/technology/autopilot -I /opt/vivado/Vivado/2019.1/common/technology/autopilot/ap_sysc -include etc/autopilot_ssdm_op.h -D__DSP48E1__ -o /home/phirasit/project/san-adapter/iscsi_hls/iscsi_processor/.autopilot/db/iscsi_top_level.pp.0.cpp
Command       clang done; 1.95 sec.
Execute       tidy_31 xilinx-xfmat-array-geometry /home/phirasit/project/san-adapter/iscsi_hls/iscsi_processor/.autopilot/db/iscsi_top_level.pp.0.cpp std=gnu++98 
INFO-FLOW: exec /opt/vivado/Vivado/2019.1/lnx64/tools/clang-3.9-csynth/bin/tidy-3.1 -header-filter=.* -checks=-*,xilinx-xfmat-array-geometry -quiet -fix /home/phirasit/project/san-adapter/iscsi_hls/iscsi_processor/.autopilot/db/iscsi_top_level.pp.0.cpp -- -std=gnu++98 -fhls -ferror-limit=0
Command       tidy_31 done; 1.02 sec.
INFO-FLOW: Syntax Checking before pre-processing...
Execute       clang -syntaxcheck -src /home/phirasit/project/san-adapter/iscsi_hls/iscsi_processor/.autopilot/db/iscsi_top_level.pp.0.cpp  -fno-limit-debug-info -gcc-toolchain "/opt/vivado/Vivado/2019.1/lnx64/tools/gcc" -hls    -fno-math-errno -c -emit-llvm -O0  -mllvm -disable-llvm-optzns -fno-threadsafe-statics  -fno-use-cxa-atexit  -fno-threadsafe-statics -fno-use-cxa-atexit -D__CLANG_3_1__ -DAESL_SYN -D__SYNTHESIS__ -D__HLS_SYN__ -I "/opt/vivado/Vivado/2019.1/common/technology/autopilot" -I "/opt/vivado/Vivado/2019.1/common/technology/autopilot/ap_sysc" -include etc/autopilot_ssdm_op.h -D__DSP48E1__  "/home/phirasit/project/san-adapter/iscsi_hls/iscsi_processor/.autopilot/db/iscsi_top_level.pp.0.cpp"  -o "/home/phirasit/project/san-adapter/iscsi_hls/iscsi_processor/.autopilot/db/useless.bc"  
INFO-FLOW: exec /opt/vivado/Vivado/2019.1/lnx64/tools/clang/bin/clang -fno-limit-debug-info -gcc-toolchain /opt/vivado/Vivado/2019.1/lnx64/tools/gcc -hls -fno-math-errno -c -emit-llvm -O0 -mllvm -disable-llvm-optzns -fno-threadsafe-statics -fno-use-cxa-atexit -fno-threadsafe-statics -fno-use-cxa-atexit -D__CLANG_3_1__ -DAESL_SYN -D__SYNTHESIS__ -D__HLS_SYN__ -I /opt/vivado/Vivado/2019.1/common/technology/autopilot -I /opt/vivado/Vivado/2019.1/common/technology/autopilot/ap_sysc -include etc/autopilot_ssdm_op.h -D__DSP48E1__ /home/phirasit/project/san-adapter/iscsi_hls/iscsi_processor/.autopilot/db/iscsi_top_level.pp.0.cpp -o /home/phirasit/project/san-adapter/iscsi_hls/iscsi_processor/.autopilot/db/useless.bc
WARNING: [HLS 200-40] In file included from iscsi_hls/iscsi_processor/src/iscsi_top_level.cpp:1:
In file included from iscsi_hls/iscsi_processor/src/iscsi_top_level.cpp:4:
iscsi_hls/iscsi_processor/src/data_type.hpp:6:14: warning: alias declarations are a C++11 extension [-Wc++11-extensions]
using flag = ap_uint<1>;
             ^
iscsi_hls/iscsi_processor/src/data_type.hpp:7:17: warning: alias declarations are a C++11 extension [-Wc++11-extensions]
using clock_t = ap_uint<1>;
                ^
iscsi_hls/iscsi_processor/src/data_type.hpp:9:14: warning: alias declarations are a C++11 extension [-Wc++11-extensions]
using byte = ap_uint<8>;
             ^
iscsi_hls/iscsi_processor/src/data_type.hpp:10:15: warning: alias declarations are a C++11 extension [-Wc++11-extensions]
using byte4 = ap_uint<32>;
              ^
4 warnings generated.
Command       clang done; 2.44 sec.
INFO-FLOW: Done: GCC PP time: 5.4 seconds per iteration
Execute       source /opt/vivado/Vivado/2019.1/tps/tcl/tcllib1.11.1/yaml/huddle.tcl 
Execute       source /opt/vivado/Vivado/2019.1/tps/tcl/tcllib1.11.1/yaml/json2huddle.tcl 
Execute         source /opt/vivado/Vivado/2019.1/tps/tcl/tcllib1.11.1/try/try.tcl 
Execute       list_core -type functional_unit 
Execute       tidy_31 xilinx-systemc-detector /home/phirasit/project/san-adapter/iscsi_hls/iscsi_processor/.autopilot/db/iscsi_top_level.pp.0.cpp std=gnu++98 -directive=/home/phirasit/project/san-adapter/iscsi_hls/iscsi_processor/.autopilot/db/.systemc_flag 
INFO-FLOW: exec /opt/vivado/Vivado/2019.1/lnx64/tools/clang-3.9-csynth/bin/tidy-3.1 -header-filter=.* -checks=-*,xilinx-systemc-detector -import-directive=/home/phirasit/project/san-adapter/iscsi_hls/iscsi_processor/.autopilot/db/.systemc_flag -quiet -fix-errors /home/phirasit/project/san-adapter/iscsi_hls/iscsi_processor/.autopilot/db/iscsi_top_level.pp.0.cpp -- -std=gnu++98 -fhls -ferror-limit=0
Command       tidy_31 done; 0.88 sec.
INFO-FLOW: Running: tidy-3.1 CDT preprocess
Execute       tidy_31 xilinx-directive2pragma /home/phirasit/project/san-adapter/iscsi_hls/iscsi_processor/.autopilot/db/iscsi_top_level.pp.0.cpp std=gnu++98 -directive=/home/phirasit/project/san-adapter/iscsi_hls/iscsi_processor/.autopilot/db/all.directive.json 
INFO-FLOW: exec /opt/vivado/Vivado/2019.1/lnx64/tools/clang-3.9-csynth/bin/tidy-3.1 -header-filter=.* -checks=-*,xilinx-directive2pragma -import-directive=/home/phirasit/project/san-adapter/iscsi_hls/iscsi_processor/.autopilot/db/all.directive.json -quiet -fix-errors /home/phirasit/project/san-adapter/iscsi_hls/iscsi_processor/.autopilot/db/iscsi_top_level.pp.0.cpp -- -std=gnu++98 -fhls -ferror-limit=0
Command       tidy_31 done; 0.84 sec.
Execute       get_config_dataflow -strict_mode 
Execute       ap_eval exec -ignorestderr /opt/vivado/Vivado/2019.1/lnx64/tools/clang-3.9-csynth/bin/xilinx-dataflow-lawyer -export-fixes=/home/phirasit/project/san-adapter/iscsi_hls/iscsi_processor/.autopilot/db/xilinx-dataflow-lawyer.iscsi_top_level.pp.0.cpp.diag.yml /home/phirasit/project/san-adapter/iscsi_hls/iscsi_processor/.autopilot/db/iscsi_top_level.pp.0.cpp -- -std=gnu++98 -fhls -ferror-limit=0 -fstrict-dataflow > /home/phirasit/project/san-adapter/iscsi_hls/iscsi_processor/.autopilot/db/xilinx-dataflow-lawyer.iscsi_top_level.pp.0.cpp.out.log 2> /home/phirasit/project/san-adapter/iscsi_hls/iscsi_processor/.autopilot/db/xilinx-dataflow-lawyer.iscsi_top_level.pp.0.cpp.err.log 
Command       ap_eval done; 0.78 sec.
Execute       tidy_31 -errorcheck xilinx-constantarray-param,xilinx-resource-pragma-transformer,xilinx-xfmat-array-geometry /home/phirasit/project/san-adapter/iscsi_hls/iscsi_processor/.autopilot/db/iscsi_top_level.pp.0.cpp std=gnu++98 
Execute         ap_eval exec -ignorestderr /opt/vivado/Vivado/2019.1/lnx64/tools/clang-3.9-csynth/bin/tidy-3.1 -export-fixes=/home/phirasit/project/san-adapter/iscsi_hls/iscsi_processor/.autopilot/db/tidy-3.1.iscsi_top_level.pp.0.cpp.diag.yml -header-filter=.* -checks=-*,xilinx-constantarray-param,xilinx-resource-pragma-transformer,xilinx-xfmat-array-geometry -quiet -fix-errors /home/phirasit/project/san-adapter/iscsi_hls/iscsi_processor/.autopilot/db/iscsi_top_level.pp.0.cpp -- -std=gnu++98 -fhls -ferror-limit=0 > /home/phirasit/project/san-adapter/iscsi_hls/iscsi_processor/.autopilot/db/tidy-3.1.iscsi_top_level.pp.0.cpp.out.log 2> /home/phirasit/project/san-adapter/iscsi_hls/iscsi_processor/.autopilot/db/tidy-3.1.iscsi_top_level.pp.0.cpp.err.log 
Command         ap_eval done; 1 sec.
Execute         ap_eval exec -ignorestderr /opt/vivado/Vivado/2019.1/lnx64/tools/clang-3.9-csynth/bin/xilinx-legacy-rewriter /home/phirasit/project/san-adapter/iscsi_hls/iscsi_processor/.autopilot/db/iscsi_top_level.pp.0.cpp -- -std=gnu++98 -fhls -ferror-limit=0 > /home/phirasit/project/san-adapter/iscsi_hls/iscsi_processor/.autopilot/db/xilinx-legacy-rewriter.iscsi_top_level.pp.0.cpp.out.log 2> /home/phirasit/project/san-adapter/iscsi_hls/iscsi_processor/.autopilot/db/xilinx-legacy-rewriter.iscsi_top_level.pp.0.cpp.err.log 
Command         ap_eval done; 0.78 sec.
Command       tidy_31 done; 1.79 sec.
INFO-FLOW: Done: tidy-3.1 CDT preprocess time: 3.4 seconds per iteration
INFO-FLOW: Pragma Handling...
Execute       tidy_31 xilinx-ssdm-intrinsics-arguments /home/phirasit/project/san-adapter/iscsi_hls/iscsi_processor/.autopilot/db/iscsi_top_level.pragma.1.cpp std=gnu++98 
INFO-FLOW: exec /opt/vivado/Vivado/2019.1/lnx64/tools/clang-3.9-csynth/bin/tidy-3.1 -header-filter=.* -checks=-*,xilinx-ssdm-intrinsics-arguments -quiet -fix-errors /home/phirasit/project/san-adapter/iscsi_hls/iscsi_processor/.autopilot/db/iscsi_top_level.pragma.1.cpp -- -std=gnu++98 -fhls -ferror-limit=0
Command       tidy_31 done; 1 sec.
Execute       ap_part_info -name xc7z020-clg484-1 -data info 
INFO-FLOW: Processing labels
Execute       clang -src /home/phirasit/project/san-adapter/iscsi_hls/iscsi_processor/.autopilot/db/iscsi_top_level.pragma.2.cpp  -fno-limit-debug-info -gcc-toolchain /opt/vivado/Vivado/2019.1/lnx64/tools/gcc -hls -hls-analyze-label -hls-analyze-pragma -fno-exceptions  -D__llvm__  -w  "/home/phirasit/project/san-adapter/iscsi_hls/iscsi_processor/.autopilot/db/iscsi_top_level.pragma.2.cpp"    -fno-math-errno -c -emit-llvm -O0  -mllvm -disable-llvm-optzns -fno-threadsafe-statics  -fno-use-cxa-atexit -DAESL_SYN -D__SYNTHESIS__ -D__HLS_SYN__ -I "/opt/vivado/Vivado/2019.1/common/technology/autopilot" -I "/opt/vivado/Vivado/2019.1/common/technology/autopilot/ap_sysc" -include etc/autopilot_ssdm_op.h -D__DSP48E1__ -g -o "/home/phirasit/project/san-adapter/iscsi_hls/iscsi_processor/.autopilot/db/iscsi_top_level.bc" 
INFO-FLOW: exec /opt/vivado/Vivado/2019.1/lnx64/tools/clang/bin/clang -fno-limit-debug-info -gcc-toolchain /opt/vivado/Vivado/2019.1/lnx64/tools/gcc -hls -hls-analyze-label -hls-analyze-pragma -fno-exceptions -D__llvm__ -w /home/phirasit/project/san-adapter/iscsi_hls/iscsi_processor/.autopilot/db/iscsi_top_level.pragma.2.cpp -fno-math-errno -c -emit-llvm -O0 -mllvm -disable-llvm-optzns -fno-threadsafe-statics -fno-use-cxa-atexit -DAESL_SYN -D__SYNTHESIS__ -D__HLS_SYN__ -I /opt/vivado/Vivado/2019.1/common/technology/autopilot -I /opt/vivado/Vivado/2019.1/common/technology/autopilot/ap_sysc -include etc/autopilot_ssdm_op.h -D__DSP48E1__ -g -o /home/phirasit/project/san-adapter/iscsi_hls/iscsi_processor/.autopilot/db/iscsi_top_level.bc
Command       clang done; 2.4 sec.
INFO-FLOW: Linking Debug ...
Execute       llvm-ld /home/phirasit/project/san-adapter/iscsi_hls/iscsi_processor/.autopilot/db/iscsi_top_level.g.bc -hls-opt -except-internalize iscsi_interface -L/opt/vivado/Vivado/2019.1/lnx64/lib -lhlsm -lhlsmc++ -o /home/phirasit/project/san-adapter/iscsi_hls/iscsi_processor/.autopilot/db/a.g 
Command       llvm-ld done; 0.96 sec.
INFO: [HLS 200-111] Finished Linking Time (s): cpu = 00:00:15 ; elapsed = 00:00:16 . Memory (MB): peak = 903.434 ; gain = 202.105 ; free physical = 317 ; free virtual = 5317
INFO: [HLS 200-111] Finished Checking Pragmas Time (s): cpu = 00:00:15 ; elapsed = 00:00:16 . Memory (MB): peak = 903.434 ; gain = 202.105 ; free physical = 317 ; free virtual = 5317
Execute       get_config_sdx -target 
Execute       opt_and_import_c a -opt_level=2 -skip_syncheck=0 -ng=0 -keep_printf=0 
Execute         cleanup_all_models 
INFO: [HLS 200-10] Starting code transformations ...
Execute         transform -promote-dbg-pointer /home/phirasit/project/san-adapter/iscsi_hls/iscsi_processor/.autopilot/db/a.pp.bc -o /home/phirasit/project/san-adapter/iscsi_hls/iscsi_processor/.autopilot/db/a.pp.0.bc -f 
Execute         llvm-ld /home/phirasit/project/san-adapter/iscsi_hls/iscsi_processor/.autopilot/db/a.pp.0.bc -disable-opt -L/opt/vivado/Vivado/2019.1/lnx64/lib -lfloatconversion -o /home/phirasit/project/san-adapter/iscsi_hls/iscsi_processor/.autopilot/db/a.g.0 
Command         llvm-ld done; 0.94 sec.
INFO-FLOW: Running Standard Transforms...
Execute         transform -hls -share-std-xform -demangle-name -inline-byval-memcpy -always-inline -promote-dbg-pointer -interface-preproc -mem2reg -scalarrepl -mem2reg -keep-read-access -instcombine -dce -promote-dbg-pointer -bitop-raise -loop-simplify -indvarspre -indvars -loop-simplify -xunroll -constprop -instcombine -simplifycfg -indvars -simplifycfg -dce -globaldce -basicaa -simplifycfg -mem2reg -globalopt -global-constprop -deadargelim -instcombine -simplifycfg -prune-eh -simplifycfg -scalarrepl -instcombine -reassociate -licm -simplifycfg -loop-simplify -indvars -instcombine -simplifycfg -mem2reg -loop-simplify -indvars -instcombine -gvn -gvn -instcombine -adce -break-crit-edges -simplifycfg -loop-delete -global-array-opt -dce -dse -adce -find-syn-modules -top iscsi_interface -deadargelim -mem2reg -instcombine -dce -presyn-prepare -auto-rom-infer -interface-preproc -syn-check -check-rec-only -find-region -simplifycfg -func-extr -function-inline -globaldce -mem2reg -instcombine -dce -gvn -globaldce -adce -adse -constprop -instcombine -bit-constprop -instcombine -dce -simplifycfg -bitop-raise -simplifycfg -dce -loop-delete -reassociate -globalopt -global-privatize -mem2reg -dce -global-constprop -pointer-simplify -constprop -dce -func-inst -deadargelim -auto-shift-reg-idiom -promote-dbg-pointer -norm-name /home/phirasit/project/san-adapter/iscsi_hls/iscsi_processor/.autopilot/db/a.g.0.bc -o /home/phirasit/project/san-adapter/iscsi_hls/iscsi_processor/.autopilot/db/a.g.1.bc -f -phase std-opt 
INFO: [HLS 200-111] Finished Standard Transforms Time (s): cpu = 00:00:16 ; elapsed = 00:00:17 . Memory (MB): peak = 903.434 ; gain = 202.105 ; free physical = 310 ; free virtual = 5315
INFO: [HLS 200-10] Checking synthesizability ...
INFO-FLOW: Checking Synthesizability 1/2..
Execute         transform -hls -syn-check -check-rec-only -disaggr -scalarrepl -norm-name -dce -mem2reg -instcombine -function-uniquify -directive-preproc -mem2reg -dse -dce -auto-rom-infer -dce -pag -array-normalize -instcombine -dce -warn-fifo-pointer -array-seg-normalize -instcombine -dce -array-flatten -instcombine -dce -array-burst -dce -deadargelim -promote-global-argument -simplifycfg -mem2reg -globaldce -dce -deadargelim -dce -instcombine -function-inline -globaldce -dce -doublePtrSimplify -doublePtrElim -dce -doublePtrSimplify -promote-dbg-pointer -dce -scalarrepl -dse -adse -instcombine -ptrLegalization -simplifycfg -dce -instcombine -pointer-simplify -ptrArgReplace -dce -instcombine -resolve-double-ptr -disaggr -scalarrepl -norm-name -dce -mem2reg -instcombine -ptrLegalization -simplifycfg -deadargelim -instcombine -dce -inst-simplify -function-uniquify -directive-preproc -mem2reg -dse -dce -globaldce -check-dspbuiltin /home/phirasit/project/san-adapter/iscsi_hls/iscsi_processor/.autopilot/db/a.g.1.bc -o /home/phirasit/project/san-adapter/iscsi_hls/iscsi_processor/.autopilot/db/a.g.2.prechk.bc -f 
INFO-FLOW: Checking Synthesizability 2/2..
Execute         transform -syn-check /home/phirasit/project/san-adapter/iscsi_hls/iscsi_processor/.autopilot/db/a.g.2.prechk.bc -o /home/phirasit/project/san-adapter/iscsi_hls/iscsi_processor/.autopilot/db/a.g.2.bc -f -phase syn-check 
INFO: [HLS 200-111] Finished Checking Synthesizability Time (s): cpu = 00:00:16 ; elapsed = 00:00:17 . Memory (MB): peak = 903.434 ; gain = 202.105 ; free physical = 308 ; free virtual = 5313
INFO-FLOW: Compiler optimizing ...
INFO-FLOW: Share syncheck's 1.bc for syn flow: copy /home/phirasit/project/san-adapter/iscsi_hls/iscsi_processor/.autopilot/db/a.g.1.bc to /home/phirasit/project/san-adapter/iscsi_hls/iscsi_processor/.autopilot/db/a.o.1.bc
INFO-FLOW: Presyn 1...
Execute         transform -hls -tmp /home/phirasit/project/san-adapter/iscsi_hls/iscsi_processor/.autopilot/db -interface-port-rename -type-info -function-uniquify -directive-preproc -mem2reg -dse -dce -disaggr -scalarrepl -norm-name -deadargelim -mem2reg -instcombine -dce -simplifycfg -auto-rom-infer -dce -function-uniquify -resource-proc -clib-intrinsic-prepare -dce -func-buffer -dce -pag -array-normalize -func-legal -instcombine -gvn -constprop -dce -simplifycfg -mem2reg -globaldce -resolve-double-ptr -dce -deadargelim -dce -instcombine -ptrArgReplace -mem2reg -dce -array-seg-normalize -deadargelim -instcombine -dce -pointer-simplify -dce -port-alignment -dce -interface-preproc -data-pack -instcombine -dce -basicaa -aggr-aa -aggrmodref-aa -aggr-aa -gvn -gvn -basicaa -aggr-aa -aggrmodref-aa -aggr-aa -dse -adse -adce -loop-simplify -indvars -instcombine -gvn -loop-simplify -mem2reg -dce -find-region -instcombine -auto-loop-pipeline -inst-simplify -interface-preproc -cfgopt -instcombine -indvars -auto-loop-unroll -loop-simplify -loop-bound -xunroll -constprop -instcombine -simplifycfg -indvars -simplifycfg -dce -globaldce -clean-region -attach-range -gvn -inst-simplify -constprop -simplifycfg -dce -pointer-simplify -dce -globalopt -constprop -dce -array-promote -constprop -dce -ptrArgReplace -mem2reg -simplifycfg -dce -auto-par -instcombine -dce -array-transform-check -array-reshape -instcombine -simplifycfg -dce -ptrArgReplace -deadargelim -mem2reg -instcombine -simplifycfg -dce -indvars -loop-simplify -loop-bound -xunroll -constprop -instcombine -simplifycfg -indvars -simplifycfg -dce -globaldce -basicaa -aggr-aa -aggrmodref-aa -aggr-aa -dse -duplicate-dataflow-processes -globaldce -instcombine -array-partition -instcombine -simplifycfg -dce -ptrArgReplace -global-constprop -deadargelim -mem2reg -func-legal -dce -global-constprop -deadargelim -mem2reg -simplifycfg -dce -merge-param -deadargelim -globalopt -constprop -dce -array-promote -constprop -dce -ptrArgReplace -mem2reg -simplifycfg -dce -mem-intrinsic-preproc -dce -global-internalize -global-privatize -mem2reg -globaldce -promote-global-argument -ptrArgReplace -mem2reg -dce -globalopt -mergereturn -simplify-global-access -mem2reg -dce -pointer-simplify -dce -functionattrs -basicaa -aggr-aa -aggrmodref-aa -aggr-aa -gvn -gvn -basicaa -aggr-aa -aggrmodref-aa -aggr-aa -dse -adse -adce -dce -norm-name -function-inline -complex-op-raise -inst-simplify -globaldce -func-inst -constprop -instcombine -simplifycfg -dce -func-legal -dce -loop-bound -arraycheck -bitwidthmin -on-by-dataflow -loop-delete -instcombine -simplifycfg -globaldce -dce -gvn -deadargelim -dce -loop-simplify -clean-region -simplifycfg -propagate-stable-arguments -loop-stream -instcombine -simplifycfg -dce -globaldce -duplicate-dataflow-processes -stream-intrinsic-preproc -dce -check-ap-stream -loop-simplify -eliminate-keepreads -extract-dataflow-in-loop -loop-simplify -dce -gvn -deadargelim -dse -check-dataflow-syntax -legalize-stream-variable -legalize-global -extract-subproc -dce -dead-channel-elimination -canonicalize-gep -globaldce -dce -gvn -deadargelim -annotate-dataflow-channels -scalar-propagation -deadargelim -globaldce -mem2reg -check-dataflow-channels -function-stream -dce -globaldce -prop-fifo-spec -internal-stream-gen -canonicalize-gep -globaldce -dce -gvn -deadargelim -mergereturn -indvars -loop-simplify -instcombine -array-stream -array-seg-normalize -array-partition -func-legal -instcombine -simplifycfg -dce -bundle-memfifo-ops -deadargelim -function-uniquify -directive-preproc -mem2reg -dse -dce -group-axi-access -licm -simplifycfg -dce -loop-delete -norm-name /home/phirasit/project/san-adapter/iscsi_hls/iscsi_processor/.autopilot/db/a.o.1.bc -o /home/phirasit/project/san-adapter/iscsi_hls/iscsi_processor/.autopilot/db/a.o.1.tmp.bc -f 
INFO: [XFORM 203-502] Unrolling all loops for pipelining in function 'iscsi_interface' (iscsi_hls/iscsi_processor/src/iscsi_top_level.cpp:16).
WARNING: [XFORM 203-503] Cannot unroll loop 'Loop-1' (iscsi_hls/iscsi_processor/src/iscsi_top_level.cpp:27) in function 'iscsi_interface' completely: infinite loop.
INFO-FLOW: Presyn 2...
Execute         transform -hls -keep-callgraph -scalarrepl -mem2reg -port-alignment -attach-range -dce -pipe-mux-gen -indvars -loop-bound -inst-simplify -instcombine -dce -merge-array-access -mem2reg -dce -clean-region -mergereturn -if-conv -instcombine -dce -constprop -basicaa -aggr-aa -aggrmodref-aa -aggr-aa -gvn -gvn -basicaa -aggr-aa -aggrmodref-aa -aggr-aa -dse -adse -adce -scalarrepl -mem2reg -global-constprop -deadargelim -deadargelim -instcombine -dce -simplifycfg -ptrArgReplace -mem2reg -function-inline -globaldce -mem2reg -instcombine -dce -expr-balance -instcombine -dce -bitwidthmin -interface-preproc -directive-preproc -inst-rectify -instcombine -dce -functionattrs -constprop -instcombine -bit-constprop -simplify-global-access -globalopt -globaldce -inst-simplify -instcombine -elimdeaddata -dce -loop-delete -simplifycfg -loop-simplify -auto-burst -norm-name /home/phirasit/project/san-adapter/iscsi_hls/iscsi_processor/.autopilot/db/a.o.1.tmp.bc -o /home/phirasit/project/san-adapter/iscsi_hls/iscsi_processor/.autopilot/db/a.o.2.bc -f -phase presyn 
INFO: [HLS 200-111] Finished Pre-synthesis Time (s): cpu = 00:00:16 ; elapsed = 00:00:17 . Memory (MB): peak = 903.434 ; gain = 202.105 ; free physical = 289 ; free virtual = 5295
INFO-FLOW: Building ssdm...
Execute         transform -hls -function-uniquify -auto-function-inline -globaldce -ptrArgReplace -mem2reg -dce -reset-lda -loop-simplify -indvars -licm -loop-dep -loop-bound -licm -loop-simplify -flattenloopnest -array-flatten -gvn -instcombine -dce -array-map -dce -func-legal -gvn -adce -instcombine -cfgopt -simplifycfg -loop-simplify -array-burst -promote-global-argument -dce -ptrLegalization -axi4-lower -array-seg-normalize -basicaa -aggrmodref-aa -globalsmodref-aa -aggr-aa -gvn -gvn -basicaa -aggrmodref-aa -globalsmodref-aa -aggr-aa -dse -adse -adce -licm -inst-simplify -dce -globaldce -instcombine -array-stream -eliminate-keepreads -instcombine -dce -deadargelim -doublePtrSimplify -doublePtrElim -dce -doublePtrSimplify -promote-dbg-pointer -dce -scalarrepl -mem2reg -disaggr -norm-name -mem2reg -instcombine -dse -adse -adce -ptrLegalization -dce -auto-rom-infer -array-flatten -dce -instcombine -check-doubleptr -loop-rot -constprop -cfgopt -simplifycfg -loop-simplify -indvars -pointer-simplify -dce -loop-bound -loop-simplify -loop-preproc -constprop -global-constprop -gvn -mem2reg -instcombine -dce -loop-bound -loop-merge -dce -bitwidthmin -deadargelim -dce -canonicalize-dataflow -dce -scalar-propagation -deadargelim -globaldce -mem2reg -read-loop-dep -interface-preproc -directive-preproc -interface-gen -bram-byte-enable -deadargelim -inst-simplify -dce -gvn -mem2reg -instcombine -dce -adse -loop-bound -instcombine -cfgopt -simplifycfg -loop-simplify -clean-region -io-protocol -find-region -mem2reg -bitop-raise -complex-op-raise -inst-simplify -inst-rectify -instcombine -adce -deadargelim -loop-simplify -phi-opt -bitop-raise -cfgopt -simplifycfg -strip-dead-prototypes -interface-lower -bitop-lower -intrinsic-lower -auto-function-inline -basicaa -aggrmodref-aa -globalsmodref-aa -aggr-aa -inst-simplify -simplifycfg -loop-simplify -mergereturn -inst-simplify -inst-rectify -dce -load-elim -bitop-lower -loop-rewind -pointer-simplify -dce -cfgopt -dce -loop-bound -loop-dep -read-loop-dep -dce -check-stream -norm-name -legalize -validate-dataflow -inst-clarity -bitwidth -dump-loop-dep-to-ir -check-all-ssdm -cdfg-build /home/phirasit/project/san-adapter/iscsi_hls/iscsi_processor/.autopilot/db/a.o.2.bc -o /home/phirasit/project/san-adapter/iscsi_hls/iscsi_processor/.autopilot/db/a.o.3.bc -f -phase build-ssdm 
WARNING: [XFORM 203-561] 'Loop-1' (iscsi_hls/iscsi_processor/src/iscsi_top_level.cpp:27:2) in function 'iscsi_interface' is an infinite loop.
INFO: [HLS 200-111] Finished Architecture Synthesis Time (s): cpu = 00:00:16 ; elapsed = 00:00:17 . Memory (MB): peak = 903.434 ; gain = 202.105 ; free physical = 288 ; free virtual = 5294
INFO-FLOW: Finish building internal data model.
Command       opt_and_import_c done; 1.28 sec.
Command     elaborate done; 15.47 sec.
Execute     autosyn -from_csynth_design=1 
INFO: [HLS 200-10] Starting hardware synthesis ...
INFO-FLOW: Synthesizing C/C++ design ...
INFO: [HLS 200-10] Synthesizing 'iscsi_interface' ...
Execute       ap_set_top_model iscsi_interface 
Execute       get_model_list iscsi_interface -filter all-wo-channel -topdown 
Execute       preproc_iomode -model iscsi_interface 
Execute       get_model_list iscsi_interface -filter all-wo-channel 
INFO-FLOW: Model list for configure: iscsi_interface
INFO-FLOW: Configuring Module : iscsi_interface ...
Execute       set_default_model iscsi_interface 
Execute       apply_spec_resource_limit iscsi_interface 
INFO-FLOW: Model list for preprocess: iscsi_interface
INFO-FLOW: Preprocessing Module: iscsi_interface ...
Execute       set_default_model iscsi_interface 
Execute       cdfg_preprocess -model iscsi_interface 
Execute       rtl_gen_preprocess iscsi_interface 
INFO-FLOW: Model list for synthesis: iscsi_interface
INFO: [HLS 200-10] ----------------------------------------------------------------
INFO: [HLS 200-42] -- Implementing module 'iscsi_interface' 
INFO: [HLS 200-10] ----------------------------------------------------------------
Execute       set_default_model iscsi_interface 
Execute       schedule -model iscsi_interface 
INFO: [SCHED 204-11] Starting scheduling ...
WARNING: [SCHED 204-65] Unable to satisfy pipeline directive: Function contains subloop(s) not being unrolled.
INFO: [SCHED 204-11] Finished scheduling.
INFO: [HLS 200-111]  Elapsed time: 16.99 seconds; current allocated memory: 106.220 MB.
Execute       syn_report -verbosereport -o /home/phirasit/project/san-adapter/iscsi_hls/iscsi_processor/.autopilot/db/iscsi_interface.verbose.sched.rpt 
INFO: [HLS 200-434] Only 0 loops out of a total 1 loops have been pipelined in this design.
Execute       db_write -o /home/phirasit/project/san-adapter/iscsi_hls/iscsi_processor/.autopilot/db/iscsi_interface.sched.adb -f 
INFO-FLOW: Finish scheduling iscsi_interface.
Execute       set_default_model iscsi_interface 
Execute       bind -model iscsi_interface 
BIND OPTION: model=iscsi_interface
INFO: [BIND 205-100] Starting micro-architecture generation ...
INFO: [BIND 205-101] Performing variable lifetime analysis.
INFO: [BIND 205-101] Exploring resource sharing.
INFO: [BIND 205-101] Binding ...
INFO: [BIND 205-100] Finished micro-architecture generation.
INFO: [HLS 200-111]  Elapsed time: 0.04 seconds; current allocated memory: 106.499 MB.
Execute       syn_report -verbosereport -o /home/phirasit/project/san-adapter/iscsi_hls/iscsi_processor/.autopilot/db/iscsi_interface.verbose.bind.rpt 
Execute       db_write -o /home/phirasit/project/san-adapter/iscsi_hls/iscsi_processor/.autopilot/db/iscsi_interface.bind.adb -f 
INFO-FLOW: Finish binding iscsi_interface.
Execute       get_model_list iscsi_interface -filter all-wo-channel 
INFO-FLOW: Preprocessing for RTLGen ...
Execute       rtl_gen_preprocess iscsi_interface 
INFO-FLOW: Model list for RTL generation: iscsi_interface
INFO: [HLS 200-10] ----------------------------------------------------------------
INFO: [HLS 200-10] -- Generating RTL for module 'iscsi_interface' 
INFO: [HLS 200-10] ----------------------------------------------------------------
Execute       get_config_rtl -module_prefix 
Execute       get_config_rtl -module_auto_prefix 
Execute       create_rtl_model iscsi_interface -vendor xilinx -mg_file /home/phirasit/project/san-adapter/iscsi_hls/iscsi_processor/.autopilot/db/iscsi_interface.compgen.tcl 
INFO: [RTGEN 206-500] Setting interface mode on port 'iscsi_interface/tcp_in_V_data_V' to 'axis' (register, both mode).
INFO: [RTGEN 206-500] Setting interface mode on port 'iscsi_interface/tcp_in_V_keep_V' to 'axis' (register, both mode).
INFO: [RTGEN 206-500] Setting interface mode on port 'iscsi_interface/tcp_in_V_strb_V' to 'axis' (register, both mode).
INFO: [RTGEN 206-500] Setting interface mode on port 'iscsi_interface/tcp_in_V_user_V' to 'axis' (register, both mode).
INFO: [RTGEN 206-500] Setting interface mode on port 'iscsi_interface/tcp_in_V_last_V' to 'axis' (register, both mode).
INFO: [RTGEN 206-500] Setting interface mode on port 'iscsi_interface/tcp_in_V_id_V' to 'axis' (register, both mode).
INFO: [RTGEN 206-500] Setting interface mode on port 'iscsi_interface/tcp_in_V_dest_V' to 'axis' (register, both mode).
INFO: [RTGEN 206-500] Setting interface mode on port 'iscsi_interface/tcp_out_V_data_V' to 'axis' (register, both mode).
INFO: [RTGEN 206-500] Setting interface mode on port 'iscsi_interface/tcp_out_V_keep_V' to 'axis' (register, both mode).
INFO: [RTGEN 206-500] Setting interface mode on port 'iscsi_interface/tcp_out_V_strb_V' to 'axis' (register, both mode).
INFO: [RTGEN 206-500] Setting interface mode on port 'iscsi_interface/tcp_out_V_user_V' to 'axis' (register, both mode).
INFO: [RTGEN 206-500] Setting interface mode on port 'iscsi_interface/tcp_out_V_last_V' to 'axis' (register, both mode).
INFO: [RTGEN 206-500] Setting interface mode on port 'iscsi_interface/tcp_out_V_id_V' to 'axis' (register, both mode).
INFO: [RTGEN 206-500] Setting interface mode on port 'iscsi_interface/tcp_out_V_dest_V' to 'axis' (register, both mode).
INFO: [RTGEN 206-500] Setting interface mode on function 'iscsi_interface' to 'ap_ctrl_hs'.
INFO: [RTGEN 206-100] Finished creating RTL model for 'iscsi_interface'.
INFO: [HLS 200-111]  Elapsed time: 0.04 seconds; current allocated memory: 107.776 MB.
Execute       source /home/phirasit/project/san-adapter/iscsi_hls/iscsi_processor/.autopilot/db/iscsi_interface.rtl_wrap.cfg.tcl 
Execute       gen_rtl iscsi_interface -istop -style xilinx -tracefl mytrace -tracefmt vcd -traceopt all -f -lang sc -o /home/phirasit/project/san-adapter/iscsi_hls/iscsi_processor/syn/systemc/iscsi_interface -synmodules iscsi_interface 
Execute       gen_rtl iscsi_interface -istop -style xilinx -f -lang vhdl -o /home/phirasit/project/san-adapter/iscsi_hls/iscsi_processor/syn/vhdl/iscsi_interface 
Execute       gen_rtl iscsi_interface -istop -style xilinx -f -lang vlog -o /home/phirasit/project/san-adapter/iscsi_hls/iscsi_processor/syn/verilog/iscsi_interface 
Execute       syn_report -csynth -model iscsi_interface -o /home/phirasit/project/san-adapter/iscsi_hls/iscsi_processor/syn/report/iscsi_interface_csynth.rpt 
Execute       syn_report -rtlxml -model iscsi_interface -o /home/phirasit/project/san-adapter/iscsi_hls/iscsi_processor/syn/report/iscsi_interface_csynth.xml 
Execute       syn_report -verbosereport -model iscsi_interface -o /home/phirasit/project/san-adapter/iscsi_hls/iscsi_processor/.autopilot/db/iscsi_interface.verbose.rpt 
Execute       db_write -model iscsi_interface -f -o /home/phirasit/project/san-adapter/iscsi_hls/iscsi_processor/.autopilot/db/iscsi_interface.adb 
Execute       gen_tb_info iscsi_interface -p /home/phirasit/project/san-adapter/iscsi_hls/iscsi_processor/.autopilot/db -o /home/phirasit/project/san-adapter/iscsi_hls/iscsi_processor/.autopilot/db/iscsi_interface 
Execute       export_constraint_db -f -tool general -o /home/phirasit/project/san-adapter/iscsi_hls/iscsi_processor/.autopilot/db/iscsi_interface.constraint.tcl 
Execute       syn_report -designview -model iscsi_interface -o /home/phirasit/project/san-adapter/iscsi_hls/iscsi_processor/.autopilot/db/iscsi_interface.design.xml 
Execute       get_config_rtl -disable_wave_debug 
Execute       syn_report -wcfg -model iscsi_interface -o /home/phirasit/project/san-adapter/iscsi_hls/iscsi_processor/.autopilot/db/iscsi_interface_dataflow_ana.wcfg 
Execute       syn_report -protoinst -model iscsi_interface -o /home/phirasit/project/san-adapter/iscsi_hls/iscsi_processor/.autopilot/db/iscsi_interface.protoinst 
Execute       get_config_debug -directory 
Execute       sc_get_clocks iscsi_interface 
Execute       get_config_export -vivado_clock 
Execute       sc_get_portdomain iscsi_interface 
INFO-FLOW: Model list for RTL component generation: iscsi_interface
INFO-FLOW: Handling components in module [iscsi_interface] ... 
Execute       source /home/phirasit/project/san-adapter/iscsi_hls/iscsi_processor/.autopilot/db/iscsi_interface.compgen.tcl 
INFO-FLOW: Append model iscsi_interface
INFO-FLOW: Generating RTL model list ...
INFO-FLOW: All models in this session: iscsi_interface
INFO-FLOW: To file: write model iscsi_interface
INFO-FLOW: Finished generating RTL model list.


INFO-FLOW: RTL Generation done.
INFO-FLOW: CAS Generation done.
INFO-FLOW: CBC Generation done.
INFO-FLOW: DBG:CMD: auto_generate_csynth_design
INFO-FLOW: DBG:CMD:     auto_generate --sim-model -phase csynth_design -d /home/phirasit/project/san-adapter/iscsi_hls/iscsi_processor
Execute       source /home/phirasit/project/san-adapter/iscsi_hls/iscsi_processor/.autopilot/db/global.setting.tcl 
INFO-FLOW: DBG:CMD: read_platform_lib /home/phirasit/project/san-adapter/iscsi_hls/iscsi_processor/.autopilot/db/global.setting.tcl
Execute       source /opt/vivado/Vivado/2019.1/common/technology/generic/autopilot/common.gen 
Execute         source /opt/vivado/Vivado/2019.1/common/technology/generic/autopilot/APCoreGen.gen 
Execute       source /opt/vivado/Vivado/2019.1/common/technology/generic/autopilot/op.gen 
Execute       source /opt/vivado/Vivado/2019.1/common/technology/generic/autopilot/op_simcore.gen 
Execute       source /opt/vivado/Vivado/2019.1/common/technology/generic/autopilot/interface.gen 
Execute       source /home/phirasit/project/san-adapter/iscsi_hls/iscsi_processor/.autopilot/db/global.setting.tcl 
Execute       source /opt/vivado/Vivado/2019.1/common/technology/xilinx/zynq/zynq.gen 
Execute         source /opt/vivado/Vivado/2019.1/common/technology/xilinx/common/xilinx.gen 
Execute           source /opt/vivado/Vivado/2019.1/common/technology/xilinx/interface/plb46.gen 
Execute           source /opt/vivado/Vivado/2019.1/common/technology/xilinx/interface/fsl.gen 
Execute           source /opt/vivado/Vivado/2019.1/common/technology/xilinx/interface/axi4.gen 
Execute           source /opt/vivado/Vivado/2019.1/common/technology/xilinx/interface/nativeAXI4.gen 
Execute             source /opt/vivado/Vivado/2019.1/common/technology/xilinx/interface/saxilite.gen 
Execute             source /opt/vivado/Vivado/2019.1/common/technology/xilinx/interface/maxi.gen 
Execute           source /opt/vivado/Vivado/2019.1/common/technology/xilinx/scripts/xilinxcoregen.gen 
Execute           source /opt/vivado/Vivado/2019.1/common/technology/xilinx/interface/XilEDKCoreGen.gen 
Execute           source /opt/vivado/Vivado/2019.1/common/technology/xilinx/ip/dds_compiler.gen 
Execute           source /opt/vivado/Vivado/2019.1/common/technology/xilinx/ip/util.gen 
Execute           source /opt/vivado/Vivado/2019.1/common/technology/xilinx/ip/xfft.gen 
Execute           source /opt/vivado/Vivado/2019.1/common/technology/xilinx/ip/xfir.gen 
Execute           source /opt/vivado/Vivado/2019.1/common/technology/xilinx/common/dsp48.gen 
Command         ap_source done; 0.11 sec.
Command       ap_source done; 0.11 sec.
Execute       source /opt/vivado/Vivado/2019.1/common/technology/xilinx/zynq/zynq_fpv6.gen 
Execute         source /opt/vivado/Vivado/2019.1/common/technology/xilinx/common/xilinx_fp.gen 
INFO-FLOW: DBG:CMD:   using AESL_AUTOCG::g_clock_period=10.000 (was NA)
INFO-FLOW: DBG:CMD:       generate_ip_cores sim=1 export=0 expOnly=0 dstVlogDir=syn/verilog
Execute       source /home/phirasit/project/san-adapter/iscsi_hls/iscsi_processor/.autopilot/db/global.setting.tcl 
Execute       ap_part_info -name xc7z020-clg484-1 -data names -quiet 
Execute       ap_part_info -name xc7z020-clg484-1 -data info -quiet 
Execute       source /home/phirasit/project/san-adapter/iscsi_hls/iscsi_processor/.autopilot/db/global.setting.tcl 
Execute       source /home/phirasit/project/san-adapter/iscsi_hls/iscsi_processor/.autopilot/db/global.setting.tcl 
Execute       source /home/phirasit/project/san-adapter/iscsi_hls/iscsi_processor/.autopilot/db/iscsi_interface.compgen.tcl 
INFO-FLOW: DBG:CMD:     auto_generate -export -impltomg_flag -rtl both -tool Vivado -pcore_version 1.00.a -phase csynth_design -d /home/phirasit/project/san-adapter/iscsi_hls/iscsi_processor
Execute       source /home/phirasit/project/san-adapter/iscsi_hls/iscsi_processor/.autopilot/db/global.setting.tcl 
INFO-FLOW: DBG:CMD: read_platform_lib /home/phirasit/project/san-adapter/iscsi_hls/iscsi_processor/.autopilot/db/global.setting.tcl
Execute       source /opt/vivado/Vivado/2019.1/common/technology/generic/autopilot/common.gen 
Execute         source /opt/vivado/Vivado/2019.1/common/technology/generic/autopilot/APCoreGen.gen 
Execute       source /opt/vivado/Vivado/2019.1/common/technology/generic/autopilot/op.gen 
Execute       source /opt/vivado/Vivado/2019.1/common/technology/generic/autopilot/op_simcore.gen 
Execute       source /opt/vivado/Vivado/2019.1/common/technology/generic/autopilot/interface.gen 
Execute       source /home/phirasit/project/san-adapter/iscsi_hls/iscsi_processor/.autopilot/db/global.setting.tcl 
Execute       source /opt/vivado/Vivado/2019.1/common/technology/xilinx/zynq/zynq.gen 
Execute         source /opt/vivado/Vivado/2019.1/common/technology/xilinx/common/xilinx.gen 
Execute           source /opt/vivado/Vivado/2019.1/common/technology/xilinx/interface/plb46.gen 
Execute           source /opt/vivado/Vivado/2019.1/common/technology/xilinx/interface/fsl.gen 
Execute           source /opt/vivado/Vivado/2019.1/common/technology/xilinx/interface/axi4.gen 
Execute           source /opt/vivado/Vivado/2019.1/common/technology/xilinx/interface/nativeAXI4.gen 
Execute             source /opt/vivado/Vivado/2019.1/common/technology/xilinx/interface/saxilite.gen 
Execute             source /opt/vivado/Vivado/2019.1/common/technology/xilinx/interface/maxi.gen 
Execute           source /opt/vivado/Vivado/2019.1/common/technology/xilinx/scripts/xilinxcoregen.gen 
Execute           source /opt/vivado/Vivado/2019.1/common/technology/xilinx/interface/XilEDKCoreGen.gen 
Execute           source /opt/vivado/Vivado/2019.1/common/technology/xilinx/ip/dds_compiler.gen 
Execute           source /opt/vivado/Vivado/2019.1/common/technology/xilinx/ip/util.gen 
Execute           source /opt/vivado/Vivado/2019.1/common/technology/xilinx/ip/xfft.gen 
Execute           source /opt/vivado/Vivado/2019.1/common/technology/xilinx/ip/xfir.gen 
Execute           source /opt/vivado/Vivado/2019.1/common/technology/xilinx/common/dsp48.gen 
Command         ap_source done; 0.11 sec.
Command       ap_source done; 0.11 sec.
Execute       source /opt/vivado/Vivado/2019.1/common/technology/xilinx/zynq/zynq_fpv6.gen 
Execute         source /opt/vivado/Vivado/2019.1/common/technology/xilinx/common/xilinx_fp.gen 
INFO-FLOW: DBG:CMD:       initCTypeInfo top_module=iscsi_interface xml_exists=0
Execute       source /home/phirasit/project/san-adapter/iscsi_hls/iscsi_processor/.autopilot/db/iscsi_interface.rtl_wrap.cfg.tcl 
Execute       source /home/phirasit/project/san-adapter/iscsi_hls/iscsi_processor/.autopilot/db/iscsi_interface.rtl_wrap.cfg.tcl 
Execute       source /home/phirasit/project/san-adapter/iscsi_hls/iscsi_processor/.autopilot/db/iscsi_interface.rtl_wrap.cfg.tcl 
Execute       source /home/phirasit/project/san-adapter/iscsi_hls/iscsi_processor/.autopilot/db/iscsi_interface.tbgen.tcl 
Execute       source /home/phirasit/project/san-adapter/iscsi_hls/iscsi_processor/.autopilot/db/iscsi_interface.tbgen.tcl 
INFO-FLOW: DBG:CMD:       export_impl_rtl
INFO-FLOW: DBG:CMD:       generate_ip_cores sim=0 export=0 expOnly=0 dstVlogDir=impl/.verilog
Execute       source /home/phirasit/project/san-adapter/iscsi_hls/iscsi_processor/.autopilot/db/global.setting.tcl 
Execute       source /home/phirasit/project/san-adapter/iscsi_hls/iscsi_processor/.autopilot/db/iscsi_interface.compgen.tcl 
INFO-FLOW: DBG:CMD:       generate_ip_cores sim=0 export=1 expOnly=1 dstVlogDir=impl/.pcores/verilog
Execute       source /home/phirasit/project/san-adapter/iscsi_hls/iscsi_processor/.autopilot/db/global.setting.tcl 
Execute       source /home/phirasit/project/san-adapter/iscsi_hls/iscsi_processor/.autopilot/db/iscsi_interface.compgen.tcl 
Execute         ap_part_info -name xc7z020-clg484-1 -data names -quiet 
Execute         ap_part_info -name xc7z020-clg484-1 -data info -quiet 
Execute         ap_part_info -name xc7z020-clg484-1 -data names -quiet 
Execute         ap_part_info -name xc7z020-clg484-1 -data info -quiet 
Execute         ap_part_info -name xc7z020-clg484-1 -data names -quiet 
Execute         ap_part_info -name xc7z020-clg484-1 -data info -quiet 
Execute         ap_part_info -name xc7z020-clg484-1 -data names -quiet 
Execute         ap_part_info -name xc7z020-clg484-1 -data info -quiet 
Execute         ap_part_info -name xc7z020-clg484-1 -data names -quiet 
Execute         ap_part_info -name xc7z020-clg484-1 -data info -quiet 
Execute         ap_part_info -name xc7z020-clg484-1 -data names -quiet 
Execute         ap_part_info -name xc7z020-clg484-1 -data info -quiet 
Execute         ap_part_info -name xc7z020-clg484-1 -data names -quiet 
Execute         ap_part_info -name xc7z020-clg484-1 -data info -quiet 
Execute       ap_part_info -name xc7z020-clg484-1 -data names -quiet 
Execute       ap_part_info -name xc7z020-clg484-1 -data info -quiet 
INFO-FLOW: DBG:CMD:       generate_ip_cores sim=0 export=0 expOnly=0 dstVlogDir=impl/.pcores/verilog_sim
Execute       source /home/phirasit/project/san-adapter/iscsi_hls/iscsi_processor/.autopilot/db/global.setting.tcl 
Execute       source /home/phirasit/project/san-adapter/iscsi_hls/iscsi_processor/.autopilot/db/iscsi_interface.compgen.tcl 
Execute       ap_part_info -name xc7z020-clg484-1 -data names -quiet 
Execute       ap_part_info -name xc7z020-clg484-1 -data info -quiet 
Execute       ap_part_info -name xc7z020-clg484-1 -data names -quiet 
Execute       ap_part_info -name xc7z020-clg484-1 -data info -quiet 
Execute       source /home/phirasit/project/san-adapter/iscsi_hls/iscsi_processor/.autopilot/db/global.setting.tcl 
Execute       ap_part_info -name xc7z020-clg484-1 -data names -quiet 
Execute       ap_part_info -name xc7z020-clg484-1 -data info -quiet 
Execute       source /home/phirasit/project/san-adapter/iscsi_hls/iscsi_processor/.autopilot/db/iscsi_interface.constraint.tcl 
Execute       source /home/phirasit/project/san-adapter/iscsi_hls/iscsi_processor/.autopilot/db/iscsi_interface.tbgen.tcl 
INFO-FLOW: DBG:CMD:       hasPcoreIpAdapter=false #gSsdmPorts=30
INFO-FLOW: DBG:CMD: Skipping loadAnalyze_DB, #g_database=14
INFO-FLOW: DBG:CMD:       generate_json is_phase_csynth=1 g_has_adaptors=false generate_bd_files=1 #modelList=1 #gSsdmPorts=30
Execute       source /opt/vivado/Vivado/2019.1/tps/tcl/tcllib1.11.1/fileutil/fileutil.tcl 
Execute         source /opt/vivado/Vivado/2019.1/tps/tcl/tcllib1.11.1/cmdline/cmdline.tcl 
Execute       source /home/phirasit/project/san-adapter/iscsi_hls/iscsi_processor/.autopilot/db/global.setting.tcl 
Execute       source /home/phirasit/project/san-adapter/iscsi_hls/iscsi_processor/.autopilot/db/global.setting.tcl 
Execute       get_config_export -xo 
Execute       source /home/phirasit/project/san-adapter/iscsi_hls/iscsi_processor/.autopilot/db/iscsi_interface.tbgen.tcl 
Execute       source /home/phirasit/project/san-adapter/iscsi_hls/iscsi_processor/.autopilot/db/iscsi_interface.tbgen.tcl 
Execute       source /home/phirasit/project/san-adapter/iscsi_hls/iscsi_processor/.autopilot/db/iscsi_interface.tbgen.tcl 
Execute       source /home/phirasit/project/san-adapter/iscsi_hls/iscsi_processor/.autopilot/db/iscsi_interface.tbgen.tcl 
Execute       source /home/phirasit/project/san-adapter/iscsi_hls/iscsi_processor/.autopilot/db/iscsi_interface.tbgen.tcl 
Execute       source /home/phirasit/project/san-adapter/iscsi_hls/iscsi_processor/.autopilot/db/iscsi_interface.tbgen.tcl 
Execute       source /home/phirasit/project/san-adapter/iscsi_hls/iscsi_processor/.autopilot/db/iscsi_interface.tbgen.tcl 
Execute       source /home/phirasit/project/san-adapter/iscsi_hls/iscsi_processor/.autopilot/db/iscsi_interface.tbgen.tcl 
Execute       source /home/phirasit/project/san-adapter/iscsi_hls/iscsi_processor/.autopilot/db/iscsi_interface.tbgen.tcl 
Execute       source /home/phirasit/project/san-adapter/iscsi_hls/iscsi_processor/.autopilot/db/global.setting.tcl 
Execute       get_config_sdx -target 
Execute       source /home/phirasit/project/san-adapter/iscsi_hls/iscsi_processor/.autopilot/db/iscsi_interface.rtl_wrap.cfg.tcl 
Execute       source /home/phirasit/project/san-adapter/iscsi_hls/iscsi_processor/.autopilot/db/iscsi_interface.compgen.dataonly.tcl 
Execute       source /home/phirasit/project/san-adapter/iscsi_hls/iscsi_processor/.autopilot/db/global.setting.tcl 
Execute       ap_part_info -name xc7z020-clg484-1 -data names -quiet 
Execute       ap_part_info -name xc7z020-clg484-1 -data info -quiet 
Execute       source /home/phirasit/project/san-adapter/iscsi_hls/iscsi_processor/.autopilot/db/iscsi_interface.constraint.tcl 
Execute       sc_get_clocks iscsi_interface 
Execute       ap_part_info -name xc7z020-clg484-1 -data names -quiet 
Execute       ap_part_info -name xc7z020-clg484-1 -data info -quiet 
Execute       source /home/phirasit/project/san-adapter/iscsi_hls/iscsi_processor/.autopilot/db/global.setting.tcl 
Execute       get_config_debug -directory 
Execute       source /home/phirasit/project/san-adapter/iscsi_hls/iscsi_processor/.autopilot/db/iscsi_interface.tbgen.tcl 
Execute       get_config_sdx -target 
Execute       get_config_sdx -profile 
Execute       get_config_rtl -kernel_profile 
Execute       get_config_rtl -stall_sig_gen 
Execute       get_config_rtl -profile 
INFO-FLOW: DBG:CMD: add_json_sdx_info kernel file does not exist, skipping opencl info: /home/phirasit/project/san-adapter/iscsi_hls/iscsi_processor/.autopilot/db/kernel.internal.xml
INFO-FLOW: DBG:CMD:       delete-temp-dirs (skipped for debug)
INFO: [HLS 200-111] Finished generating all RTL models Time (s): cpu = 00:00:17 ; elapsed = 00:00:18 . Memory (MB): peak = 903.434 ; gain = 202.105 ; free physical = 279 ; free virtual = 5292
INFO: [VHDL 208-304] Generating VHDL RTL for iscsi_interface.
INFO: [VLOG 209-307] Generating Verilog RTL for iscsi_interface.
Command     autosyn done; 0.97 sec.
Command   csynth_design done; 16.44 sec.
Command ap_source done; 17.68 sec.
Execute cleanup_all 
INFO-FLOW: Workspace /home/phirasit/project/san-adapter/iscsi_hls/iscsi_processor opened at Fri Jan 31 15:17:20 +07 2020
Execute     config_clock -quiet -name default -period 10 -default=false 
INFO: [SYN 201-201] Setting up clock 'default' with a period of 10ns.
Execute     open_platform DefaultPlatform 
Execute     import_lib /opt/vivado/Vivado/2019.1/common/technology/xilinx/zynq/zynq 
Execute       source /opt/vivado/Vivado/2019.1/common/technology/xilinx/common/xilinx.lib 
Execute         source /opt/vivado/Vivado/2019.1/common/technology/xilinx/interface/xilinx_interface.lib 
Execute           source /opt/vivado/Vivado/2019.1/common/technology/xilinx/interface/plb46.lib 
Execute           source /opt/vivado/Vivado/2019.1/common/technology/xilinx/interface/fsl.lib 
Execute           source /opt/vivado/Vivado/2019.1/common/technology/xilinx/interface/axi4.lib 
Execute           source /opt/vivado/Vivado/2019.1/common/technology/xilinx/interface/maxi.lib 
Execute           source /opt/vivado/Vivado/2019.1/common/technology/xilinx/interface/saxilite.lib 
Execute         source /opt/vivado/Vivado/2019.1/common/technology/xilinx/common/dsp48.lib 
Execute         source /opt/vivado/Vivado/2019.1/common/technology/xilinx/ip/xfir.lib 
Execute         source /opt/vivado/Vivado/2019.1/common/technology/xilinx/ip/xfft.lib 
Execute         source /opt/vivado/Vivado/2019.1/common/technology/xilinx/ip/dds_compiler.lib 
Execute       source /opt/vivado/Vivado/2019.1/common/technology/xilinx/common/xilinx.hlp 
Execute         source /opt/vivado/Vivado/2019.1/common/technology/xilinx/common/target_info.tcl 
Execute         source /opt/vivado/Vivado/2019.1/common/technology/xilinx/interface/xilinx_interface.hlp 
Execute           source /opt/vivado/Vivado/2019.1/common/technology/xilinx/interface/maxi.hlp 
Execute           source /opt/vivado/Vivado/2019.1/common/technology/xilinx/interface/saxilite.hlp 
Execute         source /opt/vivado/Vivado/2019.1/common/technology/xilinx/common/dsp48.hlp 
Execute       source /opt/vivado/Vivado/2019.1/common/technology/xilinx/zynq/dsp48e1.hlp 
Execute       source /opt/vivado/Vivado/2019.1/common/technology/xilinx/common/xilinx.hlp 
Execute         source /opt/vivado/Vivado/2019.1/common/technology/xilinx/common/target_info.tcl 
Execute         source /opt/vivado/Vivado/2019.1/common/technology/xilinx/interface/xilinx_interface.hlp 
Execute           source /opt/vivado/Vivado/2019.1/common/technology/xilinx/interface/maxi.hlp 
Execute           source /opt/vivado/Vivado/2019.1/common/technology/xilinx/interface/saxilite.hlp 
Execute         source /opt/vivado/Vivado/2019.1/common/technology/xilinx/common/dsp48.hlp 
Execute     source /opt/vivado/Vivado/2019.1/common/technology/xilinx/zynq/zynq.gen 
Execute       source /opt/vivado/Vivado/2019.1/common/technology/xilinx/common/xilinx.gen 
Execute         source /opt/vivado/Vivado/2019.1/common/technology/xilinx/interface/plb46.gen 
Execute         source /opt/vivado/Vivado/2019.1/common/technology/xilinx/interface/fsl.gen 
Execute         source /opt/vivado/Vivado/2019.1/common/technology/xilinx/interface/axi4.gen 
Execute         source /opt/vivado/Vivado/2019.1/common/technology/xilinx/interface/nativeAXI4.gen 
Execute           source /opt/vivado/Vivado/2019.1/common/technology/xilinx/interface/saxilite.gen 
Execute           source /opt/vivado/Vivado/2019.1/common/technology/xilinx/interface/maxi.gen 
Execute         source /opt/vivado/Vivado/2019.1/common/technology/xilinx/scripts/xilinxcoregen.gen 
Execute         source /opt/vivado/Vivado/2019.1/common/technology/xilinx/interface/XilEDKCoreGen.gen 
Execute         source /opt/vivado/Vivado/2019.1/common/technology/xilinx/ip/dds_compiler.gen 
Execute         source /opt/vivado/Vivado/2019.1/common/technology/xilinx/ip/util.gen 
Execute         source /opt/vivado/Vivado/2019.1/common/technology/xilinx/ip/xfft.gen 
Execute         source /opt/vivado/Vivado/2019.1/common/technology/xilinx/ip/xfir.gen 
Execute         source /opt/vivado/Vivado/2019.1/common/technology/xilinx/common/dsp48.gen 
Command       ap_source done; 0.12 sec.
Command     ap_source done; 0.12 sec.
Execute     open_platform DefaultPlatform 
Execute     import_lib /opt/vivado/Vivado/2019.1/common/technology/xilinx/zynq/zynq_fpv6 
Execute       source /opt/vivado/Vivado/2019.1/common/technology/xilinx/common/xilinx_fp.lib 
Execute       source /opt/vivado/Vivado/2019.1/common/technology/xilinx/common/xilinx_fp.hlp 
Execute         source /opt/vivado/Vivado/2019.1/common/technology/xilinx/common/xilinx.hlp 
Execute           source /opt/vivado/Vivado/2019.1/common/technology/xilinx/common/target_info.tcl 
Execute           source /opt/vivado/Vivado/2019.1/common/technology/xilinx/interface/xilinx_interface.hlp 
Execute             source /opt/vivado/Vivado/2019.1/common/technology/xilinx/interface/maxi.hlp 
Execute             source /opt/vivado/Vivado/2019.1/common/technology/xilinx/interface/saxilite.hlp 
Execute           source /opt/vivado/Vivado/2019.1/common/technology/xilinx/common/dsp48.hlp 
Execute     source /opt/vivado/Vivado/2019.1/common/technology/xilinx/zynq/zynq_fpv6.gen 
Execute       source /opt/vivado/Vivado/2019.1/common/technology/xilinx/common/xilinx_fp.gen 
Execute     set_part xc7z020-clg484-1 
Execute       ap_part_info -name xc7z020-clg484-1 -data single -quiet 
Command       ap_part_info done; 0.85 sec.
Execute       ap_part_info -name xc7z020-clg484-1 -data info 
Execute       add_library xilinx/zynq/zynq:xc7z020:-clg484:-1 
Execute         get_default_platform 
Execute         license_isbetapart xc7z020 
Command         license_isbetapart done; error code: 1; 
Execute         ap_part_info -data single -name xc7z020-clg484-1 
Execute         ap_part_info -name xc7z020-clg484-1 -data resources 
Execute         ap_part_info -name xc7z020-clg484-1 -data info 
Execute         ap_part_info -name xc7z020-clg484-1 -data info 
Execute         config_chip_info -quiet -resource {SLICE 13300} {LUT 53200} {FF 106400} {DSP48E 220} {BRAM 280} {URAM 0} 
Execute         ap_part_info -name xc7z020-clg484-1 -data info 
Execute         config_chip_info -quiet -speed slow 
Execute       add_library xilinx/zynq/zynq_fpv6 
Execute         get_default_platform 
INFO: [HLS 200-10] Setting target device to 'xc7z020-clg484-1'
Execute       ap_part_info -name xc7z020-clg484-1 -data info 
Execute       get_default_platform 
Command     set_part done; 0.97 sec.
Execute     ap_part_info -data single -name xc7z020-clg484-1 
Execute     ap_part_info -name xc7z020-clg484-1 -data resources 
Execute     ap_part_info -name xc7z020-clg484-1 -data info 
Execute     ap_part_info -name xc7z020-clg484-1 -data info 
Execute     config_chip_info -quiet -resource {SLICE 13300} {LUT 53200} {FF 106400} {DSP48E 220} {BRAM 280} {URAM 0} 
Execute     ap_part_info -name xc7z020-clg484-1 -data info 
Execute     config_chip_info -quiet -speed slow 
Execute     config_export -format=ip_catalog 
Execute     config_export -rtl=verilog 
Command   open_solution done; 1.13 sec.
Execute   export_design -flow impl -rtl verilog -format ip_catalog 
Execute     get_config_export -acc 
Execute     get_config_export -clock_margin 
Execute     get_config_export -custom_script 
Execute     get_config_export -description 
Execute     get_config_export -display_name 
Execute     get_config_export -driver_input_dir 
Execute     get_config_export -ipname 
Execute     get_config_export -kernel_drc 
Execute     get_config_export -library 
Execute     get_config_export -qor_test 
Execute     get_config_export -sdaccel 
Execute     get_config_export -sim 
Execute     get_config_export -taxonomy 
Execute     get_config_export -use_ip 
Execute     get_config_export -use_netlist 
Execute     get_config_export -vendor 
Execute     get_config_export -version 
Execute     get_config_export -xo 
Execute     config_export -format=ip_catalog -rtl=verilog 
INFO-FLOW: DBG:CMD: export_design_wrap: -format ip_catalog -flow impl -rtl verilog
Execute     source /home/phirasit/project/san-adapter/iscsi_hls/iscsi_processor/.autopilot/db/global.setting.tcl 
Execute     get_config_export -vivado_clock 
Execute     get_top 
Execute     get_config_sdx -target 
Execute     get_config_rtl -module_auto_prefix 
Execute     get_config_sdx -target 
Execute     get_config_sdx -target 
INFO-FLOW: DBG:CMD:   auto_impl: pack: -export -tool vivado -rtl verilog -sdx-target none
Execute     source /home/phirasit/project/san-adapter/iscsi_hls/iscsi_processor/.autopilot/db/global.setting.tcl 
INFO-FLOW: DBG:CMD: read_platform_lib /home/phirasit/project/san-adapter/iscsi_hls/iscsi_processor/.autopilot/db/global.setting.tcl
Execute     source /opt/vivado/Vivado/2019.1/common/technology/generic/autopilot/common.gen 
Execute       source /opt/vivado/Vivado/2019.1/common/technology/generic/autopilot/APCoreGen.gen 
Execute     source /opt/vivado/Vivado/2019.1/common/technology/generic/autopilot/op.gen 
Execute     source /opt/vivado/Vivado/2019.1/common/technology/generic/autopilot/op_simcore.gen 
Execute     source /opt/vivado/Vivado/2019.1/common/technology/generic/autopilot/interface.gen 
Execute     source /home/phirasit/project/san-adapter/iscsi_hls/iscsi_processor/.autopilot/db/global.setting.tcl 
Execute     source /opt/vivado/Vivado/2019.1/common/technology/xilinx/zynq/zynq.gen 
Execute       source /opt/vivado/Vivado/2019.1/common/technology/xilinx/common/xilinx.gen 
Execute         source /opt/vivado/Vivado/2019.1/common/technology/xilinx/interface/plb46.gen 
Execute         source /opt/vivado/Vivado/2019.1/common/technology/xilinx/interface/fsl.gen 
Execute         source /opt/vivado/Vivado/2019.1/common/technology/xilinx/interface/axi4.gen 
Execute         source /opt/vivado/Vivado/2019.1/common/technology/xilinx/interface/nativeAXI4.gen 
Execute           source /opt/vivado/Vivado/2019.1/common/technology/xilinx/interface/saxilite.gen 
Execute           source /opt/vivado/Vivado/2019.1/common/technology/xilinx/interface/maxi.gen 
Execute         source /opt/vivado/Vivado/2019.1/common/technology/xilinx/scripts/xilinxcoregen.gen 
Execute         source /opt/vivado/Vivado/2019.1/common/technology/xilinx/interface/XilEDKCoreGen.gen 
Execute         source /opt/vivado/Vivado/2019.1/common/technology/xilinx/ip/dds_compiler.gen 
Execute         source /opt/vivado/Vivado/2019.1/common/technology/xilinx/ip/util.gen 
Execute         source /opt/vivado/Vivado/2019.1/common/technology/xilinx/ip/xfft.gen 
Execute         source /opt/vivado/Vivado/2019.1/common/technology/xilinx/ip/xfir.gen 
Execute         source /opt/vivado/Vivado/2019.1/common/technology/xilinx/common/dsp48.gen 
Command       ap_source done; 0.12 sec.
Command     ap_source done; 0.12 sec.
Execute     source /opt/vivado/Vivado/2019.1/common/technology/xilinx/zynq/zynq_fpv6.gen 
Execute       source /opt/vivado/Vivado/2019.1/common/technology/xilinx/common/xilinx_fp.gen 
INFO-FLOW: DBG:CMD:   using AESL_AUTOCG::g_clock_period=10.000 (was NA)
Execute     ap_part_info -name xc7z020-clg484-1 -data names -quiet 
Execute     ap_part_info -name xc7z020-clg484-1 -data info -quiet 
Execute     source /home/phirasit/project/san-adapter/iscsi_hls/iscsi_processor/.autopilot/db/global.setting.tcl 
INFO: [IMPL 213-8] Exporting RTL as a Vivado IP.
Execute     source /home/phirasit/project/san-adapter/iscsi_hls/iscsi_processor/.autopilot/db/global.setting.tcl 
INFO-FLOW: DBG:CMD: automg_wrap -export -pcore_version 1.00.a -rtl vlog -sdx-target none -tool Vivado -impltomg_flag
INFO-FLOW: DBG:CMD:     auto_generate -export -pcore_version 1.00.a -rtl vlog -sdx-target none -tool Vivado -impltomg_flag
Execute     source /home/phirasit/project/san-adapter/iscsi_hls/iscsi_processor/.autopilot/db/global.setting.tcl 
INFO-FLOW: DBG:CMD: read_platform_lib /home/phirasit/project/san-adapter/iscsi_hls/iscsi_processor/.autopilot/db/global.setting.tcl
Execute     source /opt/vivado/Vivado/2019.1/common/technology/generic/autopilot/common.gen 
Execute       source /opt/vivado/Vivado/2019.1/common/technology/generic/autopilot/APCoreGen.gen 
Execute     source /opt/vivado/Vivado/2019.1/common/technology/generic/autopilot/op.gen 
Execute     source /opt/vivado/Vivado/2019.1/common/technology/generic/autopilot/op_simcore.gen 
Execute     source /opt/vivado/Vivado/2019.1/common/technology/generic/autopilot/interface.gen 
Execute     source /home/phirasit/project/san-adapter/iscsi_hls/iscsi_processor/.autopilot/db/global.setting.tcl 
Execute     source /opt/vivado/Vivado/2019.1/common/technology/xilinx/zynq/zynq.gen 
Execute       source /opt/vivado/Vivado/2019.1/common/technology/xilinx/common/xilinx.gen 
Execute         source /opt/vivado/Vivado/2019.1/common/technology/xilinx/interface/plb46.gen 
Execute         source /opt/vivado/Vivado/2019.1/common/technology/xilinx/interface/fsl.gen 
Execute         source /opt/vivado/Vivado/2019.1/common/technology/xilinx/interface/axi4.gen 
Execute         source /opt/vivado/Vivado/2019.1/common/technology/xilinx/interface/nativeAXI4.gen 
Execute           source /opt/vivado/Vivado/2019.1/common/technology/xilinx/interface/saxilite.gen 
Execute           source /opt/vivado/Vivado/2019.1/common/technology/xilinx/interface/maxi.gen 
Execute         source /opt/vivado/Vivado/2019.1/common/technology/xilinx/scripts/xilinxcoregen.gen 
Execute         source /opt/vivado/Vivado/2019.1/common/technology/xilinx/interface/XilEDKCoreGen.gen 
Execute         source /opt/vivado/Vivado/2019.1/common/technology/xilinx/ip/dds_compiler.gen 
Execute         source /opt/vivado/Vivado/2019.1/common/technology/xilinx/ip/util.gen 
Execute         source /opt/vivado/Vivado/2019.1/common/technology/xilinx/ip/xfft.gen 
Execute         source /opt/vivado/Vivado/2019.1/common/technology/xilinx/ip/xfir.gen 
Execute         source /opt/vivado/Vivado/2019.1/common/technology/xilinx/common/dsp48.gen 
Command       ap_source done; 0.11 sec.
Command     ap_source done; 0.11 sec.
Execute     source /opt/vivado/Vivado/2019.1/common/technology/xilinx/zynq/zynq_fpv6.gen 
Execute       source /opt/vivado/Vivado/2019.1/common/technology/xilinx/common/xilinx_fp.gen 
INFO-FLOW: DBG:CMD:       initCTypeInfo top_module=iscsi_interface xml_exists=1
Execute     source /home/phirasit/project/san-adapter/iscsi_hls/iscsi_processor/.autopilot/db/iscsi_interface.rtl_wrap.cfg.tcl 
Execute     source /home/phirasit/project/san-adapter/iscsi_hls/iscsi_processor/.autopilot/db/iscsi_interface.rtl_wrap.cfg.tcl 
Execute     source /home/phirasit/project/san-adapter/iscsi_hls/iscsi_processor/.autopilot/db/iscsi_interface.rtl_wrap.cfg.tcl 
Execute     source /home/phirasit/project/san-adapter/iscsi_hls/iscsi_processor/.autopilot/db/iscsi_interface.tbgen.tcl 
Execute     source /home/phirasit/project/san-adapter/iscsi_hls/iscsi_processor/.autopilot/db/iscsi_interface.tbgen.tcl 
INFO-FLOW: DBG:CMD:       export_impl_rtl
INFO-FLOW: DBG:CMD:       generate_ip_cores sim=0 export=0 expOnly=0 dstVlogDir=impl/.verilog
Execute     source /home/phirasit/project/san-adapter/iscsi_hls/iscsi_processor/.autopilot/db/global.setting.tcl 
Execute     source /home/phirasit/project/san-adapter/iscsi_hls/iscsi_processor/.autopilot/db/iscsi_interface.compgen.tcl 
INFO-FLOW: DBG:CMD:       generate_ip_cores sim=0 export=1 expOnly=1 dstVlogDir=impl/.pcores/verilog
Execute     source /home/phirasit/project/san-adapter/iscsi_hls/iscsi_processor/.autopilot/db/global.setting.tcl 
Execute     source /home/phirasit/project/san-adapter/iscsi_hls/iscsi_processor/.autopilot/db/iscsi_interface.compgen.tcl 
Execute       ap_part_info -name xc7z020-clg484-1 -data names -quiet 
Execute       ap_part_info -name xc7z020-clg484-1 -data info -quiet 
Execute       ap_part_info -name xc7z020-clg484-1 -data names -quiet 
Execute       ap_part_info -name xc7z020-clg484-1 -data info -quiet 
Execute       ap_part_info -name xc7z020-clg484-1 -data names -quiet 
Execute       ap_part_info -name xc7z020-clg484-1 -data info -quiet 
Execute       ap_part_info -name xc7z020-clg484-1 -data names -quiet 
Execute       ap_part_info -name xc7z020-clg484-1 -data info -quiet 
Execute       ap_part_info -name xc7z020-clg484-1 -data names -quiet 
Execute       ap_part_info -name xc7z020-clg484-1 -data info -quiet 
Execute       ap_part_info -name xc7z020-clg484-1 -data names -quiet 
Execute       ap_part_info -name xc7z020-clg484-1 -data info -quiet 
Execute       ap_part_info -name xc7z020-clg484-1 -data names -quiet 
Execute       ap_part_info -name xc7z020-clg484-1 -data info -quiet 
Execute     ap_part_info -name xc7z020-clg484-1 -data names -quiet 
Execute     ap_part_info -name xc7z020-clg484-1 -data info -quiet 
INFO-FLOW: DBG:CMD:       generate_ip_cores sim=0 export=0 expOnly=0 dstVlogDir=impl/.pcores/verilog_sim
Execute     source /home/phirasit/project/san-adapter/iscsi_hls/iscsi_processor/.autopilot/db/global.setting.tcl 
Execute     source /home/phirasit/project/san-adapter/iscsi_hls/iscsi_processor/.autopilot/db/iscsi_interface.compgen.tcl 
Execute     ap_part_info -name xc7z020-clg484-1 -data names -quiet 
Execute     ap_part_info -name xc7z020-clg484-1 -data info -quiet 
Execute     ap_part_info -name xc7z020-clg484-1 -data names -quiet 
Execute     ap_part_info -name xc7z020-clg484-1 -data info -quiet 
Execute     source /home/phirasit/project/san-adapter/iscsi_hls/iscsi_processor/.autopilot/db/global.setting.tcl 
Execute     ap_part_info -name xc7z020-clg484-1 -data names -quiet 
Execute     ap_part_info -name xc7z020-clg484-1 -data info -quiet 
Execute     source /home/phirasit/project/san-adapter/iscsi_hls/iscsi_processor/.autopilot/db/iscsi_interface.constraint.tcl 
Execute     source /home/phirasit/project/san-adapter/iscsi_hls/iscsi_processor/.autopilot/db/iscsi_interface.tbgen.tcl 
INFO-FLOW: DBG:CMD:       hasPcoreIpAdapter=false #gSsdmPorts=30
INFO-FLOW: DBG:CMD:       copying IP vlog from /home/phirasit/project/san-adapter/iscsi_hls/iscsi_processor/impl/verilog
INFO-FLOW: DBG:CMD:       copying IP vhdl from /home/phirasit/project/san-adapter/iscsi_hls/iscsi_processor/impl/vhdl
INFO-FLOW: DBG:CMD:       generate_ip_script #gSsdmPorts=30
Execute     ap_part_info -name xc7z020-clg484-1 -data names -quiet 
Execute     ap_part_info -name xc7z020-clg484-1 -data info -quiet 
Execute     ap_part_info -name xc7z020-clg484-1 -data names -quiet 
Execute     ap_part_info -name xc7z020-clg484-1 -data info -quiet 
Execute     source /home/phirasit/project/san-adapter/iscsi_hls/iscsi_processor/.autopilot/db/iscsi_interface.tbgen.tcl 
Execute     source /home/phirasit/project/san-adapter/iscsi_hls/iscsi_processor/.autopilot/db/iscsi_interface.tbgen.tcl 
Execute     source /home/phirasit/project/san-adapter/iscsi_hls/iscsi_processor/.autopilot/db/iscsi_interface.tbgen.tcl 
Execute     source /home/phirasit/project/san-adapter/iscsi_hls/iscsi_processor/.autopilot/db/iscsi_interface.tbgen.tcl 
Execute     source /home/phirasit/project/san-adapter/iscsi_hls/iscsi_processor/.autopilot/db/iscsi_interface.tbgen.tcl 
Execute     source /home/phirasit/project/san-adapter/iscsi_hls/iscsi_processor/.autopilot/db/iscsi_interface.tbgen.tcl 
Execute     source /home/phirasit/project/san-adapter/iscsi_hls/iscsi_processor/.autopilot/db/iscsi_interface.tbgen.tcl 
Execute     source /home/phirasit/project/san-adapter/iscsi_hls/iscsi_processor/.autopilot/db/iscsi_interface.tbgen.tcl 
Execute     source /home/phirasit/project/san-adapter/iscsi_hls/iscsi_processor/.autopilot/db/global.setting.tcl 
Execute     get_config_sdx -target 
Execute     get_config_debug -directory 
INFO-FLOW: DBG:CMD:       generate_ip_auxiliary
Execute     ap_part_info -name xc7z020-clg484-1 -data names -quiet 
Execute     ap_part_info -name xc7z020-clg484-1 -data info -quiet 
Execute     source /home/phirasit/project/san-adapter/iscsi_hls/iscsi_processor/.autopilot/db/global.setting.tcl 
INFO-FLOW: DBG:CMD:       prepArgInfo -> loadAnalyze_DB top_module=iscsi_interface
Execute     source /home/phirasit/project/san-adapter/iscsi_hls/iscsi_processor/.autopilot/db/iscsi_interface.rtl_wrap.cfg.tcl 
Execute     source /home/phirasit/project/san-adapter/iscsi_hls/iscsi_processor/.autopilot/db/iscsi_interface.rtl_wrap.cfg.tcl 
Execute     source /home/phirasit/project/san-adapter/iscsi_hls/iscsi_processor/.autopilot/db/iscsi_interface.rtl_wrap.cfg.tcl 
Execute     source /home/phirasit/project/san-adapter/iscsi_hls/iscsi_processor/.autopilot/db/iscsi_interface.tbgen.tcl 
Execute     source /home/phirasit/project/san-adapter/iscsi_hls/iscsi_processor/.autopilot/db/iscsi_interface.tbgen.tcl 
Execute     source /home/phirasit/project/san-adapter/iscsi_hls/iscsi_processor/.autopilot/db/iscsi_interface.tbgen.tcl 
INFO-FLOW: DBG:CMD:       generate_top_info
INFO-FLOW: DBG:CMD:       prepArgInfo -> loadAnalyze_DB top_module=iscsi_interface
Execute     source /home/phirasit/project/san-adapter/iscsi_hls/iscsi_processor/.autopilot/db/iscsi_interface.rtl_wrap.cfg.tcl 
Execute     source /home/phirasit/project/san-adapter/iscsi_hls/iscsi_processor/.autopilot/db/iscsi_interface.rtl_wrap.cfg.tcl 
Execute     source /home/phirasit/project/san-adapter/iscsi_hls/iscsi_processor/.autopilot/db/iscsi_interface.rtl_wrap.cfg.tcl 
Execute     source /home/phirasit/project/san-adapter/iscsi_hls/iscsi_processor/.autopilot/db/iscsi_interface.tbgen.tcl 
Execute     source /home/phirasit/project/san-adapter/iscsi_hls/iscsi_processor/.autopilot/db/iscsi_interface.tbgen.tcl 
Execute     ap_part_info -name xc7z020-clg484-1 -data names -quiet 
Execute     ap_part_info -name xc7z020-clg484-1 -data info -quiet 
INFO-FLOW: DBG:CMD:       generate_ip_bd_script
Execute     ap_part_info -name xc7z020-clg484-1 -data names -quiet 
Execute     ap_part_info -name xc7z020-clg484-1 -data info -quiet 
Execute     ap_part_info -name xc7z020-clg484-1 -data names -quiet 
Execute     ap_part_info -name xc7z020-clg484-1 -data info -quiet 
Execute     source /home/phirasit/project/san-adapter/iscsi_hls/iscsi_processor/.autopilot/db/iscsi_interface.tbgen.tcl 
Execute     source /home/phirasit/project/san-adapter/iscsi_hls/iscsi_processor/.autopilot/db/global.setting.tcl 
Execute     source /home/phirasit/project/san-adapter/iscsi_hls/iscsi_processor/.autopilot/db/iscsi_interface.constraint.tcl 
INFO-FLOW: DBG:CMD:       generate_ipi_example_script
Execute     ap_part_info -name xc7z020-clg484-1 -data names -quiet 
Execute     ap_part_info -name xc7z020-clg484-1 -data info -quiet 
Execute     ap_part_info -name xc7z020-clg484-1 -data names -quiet 
Execute     ap_part_info -name xc7z020-clg484-1 -data info -quiet 
INFO-FLOW: DBG:CMD:       generate_syn_sh
Execute     ap_part_info -name xc7z020-clg484-1 -data names -quiet 
Execute     ap_part_info -name xc7z020-clg484-1 -data info -quiet 
Execute     source /home/phirasit/project/san-adapter/iscsi_hls/iscsi_processor/.autopilot/db/global.setting.tcl 
INFO-FLOW: DBG:CMD:       generate_imp_constraints
Execute     ap_part_info -name xc7z020-clg484-1 -data names -quiet 
Execute     ap_part_info -name xc7z020-clg484-1 -data info -quiet 
Execute     source /home/phirasit/project/san-adapter/iscsi_hls/iscsi_processor/.autopilot/db/iscsi_interface.constraint.tcl 
Execute     source /home/phirasit/project/san-adapter/iscsi_hls/iscsi_processor/.autopilot/db/iscsi_interface.tbgen.tcl 
INFO-FLOW: DBG:CMD:       delete-temp-dirs (skipped for debug)
Execute     ap_part_info -name xc7z020-clg484-1 -data names -quiet 
Execute     ap_part_info -name xc7z020-clg484-1 -data info -quiet 
INFO-FLOW: DBG:CMD: read_platform_lib /home/phirasit/project/san-adapter/iscsi_hls/iscsi_processor/.autopilot/db/global.setting.tcl
Execute     source /opt/vivado/Vivado/2019.1/common/technology/generic/autopilot/common.gen 
Execute       source /opt/vivado/Vivado/2019.1/common/technology/generic/autopilot/APCoreGen.gen 
Execute     source /opt/vivado/Vivado/2019.1/common/technology/generic/autopilot/op.gen 
Execute     source /opt/vivado/Vivado/2019.1/common/technology/generic/autopilot/op_simcore.gen 
Execute     source /opt/vivado/Vivado/2019.1/common/technology/generic/autopilot/interface.gen 
Execute     source /home/phirasit/project/san-adapter/iscsi_hls/iscsi_processor/.autopilot/db/global.setting.tcl 
Execute     source /opt/vivado/Vivado/2019.1/common/technology/xilinx/zynq/zynq.gen 
Execute       source /opt/vivado/Vivado/2019.1/common/technology/xilinx/common/xilinx.gen 
Execute         source /opt/vivado/Vivado/2019.1/common/technology/xilinx/interface/plb46.gen 
Execute         source /opt/vivado/Vivado/2019.1/common/technology/xilinx/interface/fsl.gen 
Execute         source /opt/vivado/Vivado/2019.1/common/technology/xilinx/interface/axi4.gen 
Execute         source /opt/vivado/Vivado/2019.1/common/technology/xilinx/interface/nativeAXI4.gen 
Execute           source /opt/vivado/Vivado/2019.1/common/technology/xilinx/interface/saxilite.gen 
Execute           source /opt/vivado/Vivado/2019.1/common/technology/xilinx/interface/maxi.gen 
Execute         source /opt/vivado/Vivado/2019.1/common/technology/xilinx/scripts/xilinxcoregen.gen 
Execute         source /opt/vivado/Vivado/2019.1/common/technology/xilinx/interface/XilEDKCoreGen.gen 
Execute         source /opt/vivado/Vivado/2019.1/common/technology/xilinx/ip/dds_compiler.gen 
Execute         source /opt/vivado/Vivado/2019.1/common/technology/xilinx/ip/util.gen 
Execute         source /opt/vivado/Vivado/2019.1/common/technology/xilinx/ip/xfft.gen 
Execute         source /opt/vivado/Vivado/2019.1/common/technology/xilinx/ip/xfir.gen 
Execute         source /opt/vivado/Vivado/2019.1/common/technology/xilinx/common/dsp48.gen 
Command       ap_source done; 0.11 sec.
Command     ap_source done; 0.11 sec.
Execute     source /opt/vivado/Vivado/2019.1/common/technology/xilinx/zynq/zynq_fpv6.gen 
Execute       source /opt/vivado/Vivado/2019.1/common/technology/xilinx/common/xilinx_fp.gen 
Execute     ap_part_info -name xc7z020-clg484-1 -data names -quiet 
Execute     ap_part_info -name xc7z020-clg484-1 -data info -quiet 
INFO-FLOW: DBG:CMD:     exec /home/phirasit/project/san-adapter/iscsi_hls/iscsi_processor/impl/ip/pack.sh
INFO-FLOW: DBG:CMD:   auto_impl: eval: -tool vivado -flow impl -rtl verilog
Execute     source /home/phirasit/project/san-adapter/iscsi_hls/iscsi_processor/.autopilot/db/global.setting.tcl 
INFO-FLOW: DBG:CMD: read_platform_lib /home/phirasit/project/san-adapter/iscsi_hls/iscsi_processor/.autopilot/db/global.setting.tcl
Execute     source /opt/vivado/Vivado/2019.1/common/technology/generic/autopilot/common.gen 
Execute       source /opt/vivado/Vivado/2019.1/common/technology/generic/autopilot/APCoreGen.gen 
Execute     source /opt/vivado/Vivado/2019.1/common/technology/generic/autopilot/op.gen 
Execute     source /opt/vivado/Vivado/2019.1/common/technology/generic/autopilot/op_simcore.gen 
Execute     source /opt/vivado/Vivado/2019.1/common/technology/generic/autopilot/interface.gen 
Execute     source /home/phirasit/project/san-adapter/iscsi_hls/iscsi_processor/.autopilot/db/global.setting.tcl 
Execute     source /opt/vivado/Vivado/2019.1/common/technology/xilinx/zynq/zynq.gen 
Execute       source /opt/vivado/Vivado/2019.1/common/technology/xilinx/common/xilinx.gen 
Execute         source /opt/vivado/Vivado/2019.1/common/technology/xilinx/interface/plb46.gen 
Execute         source /opt/vivado/Vivado/2019.1/common/technology/xilinx/interface/fsl.gen 
Execute         source /opt/vivado/Vivado/2019.1/common/technology/xilinx/interface/axi4.gen 
Execute         source /opt/vivado/Vivado/2019.1/common/technology/xilinx/interface/nativeAXI4.gen 
Execute           source /opt/vivado/Vivado/2019.1/common/technology/xilinx/interface/saxilite.gen 
Execute           source /opt/vivado/Vivado/2019.1/common/technology/xilinx/interface/maxi.gen 
Execute         source /opt/vivado/Vivado/2019.1/common/technology/xilinx/scripts/xilinxcoregen.gen 
Execute         source /opt/vivado/Vivado/2019.1/common/technology/xilinx/interface/XilEDKCoreGen.gen 
Execute         source /opt/vivado/Vivado/2019.1/common/technology/xilinx/ip/dds_compiler.gen 
Execute         source /opt/vivado/Vivado/2019.1/common/technology/xilinx/ip/util.gen 
Execute         source /opt/vivado/Vivado/2019.1/common/technology/xilinx/ip/xfft.gen 
Execute         source /opt/vivado/Vivado/2019.1/common/technology/xilinx/ip/xfir.gen 
Execute         source /opt/vivado/Vivado/2019.1/common/technology/xilinx/common/dsp48.gen 
Command       ap_source done; 0.12 sec.
Command     ap_source done; 0.12 sec.
Execute     source /opt/vivado/Vivado/2019.1/common/technology/xilinx/zynq/zynq_fpv6.gen 
Execute       source /opt/vivado/Vivado/2019.1/common/technology/xilinx/common/xilinx_fp.gen 
Execute     ap_part_info -name xc7z020-clg484-1 -data names -quiet 
Execute     ap_part_info -name xc7z020-clg484-1 -data info -quiet 
Execute     source /home/phirasit/project/san-adapter/iscsi_hls/iscsi_processor/.autopilot/db/global.setting.tcl 
INFO: [IMPL 213-8] Starting RTL evaluation using Vivado ...
Execute     source /home/phirasit/project/san-adapter/iscsi_hls/iscsi_processor/.autopilot/db/global.setting.tcl 
INFO-FLOW: DBG:CMD: automg_wrap -rtl vlog -tool Vivado -impltomg_flag
INFO-FLOW: DBG:CMD:     auto_generate -rtl vlog -tool Vivado -impltomg_flag
Execute     source /home/phirasit/project/san-adapter/iscsi_hls/iscsi_processor/.autopilot/db/global.setting.tcl 
INFO-FLOW: DBG:CMD: read_platform_lib /home/phirasit/project/san-adapter/iscsi_hls/iscsi_processor/.autopilot/db/global.setting.tcl
Execute     source /opt/vivado/Vivado/2019.1/common/technology/generic/autopilot/common.gen 
Execute       source /opt/vivado/Vivado/2019.1/common/technology/generic/autopilot/APCoreGen.gen 
Execute     source /opt/vivado/Vivado/2019.1/common/technology/generic/autopilot/op.gen 
Execute     source /opt/vivado/Vivado/2019.1/common/technology/generic/autopilot/op_simcore.gen 
Execute     source /opt/vivado/Vivado/2019.1/common/technology/generic/autopilot/interface.gen 
Execute     source /home/phirasit/project/san-adapter/iscsi_hls/iscsi_processor/.autopilot/db/global.setting.tcl 
Execute     source /opt/vivado/Vivado/2019.1/common/technology/xilinx/zynq/zynq.gen 
Execute       source /opt/vivado/Vivado/2019.1/common/technology/xilinx/common/xilinx.gen 
Execute         source /opt/vivado/Vivado/2019.1/common/technology/xilinx/interface/plb46.gen 
Execute         source /opt/vivado/Vivado/2019.1/common/technology/xilinx/interface/fsl.gen 
Execute         source /opt/vivado/Vivado/2019.1/common/technology/xilinx/interface/axi4.gen 
Execute         source /opt/vivado/Vivado/2019.1/common/technology/xilinx/interface/nativeAXI4.gen 
Execute           source /opt/vivado/Vivado/2019.1/common/technology/xilinx/interface/saxilite.gen 
Execute           source /opt/vivado/Vivado/2019.1/common/technology/xilinx/interface/maxi.gen 
Execute         source /opt/vivado/Vivado/2019.1/common/technology/xilinx/scripts/xilinxcoregen.gen 
Execute         source /opt/vivado/Vivado/2019.1/common/technology/xilinx/interface/XilEDKCoreGen.gen 
Execute         source /opt/vivado/Vivado/2019.1/common/technology/xilinx/ip/dds_compiler.gen 
Execute         source /opt/vivado/Vivado/2019.1/common/technology/xilinx/ip/util.gen 
Execute         source /opt/vivado/Vivado/2019.1/common/technology/xilinx/ip/xfft.gen 
Execute         source /opt/vivado/Vivado/2019.1/common/technology/xilinx/ip/xfir.gen 
Execute         source /opt/vivado/Vivado/2019.1/common/technology/xilinx/common/dsp48.gen 
Command       ap_source done; 0.11 sec.
Command     ap_source done; 0.11 sec.
Execute     source /opt/vivado/Vivado/2019.1/common/technology/xilinx/zynq/zynq_fpv6.gen 
Execute       source /opt/vivado/Vivado/2019.1/common/technology/xilinx/common/xilinx_fp.gen 
INFO-FLOW: DBG:CMD:       generate_ip_cores sim=0 export=0 expOnly=0 dstVlogDir=impl/verilog
Execute     source /home/phirasit/project/san-adapter/iscsi_hls/iscsi_processor/.autopilot/db/global.setting.tcl 
Execute     source /home/phirasit/project/san-adapter/iscsi_hls/iscsi_processor/.autopilot/db/iscsi_interface.compgen.tcl 
INFO-FLOW: DBG:CMD:       generate_syn_sh
Execute     ap_part_info -name xc7z020-clg484-1 -data names -quiet 
Execute     ap_part_info -name xc7z020-clg484-1 -data info -quiet 
Execute     source /home/phirasit/project/san-adapter/iscsi_hls/iscsi_processor/.autopilot/db/global.setting.tcl 
INFO-FLOW: DBG:CMD:       generate_imp_constraints
Execute     ap_part_info -name xc7z020-clg484-1 -data names -quiet 
Execute     ap_part_info -name xc7z020-clg484-1 -data info -quiet 
Execute     source /home/phirasit/project/san-adapter/iscsi_hls/iscsi_processor/.autopilot/db/iscsi_interface.constraint.tcl 
Execute     source /home/phirasit/project/san-adapter/iscsi_hls/iscsi_processor/.autopilot/db/iscsi_interface.tbgen.tcl 
INFO-FLOW: DBG:CMD:       delete-temp-dirs (skipped for debug)
Execute     ap_part_info -name xc7z020-clg484-1 -data names -quiet 
Execute     ap_part_info -name xc7z020-clg484-1 -data info -quiet 
INFO-FLOW: DBG:CMD: read_platform_lib /home/phirasit/project/san-adapter/iscsi_hls/iscsi_processor/.autopilot/db/global.setting.tcl
Execute     source /opt/vivado/Vivado/2019.1/common/technology/generic/autopilot/common.gen 
Execute       source /opt/vivado/Vivado/2019.1/common/technology/generic/autopilot/APCoreGen.gen 
Execute     source /opt/vivado/Vivado/2019.1/common/technology/generic/autopilot/op.gen 
Execute     source /opt/vivado/Vivado/2019.1/common/technology/generic/autopilot/op_simcore.gen 
Execute     source /opt/vivado/Vivado/2019.1/common/technology/generic/autopilot/interface.gen 
Execute     source /home/phirasit/project/san-adapter/iscsi_hls/iscsi_processor/.autopilot/db/global.setting.tcl 
Execute     source /opt/vivado/Vivado/2019.1/common/technology/xilinx/zynq/zynq.gen 
Execute       source /opt/vivado/Vivado/2019.1/common/technology/xilinx/common/xilinx.gen 
Execute         source /opt/vivado/Vivado/2019.1/common/technology/xilinx/interface/plb46.gen 
Execute         source /opt/vivado/Vivado/2019.1/common/technology/xilinx/interface/fsl.gen 
Execute         source /opt/vivado/Vivado/2019.1/common/technology/xilinx/interface/axi4.gen 
Execute         source /opt/vivado/Vivado/2019.1/common/technology/xilinx/interface/nativeAXI4.gen 
Execute           source /opt/vivado/Vivado/2019.1/common/technology/xilinx/interface/saxilite.gen 
Execute           source /opt/vivado/Vivado/2019.1/common/technology/xilinx/interface/maxi.gen 
Execute         source /opt/vivado/Vivado/2019.1/common/technology/xilinx/scripts/xilinxcoregen.gen 
Execute         source /opt/vivado/Vivado/2019.1/common/technology/xilinx/interface/XilEDKCoreGen.gen 
Execute         source /opt/vivado/Vivado/2019.1/common/technology/xilinx/ip/dds_compiler.gen 
Execute         source /opt/vivado/Vivado/2019.1/common/technology/xilinx/ip/util.gen 
Execute         source /opt/vivado/Vivado/2019.1/common/technology/xilinx/ip/xfft.gen 
Execute         source /opt/vivado/Vivado/2019.1/common/technology/xilinx/ip/xfir.gen 
Execute         source /opt/vivado/Vivado/2019.1/common/technology/xilinx/common/dsp48.gen 
Command       ap_source done; 0.11 sec.
Command     ap_source done; 0.12 sec.
Execute     source /opt/vivado/Vivado/2019.1/common/technology/xilinx/zynq/zynq_fpv6.gen 
Execute       source /opt/vivado/Vivado/2019.1/common/technology/xilinx/common/xilinx_fp.gen 
Execute     ap_part_info -name xc7z020-clg484-1 -data names -quiet 
Execute     ap_part_info -name xc7z020-clg484-1 -data info -quiet 
Execute     get_config_export -vivado_report_level 
Execute     get_config_export -vivado_ip_cache 
Execute     get_config_export -vivado_enable_slr_assignment 
Execute     ap_part_info -name xc7z020-clg484-1 -data names -quiet 
Execute     ap_part_info -name xc7z020-clg484-1 -data info -quiet 
Execute     get_config_export -vivado_bd_cell_properties 
Execute     get_config_export -vivado_synth_design_args 
Execute     source /home/phirasit/project/san-adapter/iscsi_hls/iscsi_processor/.autopilot/db/global.setting.tcl 
Execute     get_config_export -vivado_synth_strategy 
Execute     get_config_export -vivado_synth_run_properties 
Execute     get_config_export -vivado_impl_run_properties 
Execute     get_config_export -vivado_enable_pblock 
Execute     get_config_export -vivado_impl_strategy 
Execute     get_config_export -vivado_phys_opt 
INFO-FLOW: DBG:CMD: auto_impl: vlog exec /home/phirasit/project/san-adapter/iscsi_hls/iscsi_processor/impl/verilog/impl.sh
Command   export_design done; 196.47 sec.
Command ap_source done; 197.61 sec.
Execute cleanup_all 
