

================================================================
== Vivado HLS Report for 'iscsi_interface'
================================================================
* Date:           Thu Apr 30 11:07:59 2020

* Version:        2019.1 (Build 2552052 on Fri May 24 15:28:33 MDT 2019)
* Project:        iscsi_hls
* Solution:       iscsi_processor
* Product family: zynq
* Target device:  xc7z020-clg484-1


================================================================
== Performance Estimates
================================================================
+ Timing (ns): 
    * Summary: 
    +--------+-------+----------+------------+
    |  Clock | Target| Estimated| Uncertainty|
    +--------+-------+----------+------------+
    |ap_clk  |  10.00|     8.495|        1.25|
    +--------+-------+----------+------------+

+ Latency (clock cycles): 
    * Summary: 
    +-----+-----+-----+-----+---------+
    |  Latency  |  Interval | Pipeline|
    | min | max | min | max |   Type  |
    +-----+-----+-----+-----+---------+
    |    ?|    ?|    ?|    ?|   none  |
    +-----+-----+-----+-----+---------+

    + Detail: 
        * Instance: 
        N/A

        * Loop: 
        +----------+-----+-----+----------+-----------+-----------+------+----------+
        |          |  Latency  | Iteration|  Initiation Interval  | Trip |          |
        | Loop Name| min | max |  Latency |  achieved |   target  | Count| Pipelined|
        +----------+-----+-----+----------+-----------+-----------+------+----------+
        |- Loop 1  |    ?|    ?|         ?|          -|          -|  inf |    no    |
        +----------+-----+-----+----------+-----------+-----------+------+----------+

============================================================
+ Verbose Summary: Synthesis Manager
============================================================
InlineROM: 1
ExposeGlobal: 0
============================================================
+ Verbose Summary: CDFG Model
============================================================
IsTopModel: 1
ResetActiveHigh: 1
IsCombinational: 0
IsDatapathOnly: 0
HasWiredReturn: 0
HasMFsm: 0
HasVarLatency: 1
IsPipeline: 0
IsRtlPipelined: 0
IsInstanceOverlapped: 0
IsDontTouch: 0
HasImplIP: 0
IsGatedGlobalClock: 0


============================================================
+ Verbose Summary: Schedule
============================================================
* Number of FSM states : 5
* Pipeline : 0
* Dataflow Pipeline: 0

* FSM state transitions: 
1 --> 2 
2 --> 3 
3 --> 4 
4 --> 5 
5 --> 4 

* FSM state operations: 

State 1 <SV = 0> <Delay = 0.00>
ST_1 : Operation 6 [1/1] (0.00ns)   --->   "%x = alloca i1, align 1"   --->   Operation 6 'alloca' 'x' <Predicate = true> <Delay = 0.00>
ST_1 : Operation 7 [1/1] (0.00ns)   --->   "store volatile i1 false, i1* %x, align 1" [iscsi_hls/iscsi_processor/src/iscsi_top_level.cpp:27]   --->   Operation 7 'store' <Predicate = true> <Delay = 0.00>

State 2 <SV = 1> <Delay = 0.00>
ST_2 : Operation 8 [1/1] (0.00ns)   --->   "call void (...)* @_ssdm_op_SpecBitsMap(i32* %tcp_in_V_V), !map !178"   --->   Operation 8 'specbitsmap' <Predicate = true> <Delay = 0.00>
ST_2 : Operation 9 [1/1] (0.00ns)   --->   "call void (...)* @_ssdm_op_SpecBitsMap(i32* %tcp_out_V_V), !map !184"   --->   Operation 9 'specbitsmap' <Predicate = true> <Delay = 0.00>
ST_2 : Operation 10 [1/1] (0.00ns)   --->   "call void (...)* @_ssdm_op_SpecTopModule([16 x i8]* @iscsi_interface_str) nounwind"   --->   Operation 10 'spectopmodule' <Predicate = true> <Delay = 0.00>
ST_2 : Operation 11 [1/1] (0.00ns)   --->   "call void (...)* @_ssdm_op_SpecInterface(i32* %tcp_in_V_V, [5 x i8]* @p_str, i32 1, i32 1, [5 x i8]* @p_str1, i32 0, i32 0, [1 x i8]* @p_str2, [1 x i8]* @p_str2, [1 x i8]* @p_str2, i32 0, i32 0, i32 0, i32 0, [1 x i8]* @p_str2, [1 x i8]* @p_str2) nounwind" [iscsi_hls/iscsi_processor/src/iscsi_top_level.cpp:13]   --->   Operation 11 'specinterface' <Predicate = true> <Delay = 0.00>
ST_2 : Operation 12 [1/1] (0.00ns)   --->   "call void (...)* @_ssdm_op_SpecInterface(i32* %tcp_out_V_V, [5 x i8]* @p_str, i32 1, i32 1, [5 x i8]* @p_str1, i32 0, i32 0, [1 x i8]* @p_str2, [1 x i8]* @p_str2, [1 x i8]* @p_str2, i32 0, i32 0, i32 0, i32 0, [1 x i8]* @p_str2, [1 x i8]* @p_str2) nounwind" [iscsi_hls/iscsi_processor/src/iscsi_top_level.cpp:14]   --->   Operation 12 'specinterface' <Predicate = true> <Delay = 0.00>
ST_2 : Operation 13 [1/1] (0.00ns)   --->   "%x_load = load volatile i1* %x, align 1" [iscsi_hls/iscsi_processor/src/iscsi_top_level.cpp:28]   --->   Operation 13 'load' 'x_load' <Predicate = true> <Delay = 0.00>
ST_2 : Operation 14 [1/1] (0.00ns)   --->   "br i1 %x_load, label %1, label %._crit_edge" [iscsi_hls/iscsi_processor/src/iscsi_top_level.cpp:28]   --->   Operation 14 'br' <Predicate = true> <Delay = 0.00>
ST_2 : Operation 15 [2/2] (0.00ns)   --->   "call void @_ssdm_op_Write.axis.volatile.i32P(i32* %tcp_out_V_V, i32 undef)" [iscsi_hls/iscsi_processor/src/iscsi_top_level.cpp:30]   --->   Operation 15 'write' <Predicate = (x_load)> <Delay = 0.00> <Core = "AXI4Stream">   --->   Core 5 'AXI4Stream' <Latency = 0> <II = 1> <Delay = 1.00> <Adapter> <Opcode : >

State 3 <SV = 2> <Delay = 0.00>
ST_3 : Operation 16 [1/2] (0.00ns)   --->   "call void @_ssdm_op_Write.axis.volatile.i32P(i32* %tcp_out_V_V, i32 undef)" [iscsi_hls/iscsi_processor/src/iscsi_top_level.cpp:30]   --->   Operation 16 'write' <Predicate = (x_load)> <Delay = 0.00> <Core = "AXI4Stream">   --->   Core 5 'AXI4Stream' <Latency = 0> <II = 1> <Delay = 1.00> <Adapter> <Opcode : >
ST_3 : Operation 17 [1/1] (0.00ns)   --->   "br label %._crit_edge" [iscsi_hls/iscsi_processor/src/iscsi_top_level.cpp:31]   --->   Operation 17 'br' <Predicate = (x_load)> <Delay = 0.00>
ST_3 : Operation 18 [1/1] (0.00ns)   --->   "br label %2" [iscsi_hls/iscsi_processor/src/iscsi_top_level.cpp:33]   --->   Operation 18 'br' <Predicate = true> <Delay = 0.00>

State 4 <SV = 3> <Delay = 0.00>
ST_4 : Operation 19 [2/2] (0.00ns)   --->   "call fastcc void @process_pdu(i32* %tcp_in_V_V, i32* %tcp_out_V_V)" [iscsi_hls/iscsi_processor/src/iscsi_top_level.cpp:34]   --->   Operation 19 'call' <Predicate = true> <Delay = 0.00> <CoreType = "Generic">   --->   Core 0 '' <Latency = 0> <II = 1> <Delay = 1.00> <Generic> <Opcode : >

State 5 <SV = 4> <Delay = 0.00>
ST_5 : Operation 20 [1/2] (0.00ns)   --->   "call fastcc void @process_pdu(i32* %tcp_in_V_V, i32* %tcp_out_V_V)" [iscsi_hls/iscsi_processor/src/iscsi_top_level.cpp:34]   --->   Operation 20 'call' <Predicate = true> <Delay = 0.00> <CoreType = "Generic">   --->   Core 0 '' <Latency = 0> <II = 1> <Delay = 1.00> <Generic> <Opcode : >
ST_5 : Operation 21 [1/1] (0.00ns)   --->   "br label %2" [iscsi_hls/iscsi_processor/src/iscsi_top_level.cpp:35]   --->   Operation 21 'br' <Predicate = true> <Delay = 0.00>


============================================================
+ Verbose Summary: Timing violations
============================================================
Target clock period: 10ns, clock uncertainty: 1.25ns.

 <State 1>: 0ns
The critical path consists of the following:

 <State 2>: 0ns
The critical path consists of the following:

 <State 3>: 0ns
The critical path consists of the following:

 <State 4>: 0ns
The critical path consists of the following:

 <State 5>: 0ns
The critical path consists of the following:


============================================================
+ Verbose Summary: Binding
============================================================
N/A
* FSMD analyzer results:
  - Output states:
 - Input state : 
  - Chain level:
	State 1
	State 2
	State 3
	State 4
	State 5


============================================================
+ Verbose Summary: Datapath Resource usage 
============================================================
N/A
