

================================================================
== Vivado HLS Report for 'iscsi_login'
================================================================
* Date:           Thu Apr 30 11:08:06 2020

* Version:        2019.1 (Build 2552052 on Fri May 24 15:28:33 MDT 2019)
* Project:        iscsi_hls
* Solution:       iscsi_processor
* Product family: zynq
* Target device:  xc7z020-clg484-1


================================================================
== Performance Estimates
================================================================
+ Timing (ns): 
    * Summary: 
    +--------+-------+----------+------------+
    |  Clock | Target| Estimated| Uncertainty|
    +--------+-------+----------+------------+
    |ap_clk  |  10.00|     8.495|        1.25|
    +--------+-------+----------+------------+

+ Latency (clock cycles): 
    * Summary: 
    +-----+-----+-----+-----+---------+
    |  Latency  |  Interval | Pipeline|
    | min | max | min | max |   Type  |
    +-----+-----+-----+-----+---------+
    |    ?|    ?|    ?|    ?|   none  |
    +-----+-----+-----+-----+---------+

    + Detail: 
        * Instance: 
        +-----------------------------------+-----------------------+-----+-----+-----+-----+---------+
        |                                   |                       |  Latency  |  Interval | Pipeline|
        |              Instance             |         Module        | min | max | min | max |   Type  |
        +-----------------------------------+-----------------------+-----+-----+-----+-----+---------+
        |grp_read_from_tcp_1_fu_1111        |read_from_tcp_1        |    ?|    ?|    ?|    ?|   none  |
        |grp_write_key_value_int_2_fu_1166  |write_key_value_int_2  |    ?|    ?|    ?|    ?|   none  |
        |grp_write_key_value_int_3_fu_1180  |write_key_value_int_3  |    ?|    ?|    ?|    ?|   none  |
        |grp_write_key_value_int_1_fu_1194  |write_key_value_int_1  |    ?|    ?|    ?|    ?|   none  |
        |grp_write_key_value_int_fu_1207    |write_key_value_int    |    ?|    ?|    ?|    ?|   none  |
        |grp_setup_session_fu_1220          |setup_session          |    ?|    ?|    ?|    ?|   none  |
        |grp_write_to_tcp_1_fu_1237         |write_to_tcp_1         |    ?|    ?|    ?|    ?|   none  |
        |grp_write_to_tcp_fu_1247           |write_to_tcp           |   38|   38|   38|   38|   none  |
        |grp_write_byte_array_2_fu_1254     |write_byte_array_2     |    9|    9|    9|    9|   none  |
        +-----------------------------------+-----------------------+-----+-----+-----+-----+---------+

        * Loop: 
        +-----------+-----+-----+----------+-----------+-----------+------+----------+
        |           |  Latency  | Iteration|  Initiation Interval  | Trip |          |
        | Loop Name | min | max |  Latency |  achieved |   target  | Count| Pipelined|
        +-----------+-----+-----+----------+-----------+-----------+------+----------+
        |- Loop 1   |   96|   96|         2|          -|          -|    48|    no    |
        |- Loop 2   |   21|   21|         2|          -|          -|    10|    no    |
        |- Loop 3   |    ?|    ?|         2|          -|          -|     ?|    no    |
        |- Loop 4   |   27|   27|         2|          -|          -|    13|    no    |
        |- Loop 5   |    ?|    ?|         2|          -|          -|     ?|    no    |
        |- Loop 6   |   29|   29|         2|          -|          -|    14|    no    |
        |- Loop 7   |    ?|    ?|         2|          -|          -|     ?|    no    |
        |- Loop 8   |   39|   39|         2|          -|          -|    19|    no    |
        |- Loop 9   |    ?|    ?|         2|          -|          -|     ?|    no    |
        |- Loop 10  |   48|   48|         1|          -|          -|    48|    no    |
        |- Loop 11  |   12|   12|         2|          -|          -|     6|    no    |
        +-----------+-----+-----+----------+-----------+-----------+------+----------+



================================================================
== Utilization Estimates
================================================================
* Summary: 
+-----------------+---------+-------+--------+-------+-----+
|       Name      | BRAM_18K| DSP48E|   FF   |  LUT  | URAM|
+-----------------+---------+-------+--------+-------+-----+
|DSP              |        -|      -|       -|      -|    -|
|Expression       |        -|      -|       0|    836|    -|
|FIFO             |        -|      -|       -|      -|    -|
|Instance         |        0|     16|    4968|   9298|    0|
|Memory           |        5|      -|     138|     30|    0|
|Multiplexer      |        -|      -|       -|   1520|    -|
|Register         |        -|      -|    1116|      -|    -|
+-----------------+---------+-------+--------+-------+-----+
|Total            |        5|     16|    6222|  11684|    0|
+-----------------+---------+-------+--------+-------+-----+
|Available        |      280|    220|  106400|  53200|    0|
+-----------------+---------+-------+--------+-------+-----+
|Utilization (%)  |        1|      7|       5|     21|    0|
+-----------------+---------+-------+--------+-------+-----+

+ Detail: 
    * Instance: 
    +-----------------------------------+-----------------------+---------+-------+------+------+-----+
    |              Instance             |         Module        | BRAM_18K| DSP48E|  FF  |  LUT | URAM|
    +-----------------------------------+-----------------------+---------+-------+------+------+-----+
    |grp_read_from_tcp_1_fu_1111        |read_from_tcp_1        |        0|      0|  1373|  3851|    0|
    |grp_setup_session_fu_1220          |setup_session          |        0|      0|   218|   461|    0|
    |grp_write_byte_array_2_fu_1254     |write_byte_array_2     |        0|      0|    42|    95|    0|
    |grp_write_key_value_int_fu_1207    |write_key_value_int    |        0|      4|   772|  1053|    0|
    |grp_write_key_value_int_1_fu_1194  |write_key_value_int_1  |        0|      4|   772|  1054|    0|
    |grp_write_key_value_int_2_fu_1166  |write_key_value_int_2  |        0|      4|   818|  1075|    0|
    |grp_write_key_value_int_3_fu_1180  |write_key_value_int_3  |        0|      4|   818|  1075|    0|
    |grp_write_to_tcp_fu_1247           |write_to_tcp           |        0|      0|    35|   136|    0|
    |grp_write_to_tcp_1_fu_1237         |write_to_tcp_1         |        0|      0|   120|   498|    0|
    +-----------------------------------+-----------------------+---------+-------+------+------+-----+
    |Total                              |                       |        0|     16|  4968|  9298|    0|
    +-----------------------------------+-----------------------+---------+-------+------+------+-----+

    * DSP48E: 
    N/A

    * Memory: 
    +---------------------+-------------------------------+---------+----+----+-----+------+-----+------+-------------+
    |        Memory       |             Module            | BRAM_18K| FF | LUT| URAM| Words| Bits| Banks| W*Bits*Banks|
    +---------------------+-------------------------------+---------+----+----+-----+------+-----+------+-------------+
    |buffer_r_U           |iscsi_login_buffer_r           |        0|  16|   3|    0|    20|    8|     1|          160|
    |header_buffer_V_U    |iscsi_login_header_buffer_V    |        0|  16|   6|    0|    48|    8|     1|          384|
    |instance_data_U      |iscsi_login_instance_data      |        4|   0|   0|    0|  8192|    8|     1|        65536|
    |p_str1126_U          |iscsi_login_p_str1126          |        0|   7|   1|    0|     3|    7|     1|           21|
    |p_str15_U            |iscsi_login_p_str15            |        0|  16|   2|    0|    15|    8|     1|          120|
    |p_str318_U           |iscsi_login_p_str318           |        0|  16|   2|    0|    15|    8|     1|          120|
    |p_str419_U           |iscsi_login_p_str419           |        0|  16|   3|    0|    17|    8|     1|          136|
    |p_str722_U           |iscsi_login_p_str722           |        0|  16|   3|    0|    17|    8|     1|          136|
    |response_buffer_V_U  |iscsi_login_response_buffer_V  |        1|   0|   0|    0|    48|    8|     1|          384|
    |p_str520_U           |update_value_bool_1_p_str8     |        0|   7|   2|    0|    15|    7|     1|          105|
    |p_str217_U           |update_value_bool_2_p_str5     |        0|   7|   2|    0|    14|    7|     1|           98|
    |p_str1025_U          |update_value_bool_3_p_str13    |        0|   7|   1|    0|     4|    7|     1|           28|
    |p_str116_U           |update_value_bool_3_p_str4     |        0|   7|   2|    0|    11|    7|     1|           77|
    |p_str621_U           |update_value_bool_p_str9       |        0|   7|   3|    0|    20|    7|     1|          140|
    +---------------------+-------------------------------+---------+----+----+-----+------+-----+------+-------------+
    |Total                |                               |        5| 138|  30|    0|  8439|  106|    14|        67445|
    +---------------------+-------------------------------+---------+----+----+-----+------+-----+------+-------------+

    * FIFO: 
    N/A

    * Expression: 
    +-------------------------------------------------------------+----------+-------+---+----+------------+------------+
    |                        Variable Name                        | Operation| DSP48E| FF| LUT| Bitwidth P0| Bitwidth P1|
    +-------------------------------------------------------------+----------+-------+---+----+------------+------------+
    |add_ln171_1_fu_1575_p2                                       |     +    |      0|  0|  39|          32|           1|
    |add_ln171_3_fu_1785_p2                                       |     +    |      0|  0|  39|          32|           1|
    |add_ln199_1_fu_1627_p2                                       |     +    |      0|  0|  39|          32|           1|
    |add_ln199_2_fu_1731_p2                                       |     +    |      0|  0|  39|          32|           1|
    |add_ln199_3_fu_1837_p2                                       |     +    |      0|  0|  39|           1|          32|
    |add_ln199_fu_1521_p2                                         |     +    |      0|  0|  39|          32|           1|
    |add_ln36_fu_1363_p2                                          |     +    |      0|  0|  39|          32|           1|
    |grp_fu_1276_p2                                               |     +    |      0|  0|  39|          32|           1|
    |i_10_fu_1465_p2                                              |     +    |      0|  0|  13|           4|           1|
    |i_11_fu_1492_p2                                              |     +    |      0|  0|  39|          32|           1|
    |i_12_fu_1559_p2                                              |     +    |      0|  0|  13|           4|           1|
    |i_13_fu_1598_p2                                              |     +    |      0|  0|  39|          32|           1|
    |i_14_fu_1675_p2                                              |     +    |      0|  0|  13|           4|           1|
    |i_15_fu_1702_p2                                              |     +    |      0|  0|  39|          32|           1|
    |i_16_fu_1769_p2                                              |     +    |      0|  0|  15|           5|           1|
    |i_17_fu_1808_p2                                              |     +    |      0|  0|  39|          32|           1|
    |i_18_fu_1880_p2                                              |     +    |      0|  0|  15|           6|           1|
    |i_19_fu_1959_p2                                              |     +    |      0|  0|  13|           4|           1|
    |i_fu_1319_p2                                                 |     +    |      0|  0|  15|           6|           1|
    |ap_predicate_op478_call_state58                              |    and   |      0|  0|   2|           1|           1|
    |ap_predicate_op480_call_state58                              |    and   |      0|  0|   2|           1|           1|
    |grp_write_byte_array_2_fu_1254_stream_ap_uint_32_V_V_TREADY  |    and   |      0|  0|   2|           1|           1|
    |grp_write_to_tcp_fu_1247_out_stream_V_V_TREADY               |    and   |      0|  0|   2|           1|           1|
    |icmp_ln168_1_fu_1553_p2                                      |   icmp   |      0|  0|   9|           4|           3|
    |icmp_ln168_2_fu_1669_p2                                      |   icmp   |      0|  0|   9|           4|           3|
    |icmp_ln168_3_fu_1763_p2                                      |   icmp   |      0|  0|  11|           5|           5|
    |icmp_ln168_fu_1459_p2                                        |   icmp   |      0|  0|   9|           4|           4|
    |icmp_ln196_1_fu_1616_p2                                      |   icmp   |      0|  0|  11|           7|           1|
    |icmp_ln196_2_fu_1720_p2                                      |   icmp   |      0|  0|  11|           7|           1|
    |icmp_ln196_3_fu_1826_p2                                      |   icmp   |      0|  0|  11|           7|           1|
    |icmp_ln196_fu_1510_p2                                        |   icmp   |      0|  0|  11|           7|           1|
    |icmp_ln35_fu_1874_p2                                         |   icmp   |      0|  0|  11|           6|           6|
    |icmp_ln38_fu_1313_p2                                         |   icmp   |      0|  0|  11|           6|           6|
    |icmp_ln48_fu_1351_p2                                         |   icmp   |      0|  0|  13|          10|           1|
    |icmp_ln65_fu_1419_p2                                         |   icmp   |      0|  0|   8|           2|           2|
    |icmp_ln68_fu_1425_p2                                         |   icmp   |      0|  0|   8|           2|           1|
    |icmp_ln74_fu_1948_p2                                         |   icmp   |      0|  0|   9|           4|           3|
    |icmp_ln75_fu_1403_p2                                         |   icmp   |      0|  0|   8|           2|           2|
    |icmp_ln79_fu_1448_p2                                         |   icmp   |      0|  0|  18|          32|           1|
    |icmp_ln80_fu_1542_p2                                         |   icmp   |      0|  0|  18|          32|           1|
    |icmp_ln83_fu_1658_p2                                         |   icmp   |      0|  0|  18|          32|           1|
    |icmp_ln84_fu_1752_p2                                         |   icmp   |      0|  0|  18|          32|           1|
    |ap_block_state58_on_subcall_done                             |    or    |      0|  0|   2|           1|           1|
    |select_ln195_1_fu_1604_p3                                    |  select  |      0|  0|   7|           1|           7|
    |select_ln195_2_fu_1708_p3                                    |  select  |      0|  0|   7|           1|           7|
    |select_ln195_3_fu_1814_p3                                    |  select  |      0|  0|   7|           1|           7|
    |select_ln195_fu_1498_p3                                      |  select  |      0|  0|   7|           1|           7|
    |select_ln68_fu_1431_p3                                       |  select  |      0|  0|  11|           1|           1|
    +-------------------------------------------------------------+----------+-------+---+----+------------+------------+
    |Total                                                        |          |      0|  0| 836|         601|         128|
    +-------------------------------------------------------------+----------+-------+---+----+------------+------------+

    * Multiplexer: 
    +-------------------------------------------+-----+-----------+-----+-----------+
    |                    Name                   | LUT | Input Size| Bits| Total Bits|
    +-------------------------------------------+-----+-----------+-----+-----------+
    |ap_NS_fsm                                  |  257|         60|    1|         60|
    |buffer_r_address0                          |   27|          5|    5|         25|
    |buffer_r_ce0                               |   27|          5|    1|          5|
    |buffer_r_d0                                |   27|          5|    8|         40|
    |buffer_r_we0                               |   27|          5|    1|          5|
    |grp_write_key_value_int_2_fu_1166_key_q0   |   15|          3|    8|         24|
    |grp_write_key_value_int_2_fu_1166_value_r  |   15|          3|   32|         96|
    |grp_write_key_value_int_3_fu_1180_key_q0   |   15|          3|    8|         24|
    |grp_write_key_value_int_3_fu_1180_value_r  |   15|          3|   32|         96|
    |header_buffer_V_address0                   |   38|          7|    6|         42|
    |header_buffer_V_address1                   |   38|          7|    6|         42|
    |header_buffer_V_ce0                        |   15|          3|    1|          3|
    |header_buffer_V_ce1                        |   15|          3|    1|          3|
    |i_0_i10_reg_954                            |    9|          2|   32|         64|
    |i_0_i1_reg_914                             |    9|          2|   32|         64|
    |i_0_i34_reg_985                            |    9|          2|   32|         64|
    |i_0_i58_reg_1025                           |    9|          2|   32|         64|
    |i_0_i_i26_reg_974                          |    9|          2|    4|          8|
    |i_0_i_i2_reg_934                           |    9|          2|    4|          8|
    |i_0_i_i50_reg_1005                         |    9|          2|    5|         10|
    |i_0_i_i_i36_reg_1089                       |    9|          2|    6|         12|
    |i_0_i_i_i_reg_875                          |    9|          2|    6|         12|
    |i_0_i_i_reg_903                            |    9|          2|    4|          8|
    |i_0_i_reg_1100                             |    9|          2|    4|          8|
    |instance_data_address0                     |  113|         24|   13|        312|
    |instance_data_address1                     |   15|          3|   13|         39|
    |instance_data_ce0                          |   44|          9|    1|          9|
    |instance_data_ce1                          |   15|          3|    1|          3|
    |instance_data_d0                           |   65|         16|    8|        128|
    |instance_data_length                       |   56|         13|   32|        416|
    |instance_data_length_23_reg_945            |    9|          2|   32|         64|
    |instance_data_length_25_reg_965            |    9|          2|   32|         64|
    |instance_data_length_31_reg_1016           |    9|          2|   32|         64|
    |instance_data_length_33_reg_1036           |    9|          2|   32|         64|
    |instance_data_we0                          |   38|          7|    1|          7|
    |instance_data_we1                          |    9|          2|    1|          2|
    |instance_exp_cmd_sn_o                      |    9|          2|   32|         64|
    |instance_max_cmd_sn_o                      |    9|          2|   32|         64|
    |p_Val2_15_reg_1067                         |   15|          3|   24|         72|
    |p_str1025_address0                         |   27|          5|    2|         10|
    |p_str1126_address0                         |   27|          5|    2|         10|
    |p_str15_ce0                                |    9|          2|    1|          2|
    |p_str318_ce0                               |    9|          2|    1|          2|
    |p_str419_ce0                               |    9|          2|    1|          2|
    |p_str722_ce0                               |    9|          2|    1|          2|
    |reg_1288                                   |    9|          2|    8|         16|
    |response_buffer_V_address0                 |   85|         17|    6|        102|
    |response_buffer_V_address1                 |   65|         16|    6|         96|
    |response_buffer_V_ce0                      |   15|          3|    1|          3|
    |response_buffer_V_ce1                      |   15|          3|    1|          3|
    |response_buffer_V_d0                       |   59|         14|    8|        112|
    |response_buffer_V_d1                       |   56|         13|    8|        104|
    |status_5_reg_1045                          |   21|          4|    1|          4|
    |tcp_in_V_V_TREADY                          |    9|          2|    1|          2|
    |tcp_out_V_V_TDATA                          |   21|          4|   32|        128|
    |tcp_out_V_V_TVALID                         |   21|          4|    1|          4|
    +-------------------------------------------+-----+-----------+-----+-----------+
    |Total                                      | 1520|        326|  638|       2761|
    +-------------------------------------------+-----+-----------+-----+-----------+

    * Register: 
    +------------------------------------------------+----+----+-----+-----------+
    |                      Name                      | FF | LUT| Bits| Const Bits|
    +------------------------------------------------+----+----+-----+-----------+
    |ap_CS_fsm                                       |  59|   0|   59|          0|
    |grp_read_from_tcp_1_fu_1111_ap_start_reg        |   1|   0|    1|          0|
    |grp_setup_session_fu_1220_ap_start_reg          |   1|   0|    1|          0|
    |grp_write_byte_array_2_fu_1254_ap_start_reg     |   1|   0|    1|          0|
    |grp_write_key_value_int_1_fu_1194_ap_start_reg  |   1|   0|    1|          0|
    |grp_write_key_value_int_2_fu_1166_ap_start_reg  |   1|   0|    1|          0|
    |grp_write_key_value_int_3_fu_1180_ap_start_reg  |   1|   0|    1|          0|
    |grp_write_key_value_int_fu_1207_ap_start_reg    |   1|   0|    1|          0|
    |grp_write_to_tcp_1_fu_1237_ap_start_reg         |   1|   0|    1|          0|
    |grp_write_to_tcp_fu_1247_ap_start_reg           |   1|   0|    1|          0|
    |i_0_i10_reg_954                                 |  32|   0|   32|          0|
    |i_0_i1_reg_914                                  |  32|   0|   32|          0|
    |i_0_i34_reg_985                                 |  32|   0|   32|          0|
    |i_0_i58_reg_1025                                |  32|   0|   32|          0|
    |i_0_i_i26_reg_974                               |   4|   0|    4|          0|
    |i_0_i_i2_reg_934                                |   4|   0|    4|          0|
    |i_0_i_i50_reg_1005                              |   5|   0|    5|          0|
    |i_0_i_i_i36_reg_1089                            |   6|   0|    6|          0|
    |i_0_i_i_i_reg_875                               |   6|   0|    6|          0|
    |i_0_i_i_reg_903                                 |   4|   0|    4|          0|
    |i_0_i_reg_1100                                  |   4|   0|    4|          0|
    |i_10_reg_2200                                   |   4|   0|    4|          0|
    |i_11_reg_2215                                   |  32|   0|   32|          0|
    |i_12_reg_2242                                   |   4|   0|    4|          0|
    |i_13_reg_2262                                   |  32|   0|   32|          0|
    |i_14_reg_2294                                   |   4|   0|    4|          0|
    |i_15_reg_2309                                   |  32|   0|   32|          0|
    |i_16_reg_2336                                   |   5|   0|    5|          0|
    |i_17_reg_2356                                   |  32|   0|   32|          0|
    |i_19_reg_2427                                   |   4|   0|    4|          0|
    |i_reg_2119                                      |   6|   0|    6|          0|
    |icmp_ln168_1_reg_2238                           |   1|   0|    1|          0|
    |icmp_ln168_2_reg_2290                           |   1|   0|    1|          0|
    |icmp_ln168_3_reg_2332                           |   1|   0|    1|          0|
    |icmp_ln168_reg_2196                             |   1|   0|    1|          0|
    |icmp_ln48_reg_2159                              |   1|   0|    1|          0|
    |icmp_ln79_reg_2186                              |   1|   0|    1|          0|
    |icmp_ln80_reg_2228                              |   1|   0|    1|          0|
    |icmp_ln83_reg_2280                              |   1|   0|    1|          0|
    |icmp_ln84_reg_2322                              |   1|   0|    1|          0|
    |instance_data_length                            |  32|   0|   32|          0|
    |instance_data_length_21_reg_925                 |  32|   0|   32|          0|
    |instance_data_length_23_reg_945                 |  32|   0|   32|          0|
    |instance_data_length_25_reg_965                 |  32|   0|   32|          0|
    |instance_data_length_29_reg_996                 |  32|   0|   32|          0|
    |instance_data_length_31_reg_1016                |  32|   0|   32|          0|
    |instance_data_length_33_reg_1036                |  32|   0|   32|          0|
    |instance_data_pdu_in                            |  32|   0|   32|          0|
    |instance_data_sequen                            |  32|   0|   32|          0|
    |instance_default_tim                            |  32|   0|   32|          0|
    |instance_default_tim_1                          |  32|   0|   32|          0|
    |instance_first_burst                            |  32|   0|   32|          0|
    |instance_immediate_d                            |  32|   0|   32|          0|
    |instance_initial_r2t                            |  32|   0|   32|          0|
    |instance_max_burst_l                            |  32|   0|   32|          0|
    |instance_max_connect                            |  32|   0|   32|          0|
    |instance_max_outstan                            |  32|   0|   32|          0|
    |instance_max_receive                            |  32|   0|   32|          0|
    |instance_tsih                                   |   1|   0|    1|          0|
    |p_Result_4_reg_2409                             |   8|   0|    8|          0|
    |p_Result_7_i16_i_reg_2452                       |   8|   0|    8|          0|
    |p_Result_7_i8_i_reg_2442                        |   8|   0|    8|          0|
    |p_Result_7_i_i3_reg_2432                        |   8|   0|    8|          0|
    |p_Result_i9_reg_2163                            |   2|   0|    2|          0|
    |p_Val2_15_reg_1067                              |  24|   0|   24|          0|
    |p_Val2_9_reg_2404                               |   8|   0|    8|          0|
    |reg_1288                                        |   8|   0|    8|          0|
    |status_4_reg_886                                |   1|   0|   10|          9|
    |status_5_reg_1045                               |   1|   0|   10|          9|
    |tmp_6_reg_2149                                  |  24|   0|   24|          0|
    |trunc_ln414_reg_2399                            |   4|   0|    4|          0|
    |trunc_ln647_4_reg_2437                          |   8|   0|    8|          0|
    |trunc_ln647_5_reg_2447                          |   8|   0|    8|          0|
    |trunc_ln647_6_reg_2457                          |   8|   0|    8|          0|
    |trunc_ln647_7_reg_2462                          |   8|   0|    8|          0|
    |zext_ln38_reg_2124                              |   6|   0|   64|         58|
    |zext_ln75_reg_2417                              |   4|   0|   64|         60|
    +------------------------------------------------+----+----+-----+-----------+
    |Total                                           |1116|   0| 1252|        136|
    +------------------------------------------------+----+----+-----+-----------+



================================================================
== Interface
================================================================
* Summary: 
+------------------------------+-----+-----+------------+----------------------+--------------+
|           RTL Ports          | Dir | Bits|  Protocol  |     Source Object    |    C Type    |
+------------------------------+-----+-----+------------+----------------------+--------------+
|ap_clk                        |  in |    1| ap_ctrl_hs |      iscsi_login     | return value |
|ap_rst                        |  in |    1| ap_ctrl_hs |      iscsi_login     | return value |
|ap_start                      |  in |    1| ap_ctrl_hs |      iscsi_login     | return value |
|ap_done                       | out |    1| ap_ctrl_hs |      iscsi_login     | return value |
|ap_idle                       | out |    1| ap_ctrl_hs |      iscsi_login     | return value |
|ap_ready                      | out |    1| ap_ctrl_hs |      iscsi_login     | return value |
|pdu_header_buffer_V_address0  | out |    6|  ap_memory |  pdu_header_buffer_V |     array    |
|pdu_header_buffer_V_ce0       | out |    1|  ap_memory |  pdu_header_buffer_V |     array    |
|pdu_header_buffer_V_q0        |  in |    8|  ap_memory |  pdu_header_buffer_V |     array    |
|tcp_in_V_V_TDATA              |  in |   32|    axis    |      tcp_in_V_V      |    pointer   |
|tcp_in_V_V_TVALID             |  in |    1|    axis    |      tcp_in_V_V      |    pointer   |
|tcp_in_V_V_TREADY             | out |    1|    axis    |      tcp_in_V_V      |    pointer   |
|tcp_out_V_V_TDATA             | out |   32|    axis    |      tcp_out_V_V     |    pointer   |
|tcp_out_V_V_TVALID            | out |    1|    axis    |      tcp_out_V_V     |    pointer   |
|tcp_out_V_V_TREADY            |  in |    1|    axis    |      tcp_out_V_V     |    pointer   |
|instance_discovery            | out |    1|   ap_vld   |  instance_discovery  |    pointer   |
|instance_discovery_ap_vld     | out |    1|   ap_vld   |  instance_discovery  |    pointer   |
|instance_initialized          | out |    1|   ap_vld   | instance_initialized |    pointer   |
|instance_initialized_ap_vld   | out |    1|   ap_vld   | instance_initialized |    pointer   |
|instance_exp_cmd_sn_i         |  in |   32|   ap_ovld  |  instance_exp_cmd_sn |    pointer   |
|instance_exp_cmd_sn_o         | out |   32|   ap_ovld  |  instance_exp_cmd_sn |    pointer   |
|instance_exp_cmd_sn_o_ap_vld  | out |    1|   ap_ovld  |  instance_exp_cmd_sn |    pointer   |
|instance_max_cmd_sn_i         |  in |   32|   ap_ovld  |  instance_max_cmd_sn |    pointer   |
|instance_max_cmd_sn_o         | out |   32|   ap_ovld  |  instance_max_cmd_sn |    pointer   |
|instance_max_cmd_sn_o_ap_vld  | out |    1|   ap_ovld  |  instance_max_cmd_sn |    pointer   |
|instance_full_featur          | out |    1|   ap_vld   | instance_full_featur |    pointer   |
|instance_full_featur_ap_vld   | out |    1|   ap_vld   | instance_full_featur |    pointer   |
|instance_stat_sn              |  in |   32|   ap_none  |   instance_stat_sn   |    pointer   |
+------------------------------+-----+-----+------------+----------------------+--------------+

