

================================================================
== Vivado HLS Report for 'iscsi_interface'
================================================================
* Date:           Fri Jan 31 15:13:50 2020

* Version:        2019.1 (Build 2552052 on Fri May 24 15:28:33 MDT 2019)
* Project:        iscsi_hls
* Solution:       iscsi_processor
* Product family: zynq
* Target device:  xc7z020-clg484-1


================================================================
== Performance Estimates
================================================================
+ Timing (ns): 
    * Summary: 
    +--------+-------+----------+------------+
    |  Clock | Target| Estimated| Uncertainty|
    +--------+-------+----------+------------+
    |ap_clk  |  10.00|     0.000|        1.25|
    +--------+-------+----------+------------+

+ Latency (clock cycles): 
    * Summary: 
    +-----+-----+-----+-----+---------+
    |  Latency  |  Interval | Pipeline|
    | min | max | min | max |   Type  |
    +-----+-----+-----+-----+---------+
    |    ?|    ?|    ?|    ?|   none  |
    +-----+-----+-----+-----+---------+

    + Detail: 
        * Instance: 
        N/A

        * Loop: 
        +----------+-----+-----+----------+-----------+-----------+------+----------+
        |          |  Latency  | Iteration|  Initiation Interval  | Trip |          |
        | Loop Name| min | max |  Latency |  achieved |   target  | Count| Pipelined|
        +----------+-----+-----+----------+-----------+-----------+------+----------+
        |- Loop 1  |    ?|    ?|         2|          -|          -|  inf |    no    |
        +----------+-----+-----+----------+-----------+-----------+------+----------+



================================================================
== Utilization Estimates
================================================================
* Summary: 
+-----------------+---------+-------+--------+-------+-----+
|       Name      | BRAM_18K| DSP48E|   FF   |  LUT  | URAM|
+-----------------+---------+-------+--------+-------+-----+
|DSP              |        -|      -|       -|      -|    -|
|Expression       |        -|      -|       0|    168|    -|
|FIFO             |        -|      -|       -|      -|    -|
|Instance         |        -|      -|       -|      -|    -|
|Memory           |        -|      -|       -|      -|    -|
|Multiplexer      |        -|      -|       -|    375|    -|
|Register         |        -|      -|     235|      -|    -|
+-----------------+---------+-------+--------+-------+-----+
|Total            |        0|      0|     235|    543|    0|
+-----------------+---------+-------+--------+-------+-----+
|Available        |      280|    220|  106400|  53200|    0|
+-----------------+---------+-------+--------+-------+-----+
|Utilization (%)  |        0|      0|   ~0   |      1|    0|
+-----------------+---------+-------+--------+-------+-----+

+ Detail: 
    * Instance: 
    N/A

    * DSP48E: 
    N/A

    * Memory: 
    N/A

    * FIFO: 
    N/A

    * Expression: 
    +-----------------------------------+----------+-------+---+----+------------+------------+
    |           Variable Name           | Operation| DSP48E| FF| LUT| Bitwidth P0| Bitwidth P1|
    +-----------------------------------+----------+-------+---+----+------------+------------+
    |tcp_in_V_data_V_0_load_A           |    and   |      0|  0|   2|           1|           1|
    |tcp_in_V_data_V_0_load_B           |    and   |      0|  0|   2|           1|           1|
    |tcp_in_V_dest_V_0_load_A           |    and   |      0|  0|   2|           1|           1|
    |tcp_in_V_dest_V_0_load_B           |    and   |      0|  0|   2|           1|           1|
    |tcp_in_V_id_V_0_load_A             |    and   |      0|  0|   2|           1|           1|
    |tcp_in_V_id_V_0_load_B             |    and   |      0|  0|   2|           1|           1|
    |tcp_in_V_keep_V_0_load_A           |    and   |      0|  0|   2|           1|           1|
    |tcp_in_V_keep_V_0_load_B           |    and   |      0|  0|   2|           1|           1|
    |tcp_in_V_last_V_0_load_A           |    and   |      0|  0|   2|           1|           1|
    |tcp_in_V_last_V_0_load_B           |    and   |      0|  0|   2|           1|           1|
    |tcp_in_V_strb_V_0_load_A           |    and   |      0|  0|   2|           1|           1|
    |tcp_in_V_strb_V_0_load_B           |    and   |      0|  0|   2|           1|           1|
    |tcp_in_V_user_V_0_load_A           |    and   |      0|  0|   2|           1|           1|
    |tcp_in_V_user_V_0_load_B           |    and   |      0|  0|   2|           1|           1|
    |tcp_out_V_data_V_1_load_A          |    and   |      0|  0|   2|           1|           1|
    |tcp_out_V_data_V_1_load_B          |    and   |      0|  0|   2|           1|           1|
    |tcp_out_V_dest_V_1_load_A          |    and   |      0|  0|   2|           1|           1|
    |tcp_out_V_dest_V_1_load_B          |    and   |      0|  0|   2|           1|           1|
    |tcp_out_V_id_V_1_load_A            |    and   |      0|  0|   2|           1|           1|
    |tcp_out_V_id_V_1_load_B            |    and   |      0|  0|   2|           1|           1|
    |tcp_out_V_keep_V_1_load_A          |    and   |      0|  0|   2|           1|           1|
    |tcp_out_V_keep_V_1_load_B          |    and   |      0|  0|   2|           1|           1|
    |tcp_out_V_last_V_1_load_A          |    and   |      0|  0|   2|           1|           1|
    |tcp_out_V_last_V_1_load_B          |    and   |      0|  0|   2|           1|           1|
    |tcp_out_V_strb_V_1_load_A          |    and   |      0|  0|   2|           1|           1|
    |tcp_out_V_strb_V_1_load_B          |    and   |      0|  0|   2|           1|           1|
    |tcp_out_V_user_V_1_load_A          |    and   |      0|  0|   2|           1|           1|
    |tcp_out_V_user_V_1_load_B          |    and   |      0|  0|   2|           1|           1|
    |tcp_in_V_data_V_0_state_cmp_full   |   icmp   |      0|  0|   8|           2|           1|
    |tcp_in_V_dest_V_0_state_cmp_full   |   icmp   |      0|  0|   8|           2|           1|
    |tcp_in_V_id_V_0_state_cmp_full     |   icmp   |      0|  0|   8|           2|           1|
    |tcp_in_V_keep_V_0_state_cmp_full   |   icmp   |      0|  0|   8|           2|           1|
    |tcp_in_V_last_V_0_state_cmp_full   |   icmp   |      0|  0|   8|           2|           1|
    |tcp_in_V_strb_V_0_state_cmp_full   |   icmp   |      0|  0|   8|           2|           1|
    |tcp_in_V_user_V_0_state_cmp_full   |   icmp   |      0|  0|   8|           2|           1|
    |tcp_out_V_data_V_1_state_cmp_full  |   icmp   |      0|  0|   8|           2|           1|
    |tcp_out_V_dest_V_1_state_cmp_full  |   icmp   |      0|  0|   8|           2|           1|
    |tcp_out_V_id_V_1_state_cmp_full    |   icmp   |      0|  0|   8|           2|           1|
    |tcp_out_V_keep_V_1_state_cmp_full  |   icmp   |      0|  0|   8|           2|           1|
    |tcp_out_V_last_V_1_state_cmp_full  |   icmp   |      0|  0|   8|           2|           1|
    |tcp_out_V_strb_V_1_state_cmp_full  |   icmp   |      0|  0|   8|           2|           1|
    |tcp_out_V_user_V_1_state_cmp_full  |   icmp   |      0|  0|   8|           2|           1|
    +-----------------------------------+----------+-------+---+----+------------+------------+
    |Total                              |          |      0|  0| 168|          56|          42|
    +-----------------------------------+----------+-------+---+----+------------+------------+

    * Multiplexer: 
    +-----------------------------+----+-----------+-----+-----------+
    |             Name            | LUT| Input Size| Bits| Total Bits|
    +-----------------------------+----+-----------+-----+-----------+
    |ap_NS_fsm                    |  21|          4|    1|          4|
    |tcp_in_TDATA_blk_n           |   9|          2|    1|          2|
    |tcp_in_V_data_V_0_data_out   |   9|          2|   32|         64|
    |tcp_in_V_data_V_0_state      |  15|          3|    2|          6|
    |tcp_in_V_dest_V_0_data_out   |   9|          2|    1|          2|
    |tcp_in_V_dest_V_0_state      |  15|          3|    2|          6|
    |tcp_in_V_id_V_0_data_out     |   9|          2|    1|          2|
    |tcp_in_V_id_V_0_state        |  15|          3|    2|          6|
    |tcp_in_V_keep_V_0_data_out   |   9|          2|    4|          8|
    |tcp_in_V_keep_V_0_state      |  15|          3|    2|          6|
    |tcp_in_V_last_V_0_data_out   |   9|          2|    1|          2|
    |tcp_in_V_last_V_0_state      |  15|          3|    2|          6|
    |tcp_in_V_strb_V_0_data_out   |   9|          2|    4|          8|
    |tcp_in_V_strb_V_0_state      |  15|          3|    2|          6|
    |tcp_in_V_user_V_0_data_out   |   9|          2|    1|          2|
    |tcp_in_V_user_V_0_state      |  15|          3|    2|          6|
    |tcp_out_TDATA_blk_n          |   9|          2|    1|          2|
    |tcp_out_V_data_V_1_data_out  |   9|          2|   32|         64|
    |tcp_out_V_data_V_1_state     |  15|          3|    2|          6|
    |tcp_out_V_dest_V_1_data_out  |   9|          2|    1|          2|
    |tcp_out_V_dest_V_1_state     |  15|          3|    2|          6|
    |tcp_out_V_id_V_1_data_out    |   9|          2|    1|          2|
    |tcp_out_V_id_V_1_state       |  15|          3|    2|          6|
    |tcp_out_V_keep_V_1_data_out  |   9|          2|    4|          8|
    |tcp_out_V_keep_V_1_state     |  15|          3|    2|          6|
    |tcp_out_V_last_V_1_data_out  |   9|          2|    1|          2|
    |tcp_out_V_last_V_1_state     |  15|          3|    2|          6|
    |tcp_out_V_strb_V_1_data_out  |   9|          2|    4|          8|
    |tcp_out_V_strb_V_1_state     |  15|          3|    2|          6|
    |tcp_out_V_user_V_1_data_out  |   9|          2|    1|          2|
    |tcp_out_V_user_V_1_state     |  15|          3|    2|          6|
    +-----------------------------+----+-----------+-----+-----------+
    |Total                        | 375|         78|  119|        268|
    +-----------------------------+----+-----------+-----+-----------+

    * Register: 
    +------------------------------+----+----+-----+-----------+
    |             Name             | FF | LUT| Bits| Const Bits|
    +------------------------------+----+----+-----+-----------+
    |ap_CS_fsm                     |   3|   0|    3|          0|
    |tcp_in_V_data_V_0_payload_A   |  32|   0|   32|          0|
    |tcp_in_V_data_V_0_payload_B   |  32|   0|   32|          0|
    |tcp_in_V_data_V_0_sel_rd      |   1|   0|    1|          0|
    |tcp_in_V_data_V_0_sel_wr      |   1|   0|    1|          0|
    |tcp_in_V_data_V_0_state       |   2|   0|    2|          0|
    |tcp_in_V_dest_V_0_payload_A   |   1|   0|    1|          0|
    |tcp_in_V_dest_V_0_payload_B   |   1|   0|    1|          0|
    |tcp_in_V_dest_V_0_sel_rd      |   1|   0|    1|          0|
    |tcp_in_V_dest_V_0_sel_wr      |   1|   0|    1|          0|
    |tcp_in_V_dest_V_0_state       |   2|   0|    2|          0|
    |tcp_in_V_id_V_0_payload_A     |   1|   0|    1|          0|
    |tcp_in_V_id_V_0_payload_B     |   1|   0|    1|          0|
    |tcp_in_V_id_V_0_sel_rd        |   1|   0|    1|          0|
    |tcp_in_V_id_V_0_sel_wr        |   1|   0|    1|          0|
    |tcp_in_V_id_V_0_state         |   2|   0|    2|          0|
    |tcp_in_V_keep_V_0_payload_A   |   4|   0|    4|          0|
    |tcp_in_V_keep_V_0_payload_B   |   4|   0|    4|          0|
    |tcp_in_V_keep_V_0_sel_rd      |   1|   0|    1|          0|
    |tcp_in_V_keep_V_0_sel_wr      |   1|   0|    1|          0|
    |tcp_in_V_keep_V_0_state       |   2|   0|    2|          0|
    |tcp_in_V_last_V_0_payload_A   |   1|   0|    1|          0|
    |tcp_in_V_last_V_0_payload_B   |   1|   0|    1|          0|
    |tcp_in_V_last_V_0_sel_rd      |   1|   0|    1|          0|
    |tcp_in_V_last_V_0_sel_wr      |   1|   0|    1|          0|
    |tcp_in_V_last_V_0_state       |   2|   0|    2|          0|
    |tcp_in_V_strb_V_0_payload_A   |   4|   0|    4|          0|
    |tcp_in_V_strb_V_0_payload_B   |   4|   0|    4|          0|
    |tcp_in_V_strb_V_0_sel_rd      |   1|   0|    1|          0|
    |tcp_in_V_strb_V_0_sel_wr      |   1|   0|    1|          0|
    |tcp_in_V_strb_V_0_state       |   2|   0|    2|          0|
    |tcp_in_V_user_V_0_payload_A   |   1|   0|    1|          0|
    |tcp_in_V_user_V_0_payload_B   |   1|   0|    1|          0|
    |tcp_in_V_user_V_0_sel_rd      |   1|   0|    1|          0|
    |tcp_in_V_user_V_0_sel_wr      |   1|   0|    1|          0|
    |tcp_in_V_user_V_0_state       |   2|   0|    2|          0|
    |tcp_out_V_data_V_1_payload_A  |  32|   0|   32|          0|
    |tcp_out_V_data_V_1_payload_B  |  32|   0|   32|          0|
    |tcp_out_V_data_V_1_sel_rd     |   1|   0|    1|          0|
    |tcp_out_V_data_V_1_sel_wr     |   1|   0|    1|          0|
    |tcp_out_V_data_V_1_state      |   2|   0|    2|          0|
    |tcp_out_V_dest_V_1_payload_A  |   1|   0|    1|          0|
    |tcp_out_V_dest_V_1_payload_B  |   1|   0|    1|          0|
    |tcp_out_V_dest_V_1_sel_rd     |   1|   0|    1|          0|
    |tcp_out_V_dest_V_1_sel_wr     |   1|   0|    1|          0|
    |tcp_out_V_dest_V_1_state      |   2|   0|    2|          0|
    |tcp_out_V_id_V_1_payload_A    |   1|   0|    1|          0|
    |tcp_out_V_id_V_1_payload_B    |   1|   0|    1|          0|
    |tcp_out_V_id_V_1_sel_rd       |   1|   0|    1|          0|
    |tcp_out_V_id_V_1_sel_wr       |   1|   0|    1|          0|
    |tcp_out_V_id_V_1_state        |   2|   0|    2|          0|
    |tcp_out_V_keep_V_1_payload_A  |   4|   0|    4|          0|
    |tcp_out_V_keep_V_1_payload_B  |   4|   0|    4|          0|
    |tcp_out_V_keep_V_1_sel_rd     |   1|   0|    1|          0|
    |tcp_out_V_keep_V_1_sel_wr     |   1|   0|    1|          0|
    |tcp_out_V_keep_V_1_state      |   2|   0|    2|          0|
    |tcp_out_V_last_V_1_payload_A  |   1|   0|    1|          0|
    |tcp_out_V_last_V_1_payload_B  |   1|   0|    1|          0|
    |tcp_out_V_last_V_1_sel_rd     |   1|   0|    1|          0|
    |tcp_out_V_last_V_1_sel_wr     |   1|   0|    1|          0|
    |tcp_out_V_last_V_1_state      |   2|   0|    2|          0|
    |tcp_out_V_strb_V_1_payload_A  |   4|   0|    4|          0|
    |tcp_out_V_strb_V_1_payload_B  |   4|   0|    4|          0|
    |tcp_out_V_strb_V_1_sel_rd     |   1|   0|    1|          0|
    |tcp_out_V_strb_V_1_sel_wr     |   1|   0|    1|          0|
    |tcp_out_V_strb_V_1_state      |   2|   0|    2|          0|
    |tcp_out_V_user_V_1_payload_A  |   1|   0|    1|          0|
    |tcp_out_V_user_V_1_payload_B  |   1|   0|    1|          0|
    |tcp_out_V_user_V_1_sel_rd     |   1|   0|    1|          0|
    |tcp_out_V_user_V_1_sel_wr     |   1|   0|    1|          0|
    |tcp_out_V_user_V_1_state      |   2|   0|    2|          0|
    +------------------------------+----+----+-----+-----------+
    |Total                         | 235|   0|  235|          0|
    +------------------------------+----+----+-----+-----------+



================================================================
== Interface
================================================================
* Summary: 
+----------------+-----+-----+------------+------------------+--------------+
|    RTL Ports   | Dir | Bits|  Protocol  |   Source Object  |    C Type    |
+----------------+-----+-----+------------+------------------+--------------+
|ap_clk          |  in |    1| ap_ctrl_hs |  iscsi_interface | return value |
|ap_rst_n        |  in |    1| ap_ctrl_hs |  iscsi_interface | return value |
|ap_start        |  in |    1| ap_ctrl_hs |  iscsi_interface | return value |
|ap_done         | out |    1| ap_ctrl_hs |  iscsi_interface | return value |
|ap_idle         | out |    1| ap_ctrl_hs |  iscsi_interface | return value |
|ap_ready        | out |    1| ap_ctrl_hs |  iscsi_interface | return value |
|tcp_in_TDATA    |  in |   32|    axis    |  tcp_in_V_data_V |    pointer   |
|tcp_in_TVALID   |  in |    1|    axis    |  tcp_in_V_dest_V |    pointer   |
|tcp_in_TREADY   | out |    1|    axis    |  tcp_in_V_dest_V |    pointer   |
|tcp_in_TDEST    |  in |    1|    axis    |  tcp_in_V_dest_V |    pointer   |
|tcp_in_TKEEP    |  in |    4|    axis    |  tcp_in_V_keep_V |    pointer   |
|tcp_in_TSTRB    |  in |    4|    axis    |  tcp_in_V_strb_V |    pointer   |
|tcp_in_TUSER    |  in |    1|    axis    |  tcp_in_V_user_V |    pointer   |
|tcp_in_TLAST    |  in |    1|    axis    |  tcp_in_V_last_V |    pointer   |
|tcp_in_TID      |  in |    1|    axis    |   tcp_in_V_id_V  |    pointer   |
|tcp_out_TDATA   | out |   32|    axis    | tcp_out_V_data_V |    pointer   |
|tcp_out_TREADY  |  in |    1|    axis    | tcp_out_V_data_V |    pointer   |
|tcp_out_TVALID  | out |    1|    axis    | tcp_out_V_dest_V |    pointer   |
|tcp_out_TDEST   | out |    1|    axis    | tcp_out_V_dest_V |    pointer   |
|tcp_out_TKEEP   | out |    4|    axis    | tcp_out_V_keep_V |    pointer   |
|tcp_out_TSTRB   | out |    4|    axis    | tcp_out_V_strb_V |    pointer   |
|tcp_out_TUSER   | out |    1|    axis    | tcp_out_V_user_V |    pointer   |
|tcp_out_TLAST   | out |    1|    axis    | tcp_out_V_last_V |    pointer   |
|tcp_out_TID     | out |    1|    axis    |  tcp_out_V_id_V  |    pointer   |
+----------------+-----+-----+------------+------------------+--------------+

