

================================================================
== Vivado HLS Report for 'iscsi_text'
================================================================
* Date:           Thu Apr 30 11:08:08 2020

* Version:        2019.1 (Build 2552052 on Fri May 24 15:28:33 MDT 2019)
* Project:        iscsi_hls
* Solution:       iscsi_processor
* Product family: zynq
* Target device:  xc7z020-clg484-1


================================================================
== Performance Estimates
================================================================
+ Timing (ns): 
    * Summary: 
    +--------+-------+----------+------------+
    |  Clock | Target| Estimated| Uncertainty|
    +--------+-------+----------+------------+
    |ap_clk  |  10.00|     7.976|        1.25|
    +--------+-------+----------+------------+

+ Latency (clock cycles): 
    * Summary: 
    +-----+-----+-----+-----+---------+
    |  Latency  |  Interval | Pipeline|
    | min | max | min | max |   Type  |
    +-----+-----+-----+-----+---------+
    |    ?|    ?|    ?|    ?|   none  |
    +-----+-----+-----+-----+---------+

    + Detail: 
        * Instance: 
        +-----------------------------+------------------+-----+-----+-----+-----+---------+
        |                             |                  |  Latency  |  Interval | Pipeline|
        |           Instance          |      Module      | min | max | min | max |   Type  |
        +-----------------------------+------------------+-----+-----+-----+-----+---------+
        |grp_read_from_tcp_1_fu_585   |read_from_tcp_1   |    ?|    ?|    ?|    ?|   none  |
        |grp_write_byte_array_fu_628  |write_byte_array  |   29|   29|   29|   29|   none  |
        |grp_write_to_tcp_fu_636      |write_to_tcp      |   38|   38|   38|   38|   none  |
        +-----------------------------+------------------+-----+-----+-----+-----+---------+

        * Loop: 
        +----------+-----+-----+----------+-----------+-----------+------+----------+
        |          |  Latency  | Iteration|  Initiation Interval  | Trip |          |
        | Loop Name| min | max |  Latency |  achieved |   target  | Count| Pipelined|
        +----------+-----+-----+----------+-----------+-----------+------+----------+
        |- Loop 1  |   48|   48|         1|          -|          -|    48|    no    |
        |- Loop 2  |    ?|    ?|         2|          -|          -|     ?|    no    |
        +----------+-----+-----+----------+-----------+-----------+------+----------+



================================================================
== Utilization Estimates
================================================================
* Summary: 
+-----------------+---------+-------+--------+-------+-----+
|       Name      | BRAM_18K| DSP48E|   FF   |  LUT  | URAM|
+-----------------+---------+-------+--------+-------+-----+
|DSP              |        -|      -|       -|      -|    -|
|Expression       |        -|      -|       0|    268|    -|
|FIFO             |        -|      -|       -|      -|    -|
|Instance         |        0|      -|    1454|   4131|    0|
|Memory           |        5|      -|       7|      2|    0|
|Multiplexer      |        -|      -|       -|    699|    -|
|Register         |        -|      -|     674|      -|    -|
+-----------------+---------+-------+--------+-------+-----+
|Total            |        5|      0|    2135|   5100|    0|
+-----------------+---------+-------+--------+-------+-----+
|Available        |      280|    220|  106400|  53200|    0|
+-----------------+---------+-------+--------+-------+-----+
|Utilization (%)  |        1|      0|       2|      9|    0|
+-----------------+---------+-------+--------+-------+-----+

+ Detail: 
    * Instance: 
    +-----------------------------+------------------+---------+-------+------+------+-----+
    |           Instance          |      Module      | BRAM_18K| DSP48E|  FF  |  LUT | URAM|
    +-----------------------------+------------------+---------+-------+------+------+-----+
    |grp_read_from_tcp_1_fu_585   |read_from_tcp_1   |        0|      0|  1373|  3851|    0|
    |grp_write_byte_array_fu_628  |write_byte_array  |        0|      0|    46|   144|    0|
    |grp_write_to_tcp_fu_636      |write_to_tcp      |        0|      0|    35|   136|    0|
    +-----------------------------+------------------+---------+-------+------+------+-----+
    |Total                        |                  |        0|      0|  1454|  4131|    0|
    +-----------------------------+------------------+---------+-------+------+------+-----+

    * DSP48E: 
    N/A

    * Memory: 
    +---------------------+-------------------------------+---------+---+----+-----+------+-----+------+-------------+
    |        Memory       |             Module            | BRAM_18K| FF| LUT| URAM| Words| Bits| Banks| W*Bits*Banks|
    +---------------------+-------------------------------+---------+---+----+-----+------+-----+------+-------------+
    |response_buffer_V_U  |iscsi_login_response_buffer_V  |        1|  0|   0|    0|    48|    8|     1|          384|
    |p_str14_U            |iscsi_text_p_str14             |        0|  7|   2|    0|    12|    7|     1|           84|
    |parameter_data_U     |iscsi_text_parameter_data      |        4|  0|   0|    0|  8192|    8|     1|        65536|
    +---------------------+-------------------------------+---------+---+----+-----+------+-----+------+-------------+
    |Total                |                               |        5|  7|   2|    0|  8252|   23|     3|        66004|
    +---------------------+-------------------------------+---------+---+----+-----+------+-----+------+-------------+

    * FIFO: 
    N/A

    * Expression: 
    +----------------------------------------------------------+----------+-------+---+----+------------+------------+
    |                       Variable Name                      | Operation| DSP48E| FF| LUT| Bitwidth P0| Bitwidth P1|
    +----------------------------------------------------------+----------+-------+---+----+------------+------------+
    |add_ln113_fu_810_p2                                       |     +    |      0|  0|  39|          32|           1|
    |i_8_fu_784_p2                                             |     +    |      0|  0|  38|          31|           1|
    |i_fu_752_p2                                               |     +    |      0|  0|  15|           6|           1|
    |p_Val2_3_fu_734_p2                                        |     +    |      0|  0|  39|          32|           1|
    |p_Val2_4_fu_712_p2                                        |     +    |      0|  0|  39|          32|           1|
    |ap_block_state25_on_subcall_done                          |    and   |      0|  0|   2|           1|           1|
    |ap_predicate_op192_call_state25                           |    and   |      0|  0|   2|           1|           1|
    |grp_write_byte_array_fu_628_stream_ap_uint_32_V_V_TREADY  |    and   |      0|  0|   2|           1|           1|
    |grp_write_to_tcp_fu_636_out_stream_V_V_TREADY             |    and   |      0|  0|   2|           1|           1|
    |icmp_ln112_fu_778_p2                                      |   icmp   |      0|  0|  18|          32|          32|
    |icmp_ln113_fu_804_p2                                      |   icmp   |      0|  0|  11|           8|           8|
    |icmp_ln114_fu_824_p2                                      |   icmp   |      0|  0|  18|          32|           4|
    |icmp_ln35_fu_746_p2                                       |   icmp   |      0|  0|  11|           6|           6|
    |idx_fu_816_p3                                             |  select  |      0|  0|  32|           1|          32|
    +----------------------------------------------------------+----------+-------+---+----+------------+------------+
    |Total                                                     |          |      0|  0| 268|         216|          91|
    +----------------------------------------------------------+----------+-------+---+----+------------+------------+

    * Multiplexer: 
    +-------------------------------+-----+-----------+-----+-----------+
    |              Name             | LUT | Input Size| Bits| Total Bits|
    +-------------------------------+-----+-----------+-----+-----------+
    |ap_NS_fsm                      |  121|         26|    1|         26|
    |header_buffer_V_address0       |   27|          5|    6|         30|
    |header_buffer_V_address1       |   27|          5|    6|         30|
    |i_0_i_i6_reg_562               |    9|          2|   31|         62|
    |i_0_i_i_reg_551                |    9|          2|    6|         12|
    |idx_0_i_i_reg_573              |    9|          2|   32|         64|
    |instance_exp_cmd_sn_o          |   15|          3|   32|         96|
    |instance_max_cmd_sn            |   15|          3|   32|         96|
    |instance_stat_sn_o             |   15|          3|   32|         96|
    |parameter_data_address0        |   15|          3|   13|         39|
    |parameter_data_ce0             |   15|          3|    1|          3|
    |parameter_data_ce1             |    9|          2|    1|          2|
    |parameter_data_pdu_i_1_fu_194  |    9|          2|   32|         64|
    |parameter_data_seque_1_fu_198  |    9|          2|   32|         64|
    |parameter_data_we0             |    9|          2|    1|          2|
    |parameter_data_we1             |    9|          2|    1|          2|
    |parameter_default_ti_2_fu_202  |    9|          2|   32|         64|
    |parameter_default_ti_3_fu_206  |    9|          2|   32|         64|
    |parameter_first_burs_1_fu_190  |    9|          2|   32|         64|
    |parameter_immediate_1_fu_182   |    9|          2|   32|         64|
    |parameter_initial_r2_1_fu_178  |    9|          2|   32|         64|
    |parameter_max_burst_1_fu_186   |    9|          2|   32|         64|
    |parameter_max_connec_1_fu_174  |    9|          2|   32|         64|
    |parameter_max_outsta_1_fu_210  |    9|          2|   32|         64|
    |parameter_max_receiv_1_fu_170  |    9|          2|   32|         64|
    |response_buffer_V_address0     |   65|         16|    6|         96|
    |response_buffer_V_address1     |   65|         16|    6|         96|
    |response_buffer_V_ce0          |   15|          3|    1|          3|
    |response_buffer_V_ce1          |   15|          3|    1|          3|
    |response_buffer_V_d0           |   47|         10|    8|         80|
    |response_buffer_V_d1           |   50|         11|    8|         88|
    |tcp_in_V_V_TREADY              |    9|          2|    1|          2|
    |tcp_out_V_V_TDATA              |   15|          3|   32|         96|
    |tcp_out_V_V_TVALID             |   15|          3|    1|          3|
    +-------------------------------+-----+-----------+-----+-----------+
    |Total                          |  699|        152|  611|       1731|
    +-------------------------------+-----+-----------+-----+-----------+

    * Register: 
    +------------------------------------------+----+----+-----+-----------+
    |                   Name                   | FF | LUT| Bits| Const Bits|
    +------------------------------------------+----+----+-----+-----------+
    |ap_CS_fsm                                 |  25|   0|   25|          0|
    |grp_read_from_tcp_1_fu_585_ap_start_reg   |   1|   0|    1|          0|
    |grp_write_byte_array_fu_628_ap_start_reg  |   1|   0|    1|          0|
    |grp_write_to_tcp_fu_636_ap_start_reg      |   1|   0|    1|          0|
    |header_buffer_V_load_reg_1009             |   8|   0|    8|          0|
    |i_0_i_i6_reg_562                          |  31|   0|   31|          0|
    |i_0_i_i_reg_551                           |   6|   0|    6|          0|
    |i_8_reg_1071                              |  31|   0|   31|          0|
    |icmp_ln112_reg_1067                       |   1|   0|    1|          0|
    |idx_0_i_i_reg_573                         |  32|   0|   32|          0|
    |p_Result_6_i6_i_reg_1135                  |   8|   0|    8|          0|
    |p_Result_6_i_i1_reg_1115                  |   8|   0|    8|          0|
    |p_Result_7_i8_i_reg_1140                  |   8|   0|    8|          0|
    |p_Result_7_i_i1_reg_1120                  |   8|   0|    8|          0|
    |p_Result_i4_i_reg_1130                    |   8|   0|    8|          0|
    |p_Val2_1_reg_1105                         |   8|   0|    8|          0|
    |p_Val2_2_reg_1110                         |   8|   0|    8|          0|
    |p_Val2_3_reg_1042                         |  32|   0|   32|          0|
    |p_Val2_4_reg_1034                         |  32|   0|   32|          0|
    |parameter_data_lengt_reg_1029             |  24|   0|   24|          0|
    |parameter_data_pdu_i_1_fu_194             |  32|   0|   32|          0|
    |parameter_data_seque_1_fu_198             |  32|   0|   32|          0|
    |parameter_default_ti_2_fu_202             |  32|   0|   32|          0|
    |parameter_default_ti_3_fu_206             |  32|   0|   32|          0|
    |parameter_first_burs_1_fu_190             |  32|   0|   32|          0|
    |parameter_immediate_1_fu_182              |  32|   0|   32|          0|
    |parameter_initial_r2_1_fu_178             |  32|   0|   32|          0|
    |parameter_max_burst_1_fu_186              |  32|   0|   32|          0|
    |parameter_max_connec_1_fu_174             |  32|   0|   32|          0|
    |parameter_max_outsta_1_fu_210             |  32|   0|   32|          0|
    |parameter_max_receiv_1_fu_170             |  32|   0|   32|          0|
    |tmp_1_reg_1024                            |  24|   0|   24|          0|
    |tmp_reg_1063                              |   1|   0|    1|          0|
    |trunc_ln647_1_reg_1145                    |   8|   0|    8|          0|
    |trunc_ln647_reg_1125                      |   8|   0|    8|          0|
    +------------------------------------------+----+----+-----+-----------+
    |Total                                     | 674|   0|  674|          0|
    +------------------------------------------+----+----+-----+-----------+



================================================================
== Interface
================================================================
* Summary: 
+------------------------------+-----+-----+------------+----------------------+--------------+
|           RTL Ports          | Dir | Bits|  Protocol  |     Source Object    |    C Type    |
+------------------------------+-----+-----+------------+----------------------+--------------+
|ap_clk                        |  in |    1| ap_ctrl_hs |      iscsi_text      | return value |
|ap_rst                        |  in |    1| ap_ctrl_hs |      iscsi_text      | return value |
|ap_start                      |  in |    1| ap_ctrl_hs |      iscsi_text      | return value |
|ap_done                       | out |    1| ap_ctrl_hs |      iscsi_text      | return value |
|ap_idle                       | out |    1| ap_ctrl_hs |      iscsi_text      | return value |
|ap_ready                      | out |    1| ap_ctrl_hs |      iscsi_text      | return value |
|header_buffer_V_address0      | out |    6|  ap_memory |    header_buffer_V   |     array    |
|header_buffer_V_ce0           | out |    1|  ap_memory |    header_buffer_V   |     array    |
|header_buffer_V_q0            |  in |    8|  ap_memory |    header_buffer_V   |     array    |
|header_buffer_V_address1      | out |    6|  ap_memory |    header_buffer_V   |     array    |
|header_buffer_V_ce1           | out |    1|  ap_memory |    header_buffer_V   |     array    |
|header_buffer_V_q1            |  in |    8|  ap_memory |    header_buffer_V   |     array    |
|tcp_in_V_V_TDATA              |  in |   32|    axis    |      tcp_in_V_V      |    pointer   |
|tcp_in_V_V_TVALID             |  in |    1|    axis    |      tcp_in_V_V      |    pointer   |
|tcp_in_V_V_TREADY             | out |    1|    axis    |      tcp_in_V_V      |    pointer   |
|tcp_out_V_V_TDATA             | out |   32|    axis    |      tcp_out_V_V     |    pointer   |
|tcp_out_V_V_TVALID            | out |    1|    axis    |      tcp_out_V_V     |    pointer   |
|tcp_out_V_V_TREADY            |  in |    1|    axis    |      tcp_out_V_V     |    pointer   |
|instance_exp_cmd_sn_i         |  in |   32|   ap_ovld  |  instance_exp_cmd_sn |    pointer   |
|instance_exp_cmd_sn_o         | out |   32|   ap_ovld  |  instance_exp_cmd_sn |    pointer   |
|instance_exp_cmd_sn_o_ap_vld  | out |    1|   ap_ovld  |  instance_exp_cmd_sn |    pointer   |
|instance_max_cmd_sn           | out |   32|   ap_vld   |  instance_max_cmd_sn |    pointer   |
|instance_max_cmd_sn_ap_vld    | out |    1|   ap_vld   |  instance_max_cmd_sn |    pointer   |
|instance_stat_sn_i            |  in |   32|   ap_ovld  |   instance_stat_sn   |    pointer   |
|instance_stat_sn_o            | out |   32|   ap_ovld  |   instance_stat_sn   |    pointer   |
|instance_stat_sn_o_ap_vld     | out |    1|   ap_ovld  |   instance_stat_sn   |    pointer   |
|instance_initialized          | out |    1|   ap_vld   | instance_initialized |    pointer   |
|instance_initialized_ap_vld   | out |    1|   ap_vld   | instance_initialized |    pointer   |
+------------------------------+-----+-----+------------+----------------------+--------------+

