

================================================================
== Vivado HLS Report for 'update_values'
================================================================
* Date:           Thu Apr 30 11:08:02 2020

* Version:        2019.1 (Build 2552052 on Fri May 24 15:28:33 MDT 2019)
* Project:        iscsi_hls
* Solution:       iscsi_processor
* Product family: zynq
* Target device:  xc7z020-clg484-1


================================================================
== Performance Estimates
================================================================
+ Timing (ns): 
    * Summary: 
    +--------+-------+----------+------------+
    |  Clock | Target| Estimated| Uncertainty|
    +--------+-------+----------+------------+
    |ap_clk  |  10.00|     7.552|        1.25|
    +--------+-------+----------+------------+

+ Latency (clock cycles): 
    * Summary: 
    +-----+-----+-----+-----+---------+
    |  Latency  |  Interval | Pipeline|
    | min | max | min | max |   Type  |
    +-----+-----+-----+-----+---------+
    |    ?|    ?|    ?|    ?|   none  |
    +-----+-----+-----+-----+---------+

    + Detail: 
        * Instance: 
        +--------------------------------+---------------------+-----+-----+-----+-----+---------+
        |                                |                     |  Latency  |  Interval | Pipeline|
        |            Instance            |        Module       | min | max | min | max |   Type  |
        +--------------------------------+---------------------+-----+-----+-----+-----+---------+
        |grp_update_value_int_2_fu_180   |update_value_int_2   |    ?|    ?|    ?|    ?|   none  |
        |grp_update_value_int_3_fu_199   |update_value_int_3   |    ?|    ?|    ?|    ?|   none  |
        |grp_update_value_int_4_fu_215   |update_value_int_4   |    ?|    ?|    ?|    ?|   none  |
        |grp_update_value_int_1_fu_227   |update_value_int_1   |    ?|    ?|    ?|    ?|   none  |
        |grp_update_value_int_fu_239     |update_value_int     |    ?|    ?|    ?|    ?|   none  |
        |grp_update_value_bool_fu_251    |update_value_bool    |    6|   73|    6|   73|   none  |
        |grp_update_value_bool_3_fu_265  |update_value_bool_3  |    6|   46|    6|   46|   none  |
        |grp_update_value_bool_2_fu_279  |update_value_bool_2  |    6|   55|    6|   55|   none  |
        |grp_update_value_bool_1_fu_293  |update_value_bool_1  |    6|   58|    6|   58|   none  |
        +--------------------------------+---------------------+-----+-----+-----+-----+---------+

        * Loop: 
        +-------------+-----+-----+----------+-----------+-----------+------+----------+
        |             |  Latency  | Iteration|  Initiation Interval  | Trip |          |
        |  Loop Name  | min | max |  Latency |  achieved |   target  | Count| Pipelined|
        +-------------+-----+-----+----------+-----------+-----------+------+----------+
        |- Loop 1     |    ?|    ?|         ?|          -|          -|     ?|    no    |
        | + Loop 1.1  |    ?|    ?|         2|          -|          -|     ?|    no    |
        +-------------+-----+-----+----------+-----------+-----------+------+----------+



================================================================
== Utilization Estimates
================================================================
* Summary: 
+-----------------+---------+-------+--------+-------+-----+
|       Name      | BRAM_18K| DSP48E|   FF   |  LUT  | URAM|
+-----------------+---------+-------+--------+-------+-----+
|DSP              |        -|      -|       -|      -|    -|
|Expression       |        -|      -|       0|     86|    -|
|FIFO             |        -|      -|       -|      -|    -|
|Instance         |        0|      -|    1106|   2828|    -|
|Memory           |        0|      -|      64|     10|    0|
|Multiplexer      |        -|      -|       -|    449|    -|
|Register         |        -|      -|     123|      -|    -|
+-----------------+---------+-------+--------+-------+-----+
|Total            |        0|      0|    1293|   3373|    0|
+-----------------+---------+-------+--------+-------+-----+
|Available        |      280|    220|  106400|  53200|    0|
+-----------------+---------+-------+--------+-------+-----+
|Utilization (%)  |        0|      0|       1|      6|    0|
+-----------------+---------+-------+--------+-------+-----+

+ Detail: 
    * Instance: 
    +--------------------------------+---------------------+---------+-------+-----+-----+-----+
    |            Instance            |        Module       | BRAM_18K| DSP48E|  FF | LUT | URAM|
    +--------------------------------+---------------------+---------+-------+-----+-----+-----+
    |grp_update_value_bool_fu_251    |update_value_bool    |        0|      0|   52|  242|    0|
    |grp_update_value_bool_1_fu_293  |update_value_bool_1  |        0|      0|   50|  237|    0|
    |grp_update_value_bool_2_fu_279  |update_value_bool_2  |        0|      0|   50|  237|    0|
    |grp_update_value_bool_3_fu_265  |update_value_bool_3  |        0|      0|   50|  237|    0|
    |grp_update_value_int_fu_239     |update_value_int     |        0|      0|  136|  349|    0|
    |grp_update_value_int_1_fu_227   |update_value_int_1   |        0|      0|  136|  350|    0|
    |grp_update_value_int_2_fu_180   |update_value_int_2   |        0|      0|  248|  441|    0|
    |grp_update_value_int_3_fu_199   |update_value_int_3   |        0|      0|  248|  385|    0|
    |grp_update_value_int_4_fu_215   |update_value_int_4   |        0|      0|  136|  350|    0|
    +--------------------------------+---------------------+---------+-------+-----+-----+-----+
    |Total                           |                     |        0|      0| 1106| 2828|    0|
    +--------------------------------+---------------------+---------+-------+-----+-----+-----+

    * DSP48E: 
    N/A

    * Memory: 
    +-----------+-----------------------+---------+----+----+-----+------+-----+------+-------------+
    |   Memory  |         Module        | BRAM_18K| FF | LUT| URAM| Words| Bits| Banks| W*Bits*Banks|
    +-----------+-----------------------+---------+----+----+-----+------+-----+------+-------------+
    |p_str10_U  |update_values_p_str10  |        0|  16|   3|    0|    17|    8|     1|          136|
    |p_str36_U  |update_values_p_str36  |        0|  16|   2|    0|    15|    8|     1|          120|
    |p_str6_U   |update_values_p_str6   |        0|  16|   2|    0|    15|    8|     1|          120|
    |p_str7_U   |update_values_p_str7   |        0|  16|   3|    0|    17|    8|     1|          136|
    +-----------+-----------------------+---------+----+----+-----+------+-----+------+-------------+
    |Total      |                       |        0|  64|  10|    0|    64|   32|     4|          512|
    +-----------+-----------------------+---------+----+----+-----+------+-----+------+-------------+

    * FIFO: 
    N/A

    * Expression: 
    +------------------------+----------+-------+---+----+------------+------------+
    |      Variable Name     | Operation| DSP48E| FF| LUT| Bitwidth P0| Bitwidth P1|
    +------------------------+----------+-------+---+----+------------+------------+
    |grp_fu_307_p2           |     +    |      0|  0|  39|          32|           1|
    |icmp_ln149_fu_323_p2    |   icmp   |      0|  0|  18|          32|          32|
    |icmp_ln162_1_fu_338_p2  |   icmp   |      0|  0|  11|           8|           1|
    |icmp_ln162_fu_328_p2    |   icmp   |      0|  0|  18|          32|          32|
    +------------------------+----------+-------+---+----+------------+------------+
    |Total                   |          |      0|  0|  86|         104|          66|
    +------------------------+----------+-------+---+----+------------+------------+

    * Multiplexer: 
    +--------------------------------------------------------------+-----+-----------+-----+-----------+
    |                             Name                             | LUT | Input Size| Bits| Total Bits|
    +--------------------------------------------------------------+-----+-----------+-----+-----------+
    |ap_NS_fsm                                                     |  121|         26|    1|         26|
    |grp_update_value_int_2_fu_180_keep_max                        |   15|          3|    1|          3|
    |grp_update_value_int_2_fu_180_key_q0                          |   15|          3|    8|         24|
    |grp_update_value_int_2_fu_180_val_read                        |   15|          3|   32|         96|
    |grp_update_value_int_3_fu_199_key_q0                          |   15|          3|    8|         24|
    |grp_update_value_int_3_fu_199_val_read                        |   15|          3|   32|         96|
    |i_0_reg_157                                                   |    9|          2|   32|         64|
    |i_1_reg_169                                                   |    9|          2|   32|         64|
    |iscsi_connection_parameter_data_address0                      |   50|         11|   13|        143|
    |iscsi_connection_parameter_data_ce0                           |   50|         11|    1|         11|
    |iscsi_connection_parameter_data_pdu_in_order_o                |    9|          2|   32|         64|
    |iscsi_connection_parameter_data_sequence_in_order_o           |    9|          2|   32|         64|
    |iscsi_connection_parameter_default_time_2_retain_o            |    9|          2|   32|         64|
    |iscsi_connection_parameter_default_time_2_wait_o              |    9|          2|   32|         64|
    |iscsi_connection_parameter_first_burst_length_o               |    9|          2|   32|         64|
    |iscsi_connection_parameter_immediate_data_o                   |    9|          2|   32|         64|
    |iscsi_connection_parameter_initial_r2t_o                      |    9|          2|   32|         64|
    |iscsi_connection_parameter_max_burst_length_o                 |    9|          2|   32|         64|
    |iscsi_connection_parameter_max_connections_o                  |    9|          2|   32|         64|
    |iscsi_connection_parameter_max_outstanding_r2t_o              |    9|          2|   32|         64|
    |iscsi_connection_parameter_max_receive_data_segment_length_o  |    9|          2|   32|         64|
    |p_str10_ce0                                                   |    9|          2|    1|          2|
    |p_str36_ce0                                                   |    9|          2|    1|          2|
    |p_str6_ce0                                                    |    9|          2|    1|          2|
    |p_str7_ce0                                                    |    9|          2|    1|          2|
    +--------------------------------------------------------------+-----+-----------+-----+-----------+
    |Total                                                         |  449|         97|  516|       1263|
    +--------------------------------------------------------------+-----+-----------+-----+-----------+

    * Register: 
    +---------------------------------------------+----+----+-----+-----------+
    |                     Name                    | FF | LUT| Bits| Const Bits|
    +---------------------------------------------+----+----+-----+-----------+
    |ap_CS_fsm                                    |  25|   0|   25|          0|
    |grp_update_value_bool_1_fu_293_ap_start_reg  |   1|   0|    1|          0|
    |grp_update_value_bool_2_fu_279_ap_start_reg  |   1|   0|    1|          0|
    |grp_update_value_bool_3_fu_265_ap_start_reg  |   1|   0|    1|          0|
    |grp_update_value_bool_fu_251_ap_start_reg    |   1|   0|    1|          0|
    |grp_update_value_int_1_fu_227_ap_start_reg   |   1|   0|    1|          0|
    |grp_update_value_int_2_fu_180_ap_start_reg   |   1|   0|    1|          0|
    |grp_update_value_int_3_fu_199_ap_start_reg   |   1|   0|    1|          0|
    |grp_update_value_int_4_fu_215_ap_start_reg   |   1|   0|    1|          0|
    |grp_update_value_int_fu_239_ap_start_reg     |   1|   0|    1|          0|
    |i_0_reg_157                                  |  32|   0|   32|          0|
    |i_1_reg_169                                  |  32|   0|   32|          0|
    |icmp_ln162_reg_373                           |   1|   0|    1|          0|
    |zext_ln148_reg_344                           |  24|   0|   32|          8|
    +---------------------------------------------+----+----+-----+-----------+
    |Total                                        | 123|   0|  131|          8|
    +---------------------------------------------+----+----+-----+-----------+



================================================================
== Interface
================================================================
* Summary: 
+---------------------------------------------------------------------+-----+-----+------------+------------------------------------------------------------+--------------+
|                              RTL Ports                              | Dir | Bits|  Protocol  |                        Source Object                       |    C Type    |
+---------------------------------------------------------------------+-----+-----+------------+------------------------------------------------------------+--------------+
|ap_clk                                                               |  in |    1| ap_ctrl_hs |                        update_values                       | return value |
|ap_rst                                                               |  in |    1| ap_ctrl_hs |                        update_values                       | return value |
|ap_start                                                             |  in |    1| ap_ctrl_hs |                        update_values                       | return value |
|ap_done                                                              | out |    1| ap_ctrl_hs |                        update_values                       | return value |
|ap_idle                                                              | out |    1| ap_ctrl_hs |                        update_values                       | return value |
|ap_ready                                                             | out |    1| ap_ctrl_hs |                        update_values                       | return value |
|iscsi_connection_parameter_max_receive_data_segment_length_i         |  in |   32|   ap_ovld  | iscsi_connection_parameter_max_receive_data_segment_length |    pointer   |
|iscsi_connection_parameter_max_receive_data_segment_length_o         | out |   32|   ap_ovld  | iscsi_connection_parameter_max_receive_data_segment_length |    pointer   |
|iscsi_connection_parameter_max_receive_data_segment_length_o_ap_vld  | out |    1|   ap_ovld  | iscsi_connection_parameter_max_receive_data_segment_length |    pointer   |
|iscsi_connection_parameter_max_connections_i                         |  in |   32|   ap_ovld  |         iscsi_connection_parameter_max_connections         |    pointer   |
|iscsi_connection_parameter_max_connections_o                         | out |   32|   ap_ovld  |         iscsi_connection_parameter_max_connections         |    pointer   |
|iscsi_connection_parameter_max_connections_o_ap_vld                  | out |    1|   ap_ovld  |         iscsi_connection_parameter_max_connections         |    pointer   |
|iscsi_connection_parameter_initial_r2t_i                             |  in |   32|   ap_ovld  |           iscsi_connection_parameter_initial_r2t           |    pointer   |
|iscsi_connection_parameter_initial_r2t_o                             | out |   32|   ap_ovld  |           iscsi_connection_parameter_initial_r2t           |    pointer   |
|iscsi_connection_parameter_initial_r2t_o_ap_vld                      | out |    1|   ap_ovld  |           iscsi_connection_parameter_initial_r2t           |    pointer   |
|iscsi_connection_parameter_immediate_data_i                          |  in |   32|   ap_ovld  |          iscsi_connection_parameter_immediate_data         |    pointer   |
|iscsi_connection_parameter_immediate_data_o                          | out |   32|   ap_ovld  |          iscsi_connection_parameter_immediate_data         |    pointer   |
|iscsi_connection_parameter_immediate_data_o_ap_vld                   | out |    1|   ap_ovld  |          iscsi_connection_parameter_immediate_data         |    pointer   |
|iscsi_connection_parameter_max_burst_length_i                        |  in |   32|   ap_ovld  |         iscsi_connection_parameter_max_burst_length        |    pointer   |
|iscsi_connection_parameter_max_burst_length_o                        | out |   32|   ap_ovld  |         iscsi_connection_parameter_max_burst_length        |    pointer   |
|iscsi_connection_parameter_max_burst_length_o_ap_vld                 | out |    1|   ap_ovld  |         iscsi_connection_parameter_max_burst_length        |    pointer   |
|iscsi_connection_parameter_first_burst_length_i                      |  in |   32|   ap_ovld  |        iscsi_connection_parameter_first_burst_length       |    pointer   |
|iscsi_connection_parameter_first_burst_length_o                      | out |   32|   ap_ovld  |        iscsi_connection_parameter_first_burst_length       |    pointer   |
|iscsi_connection_parameter_first_burst_length_o_ap_vld               | out |    1|   ap_ovld  |        iscsi_connection_parameter_first_burst_length       |    pointer   |
|iscsi_connection_parameter_data_pdu_in_order_i                       |  in |   32|   ap_ovld  |        iscsi_connection_parameter_data_pdu_in_order        |    pointer   |
|iscsi_connection_parameter_data_pdu_in_order_o                       | out |   32|   ap_ovld  |        iscsi_connection_parameter_data_pdu_in_order        |    pointer   |
|iscsi_connection_parameter_data_pdu_in_order_o_ap_vld                | out |    1|   ap_ovld  |        iscsi_connection_parameter_data_pdu_in_order        |    pointer   |
|iscsi_connection_parameter_data_sequence_in_order_i                  |  in |   32|   ap_ovld  |      iscsi_connection_parameter_data_sequence_in_order     |    pointer   |
|iscsi_connection_parameter_data_sequence_in_order_o                  | out |   32|   ap_ovld  |      iscsi_connection_parameter_data_sequence_in_order     |    pointer   |
|iscsi_connection_parameter_data_sequence_in_order_o_ap_vld           | out |    1|   ap_ovld  |      iscsi_connection_parameter_data_sequence_in_order     |    pointer   |
|iscsi_connection_parameter_default_time_2_wait_i                     |  in |   32|   ap_ovld  |       iscsi_connection_parameter_default_time_2_wait       |    pointer   |
|iscsi_connection_parameter_default_time_2_wait_o                     | out |   32|   ap_ovld  |       iscsi_connection_parameter_default_time_2_wait       |    pointer   |
|iscsi_connection_parameter_default_time_2_wait_o_ap_vld              | out |    1|   ap_ovld  |       iscsi_connection_parameter_default_time_2_wait       |    pointer   |
|iscsi_connection_parameter_default_time_2_retain_i                   |  in |   32|   ap_ovld  |      iscsi_connection_parameter_default_time_2_retain      |    pointer   |
|iscsi_connection_parameter_default_time_2_retain_o                   | out |   32|   ap_ovld  |      iscsi_connection_parameter_default_time_2_retain      |    pointer   |
|iscsi_connection_parameter_default_time_2_retain_o_ap_vld            | out |    1|   ap_ovld  |      iscsi_connection_parameter_default_time_2_retain      |    pointer   |
|iscsi_connection_parameter_max_outstanding_r2t_i                     |  in |   32|   ap_ovld  |       iscsi_connection_parameter_max_outstanding_r2t       |    pointer   |
|iscsi_connection_parameter_max_outstanding_r2t_o                     | out |   32|   ap_ovld  |       iscsi_connection_parameter_max_outstanding_r2t       |    pointer   |
|iscsi_connection_parameter_max_outstanding_r2t_o_ap_vld              | out |    1|   ap_ovld  |       iscsi_connection_parameter_max_outstanding_r2t       |    pointer   |
|iscsi_connection_parameter_data_address0                             | out |   13|  ap_memory |               iscsi_connection_parameter_data              |     array    |
|iscsi_connection_parameter_data_ce0                                  | out |    1|  ap_memory |               iscsi_connection_parameter_data              |     array    |
|iscsi_connection_parameter_data_q0                                   |  in |    8|  ap_memory |               iscsi_connection_parameter_data              |     array    |
|iscsi_connection_parameter_data_length_read                          |  in |   24|   ap_none  |         iscsi_connection_parameter_data_length_read        |    scalar    |
+---------------------------------------------------------------------+-----+-----+------------+------------------------------------------------------------+--------------+

