

================================================================
== Vivado HLS Report for 'update_value_bool_3'
================================================================
* Date:           Thu Apr 30 11:08:01 2020

* Version:        2019.1 (Build 2552052 on Fri May 24 15:28:33 MDT 2019)
* Project:        iscsi_hls
* Solution:       iscsi_processor
* Product family: zynq
* Target device:  xc7z020-clg484-1


================================================================
== Performance Estimates
================================================================
+ Timing (ns): 
    * Summary: 
    +--------+-------+----------+------------+
    |  Clock | Target| Estimated| Uncertainty|
    +--------+-------+----------+------------+
    |ap_clk  |  10.00|     7.552|        1.25|
    +--------+-------+----------+------------+

+ Latency (clock cycles): 
    * Summary: 
    +-----+-----+-----+-----+---------+
    |  Latency  |  Interval | Pipeline|
    | min | max | min | max |   Type  |
    +-----+-----+-----+-----+---------+
    |    6|   46|    6|   46|   none  |
    +-----+-----+-----+-----+---------+

    + Detail: 
        * Instance: 
        N/A

        * Loop: 
        +----------+-----+-----+----------+-----------+-----------+--------+----------+
        |          |  Latency  | Iteration|  Initiation Interval  |  Trip  |          |
        | Loop Name| min | max |  Latency |  achieved |   target  |  Count | Pipelined|
        +----------+-----+-----+----------+-----------+-----------+--------+----------+
        |- Loop 1  |    4|   32|         3|          -|          -| 1 ~ 10 |    no    |
        |- Loop 2  |    4|   11|         3|          -|          -|  1 ~ 3 |    no    |
        +----------+-----+-----+----------+-----------+-----------+--------+----------+



================================================================
== Utilization Estimates
================================================================
* Summary: 
+-----------------+---------+-------+--------+-------+-----+
|       Name      | BRAM_18K| DSP48E|   FF   |  LUT  | URAM|
+-----------------+---------+-------+--------+-------+-----+
|DSP              |        -|      -|       -|      -|    -|
|Expression       |        -|      -|       0|    142|    -|
|FIFO             |        -|      -|       -|      -|    -|
|Instance         |        -|      -|       -|      -|    -|
|Memory           |        0|      -|      14|      3|    -|
|Multiplexer      |        -|      -|       -|     92|    -|
|Register         |        -|      -|      36|      -|    -|
+-----------------+---------+-------+--------+-------+-----+
|Total            |        0|      0|      50|    237|    0|
+-----------------+---------+-------+--------+-------+-----+
|Available        |      280|    220|  106400|  53200|    0|
+-----------------+---------+-------+--------+-------+-----+
|Utilization (%)  |        0|      0|   ~0   |   ~0  |    0|
+-----------------+---------+-------+--------+-------+-----+

+ Detail: 
    * Instance: 
    N/A

    * DSP48E: 
    N/A

    * Memory: 
    +-----------+-----------------------------+---------+---+----+-----+------+-----+------+-------------+
    |   Memory  |            Module           | BRAM_18K| FF| LUT| URAM| Words| Bits| Banks| W*Bits*Banks|
    +-----------+-----------------------------+---------+---+----+-----+------+-----+------+-------------+
    |p_str13_U  |update_value_bool_3_p_str13  |        0|  7|   1|    0|     4|    7|     1|           28|
    |p_str4_U   |update_value_bool_3_p_str4   |        0|  7|   2|    0|    11|    7|     1|           77|
    +-----------+-----------------------------+---------+---+----+-----+------+-----+------+-------------+
    |Total      |                             |        0| 14|   3|    0|    15|   14|     2|          105|
    +-----------+-----------------------------+---------+---+----+-----+------+-----+------+-------------+

    * FIFO: 
    N/A

    * Expression: 
    +------------------------+----------+-------+---+----+------------+------------+
    |      Variable Name     | Operation| DSP48E| FF| LUT| Bitwidth P0| Bitwidth P1|
    +------------------------+----------+-------+---+----+------------+------------+
    |add_ln123_1_fu_221_p2   |     +    |      0|  0|  39|          32|          32|
    |add_ln123_fu_181_p2     |     +    |      0|  0|  39|          32|          32|
    |i_3_fu_211_p2           |     +    |      0|  0|  10|           2|           1|
    |i_fu_175_p2             |     +    |      0|  0|  13|           4|           1|
    |icmp_ln122_1_fu_205_p2  |   icmp   |      0|  0|   8|           2|           2|
    |icmp_ln122_fu_169_p2    |   icmp   |      0|  0|   9|           4|           4|
    |icmp_ln123_1_fu_231_p2  |   icmp   |      0|  0|  11|           8|           8|
    |icmp_ln123_fu_191_p2    |   icmp   |      0|  0|  11|           8|           8|
    |or_ln145_fu_240_p2      |    or    |      0|  0|   2|           1|           1|
    +------------------------+----------+-------+---+----+------------+------------+
    |Total                   |          |      0|  0| 142|          93|          89|
    +------------------------+----------+-------+---+----+------------+------------+

    * Multiplexer: 
    +------------------------------------------+----+-----------+-----+-----------+
    |                   Name                   | LUT| Input Size| Bits| Total Bits|
    +------------------------------------------+----+-----------+-----+-----------+
    |ap_NS_fsm                                 |  41|          8|    1|          8|
    |ap_phi_mux_p_0_i12_phi_fu_148_p4          |   9|          2|    1|          2|
    |i_0_i1_reg_132                            |   9|          2|    2|          4|
    |i_0_i_reg_120                             |   9|          2|    4|          8|
    |iscsi_connection_parameter_data_address0  |  15|          3|   13|         39|
    |val_r_o                                   |   9|          2|   32|         64|
    +------------------------------------------+----+-----------+-----+-----------+
    |Total                                     |  92|         19|   53|        125|
    +------------------------------------------+----+-----------+-----+-----------+

    * Register: 
    +----------------------+---+----+-----+-----------+
    |         Name         | FF| LUT| Bits| Const Bits|
    +----------------------+---+----+-----+-----------+
    |ap_CS_fsm             |  7|   0|    7|          0|
    |i_0_i1_reg_132        |  2|   0|    2|          0|
    |i_0_i_reg_120         |  4|   0|    4|          0|
    |i_3_reg_312           |  2|   0|    2|          0|
    |i_reg_285             |  4|   0|    4|          0|
    |icmp_ln122_1_reg_308  |  1|   0|    1|          0|
    |icmp_ln122_reg_281    |  1|   0|    1|          0|
    |p_0_i12_reg_144       |  1|   0|    1|          0|
    |zext_ln122_8_reg_276  |  7|   0|    8|          1|
    |zext_ln122_9_reg_303  |  7|   0|    8|          1|
    +----------------------+---+----+-----+-----------+
    |Total                 | 36|   0|   38|          2|
    +----------------------+---+----+-----+-----------+



================================================================
== Interface
================================================================
* Summary: 
+------------------------------------------+-----+-----+------------+---------------------------------+--------------+
|                 RTL Ports                | Dir | Bits|  Protocol  |          Source Object          |    C Type    |
+------------------------------------------+-----+-----+------------+---------------------------------+--------------+
|ap_clk                                    |  in |    1| ap_ctrl_hs |       update_value_bool.3       | return value |
|ap_rst                                    |  in |    1| ap_ctrl_hs |       update_value_bool.3       | return value |
|ap_start                                  |  in |    1| ap_ctrl_hs |       update_value_bool.3       | return value |
|ap_done                                   | out |    1| ap_ctrl_hs |       update_value_bool.3       | return value |
|ap_idle                                   | out |    1| ap_ctrl_hs |       update_value_bool.3       | return value |
|ap_ready                                  | out |    1| ap_ctrl_hs |       update_value_bool.3       | return value |
|iscsi_connection_parameter_data_address0  | out |   13|  ap_memory | iscsi_connection_parameter_data |     array    |
|iscsi_connection_parameter_data_ce0       | out |    1|  ap_memory | iscsi_connection_parameter_data |     array    |
|iscsi_connection_parameter_data_q0        |  in |    8|  ap_memory | iscsi_connection_parameter_data |     array    |
|idx                                       |  in |   32|   ap_none  |               idx               |    scalar    |
|val_r_i                                   |  in |   32|   ap_ovld  |              val_r              |    pointer   |
|val_r_o                                   | out |   32|   ap_ovld  |              val_r              |    pointer   |
|val_r_o_ap_vld                            | out |    1|   ap_ovld  |              val_r              |    pointer   |
+------------------------------------------+-----+-----+------------+---------------------------------+--------------+

