

================================================================
== Vivado HLS Report for 'update_value_int_3'
================================================================
* Date:           Sun Mar 15 20:18:08 2020

* Version:        2019.1 (Build 2552052 on Fri May 24 15:28:33 MDT 2019)
* Project:        iscsi_hls
* Solution:       iscsi_processor
* Product family: zynq
* Target device:  xc7z020-clg484-1


================================================================
== Performance Estimates
================================================================
+ Timing (ns): 
    * Summary: 
    +--------+-------+----------+------------+
    |  Clock | Target| Estimated| Uncertainty|
    +--------+-------+----------+------------+
    |ap_clk  |  10.00|     6.286|        1.25|
    +--------+-------+----------+------------+

+ Latency (clock cycles): 
    * Summary: 
    +-----+-----+-----+-----+---------+
    |  Latency  |  Interval | Pipeline|
    | min | max | min | max |   Type  |
    +-----+-----+-----+-----+---------+
    |    ?|    ?|    ?|    ?|   none  |
    +-----+-----+-----+-----+---------+

    + Detail: 
        * Instance: 
        N/A

        * Loop: 
        +----------+-----+-----+----------+-----------+-----------+------+----------+
        |          |  Latency  | Iteration|  Initiation Interval  | Trip |          |
        | Loop Name| min | max |  Latency |  achieved |   target  | Count| Pipelined|
        +----------+-----+-----+----------+-----------+-----------+------+----------+
        |- Loop 1  |    ?|    ?|         3|          -|          -|     ?|    no    |
        |- Loop 2  |    ?|    ?|         3|          -|          -|     ?|    no    |
        +----------+-----+-----+----------+-----------+-----------+------+----------+



================================================================
== Utilization Estimates
================================================================
* Summary: 
+-----------------+---------+-------+--------+-------+-----+
|       Name      | BRAM_18K| DSP48E|   FF   |  LUT  | URAM|
+-----------------+---------+-------+--------+-------+-----+
|DSP              |        -|      -|       -|      -|    -|
|Expression       |        -|      -|       0|    281|    -|
|FIFO             |        -|      -|       -|      -|    -|
|Instance         |        -|      -|       -|      -|    -|
|Memory           |        -|      -|       -|      -|    -|
|Multiplexer      |        -|      -|       -|    104|    -|
|Register         |        -|      -|     248|      -|    -|
+-----------------+---------+-------+--------+-------+-----+
|Total            |        0|      0|     248|    385|    0|
+-----------------+---------+-------+--------+-------+-----+
|Available        |      280|    220|  106400|  53200|    0|
+-----------------+---------+-------+--------+-------+-----+
|Utilization (%)  |        0|      0|   ~0   |   ~0  |    0|
+-----------------+---------+-------+--------+-------+-----+

+ Detail: 
    * Instance: 
    N/A

    * DSP48E: 
    N/A

    * Memory: 
    N/A

    * FIFO: 
    N/A

    * Expression: 
    +------------------------+----------+-------+---+----+------------+------------+
    |      Variable Name     | Operation| DSP48E| FF| LUT| Bitwidth P0| Bitwidth P1|
    +------------------------+----------+-------+---+----+------------+------------+
    |add_ln123_fu_127_p2     |     +    |      0|  0|  39|          32|          32|
    |add_ln132_fu_150_p2     |     +    |      0|  0|  39|          32|           1|
    |add_ln134_3_fu_200_p2   |     +    |      0|  0|  15|           7|           9|
    |add_ln134_fu_194_p2     |     +    |      0|  0|  32|          32|          32|
    |i_fu_121_p2             |     +    |      0|  0|  39|          32|           1|
    |nw_val_fu_210_p2        |     +    |      0|  0|  32|          32|          32|
    |icmp_ln122_fu_115_p2    |   icmp   |      0|  0|  11|           8|           1|
    |icmp_ln123_fu_144_p2    |   icmp   |      0|  0|  13|           9|           9|
    |icmp_ln134_fu_161_p2    |   icmp   |      0|  0|  11|           8|           1|
    |icmp_ln138_fu_167_p2    |   icmp   |      0|  0|  18|          32|          32|
    |select_ln138_fu_172_p3  |  select  |      0|  0|  32|           1|          32|
    +------------------------+----------+-------+---+----+------------+------------+
    |Total                   |          |      0|  0| 281|         225|         182|
    +------------------------+----------+-------+---+----+------------+------------+

    * Multiplexer: 
    +------------------------------------------+----+-----------+-----+-----------+
    |                   Name                   | LUT| Input Size| Bits| Total Bits|
    +------------------------------------------+----+-----------+-----+-----------+
    |ap_NS_fsm                                 |  44|          9|    1|          9|
    |ap_return                                 |   9|          2|   32|         64|
    |i_0_i_reg_68                              |   9|          2|   32|         64|
    |idx_assign_0_in_reg_80                    |   9|          2|   32|         64|
    |iscsi_connection_parameter_data_address0  |  15|          3|   13|         39|
    |nw_val_0_reg_89                           |   9|          2|   32|         64|
    |val_0_reg_101                             |   9|          2|   32|         64|
    +------------------------------------------+----+-----------+-----+-----------+
    |Total                                     | 104|         22|  174|        368|
    +------------------------------------------+----+-----------+-----+-----------+

    * Register: 
    +---------------------------------+----+----+-----+-----------+
    |               Name              | FF | LUT| Bits| Const Bits|
    +---------------------------------+----+----+-----+-----------+
    |add_ln132_reg_255                |  32|   0|   32|          0|
    |ap_CS_fsm                        |   8|   0|    8|          0|
    |ap_return_preg                   |  32|   0|   32|          0|
    |i_0_i_reg_68                     |  32|   0|   32|          0|
    |i_reg_242                        |  32|   0|   32|          0|
    |idx_assign_0_in_reg_80           |  32|   0|   32|          0|
    |iscsi_connection_par_12_reg_265  |   8|   0|    8|          0|
    |key_load_reg_234                 |   8|   0|    8|          0|
    |nw_val_0_reg_89                  |  32|   0|   32|          0|
    |val_0_reg_101                    |  32|   0|   32|          0|
    +---------------------------------+----+----+-----+-----------+
    |Total                            | 248|   0|  248|          0|
    +---------------------------------+----+----+-----+-----------+



================================================================
== Interface
================================================================
* Summary: 
+------------------------------------------+-----+-----+------------+---------------------------------+--------------+
|                 RTL Ports                | Dir | Bits|  Protocol  |          Source Object          |    C Type    |
+------------------------------------------+-----+-----+------------+---------------------------------+--------------+
|ap_clk                                    |  in |    1| ap_ctrl_hs |        update_value_int.3       | return value |
|ap_rst                                    |  in |    1| ap_ctrl_hs |        update_value_int.3       | return value |
|ap_start                                  |  in |    1| ap_ctrl_hs |        update_value_int.3       | return value |
|ap_done                                   | out |    1| ap_ctrl_hs |        update_value_int.3       | return value |
|ap_idle                                   | out |    1| ap_ctrl_hs |        update_value_int.3       | return value |
|ap_ready                                  | out |    1| ap_ctrl_hs |        update_value_int.3       | return value |
|ap_return                                 | out |   32| ap_ctrl_hs |        update_value_int.3       | return value |
|iscsi_connection_parameter_data_address0  | out |   13|  ap_memory | iscsi_connection_parameter_data |     array    |
|iscsi_connection_parameter_data_ce0       | out |    1|  ap_memory | iscsi_connection_parameter_data |     array    |
|iscsi_connection_parameter_data_q0        |  in |    8|  ap_memory | iscsi_connection_parameter_data |     array    |
|idx                                       |  in |   32|   ap_none  |               idx               |    scalar    |
|key_address0                              | out |    4|  ap_memory |               key               |     array    |
|key_ce0                                   | out |    1|  ap_memory |               key               |     array    |
|key_q0                                    |  in |    8|  ap_memory |               key               |     array    |
|val_read                                  |  in |   32|   ap_none  |             val_read            |    scalar    |
+------------------------------------------+-----+-----+------------+---------------------------------+--------------+

