

================================================================
== Vivado HLS Report for 'update_value_int_1'
================================================================
* Date:           Thu Apr 30 11:08:02 2020

* Version:        2019.1 (Build 2552052 on Fri May 24 15:28:33 MDT 2019)
* Project:        iscsi_hls
* Solution:       iscsi_processor
* Product family: zynq
* Target device:  xc7z020-clg484-1


================================================================
== Performance Estimates
================================================================
+ Timing (ns): 
    * Summary: 
    +--------+-------+----------+------------+
    |  Clock | Target| Estimated| Uncertainty|
    +--------+-------+----------+------------+
    |ap_clk  |  10.00|     6.286|        1.25|
    +--------+-------+----------+------------+

+ Latency (clock cycles): 
    * Summary: 
    +-----+-----+-----+-----+---------+
    |  Latency  |  Interval | Pipeline|
    | min | max | min | max |   Type  |
    +-----+-----+-----+-----+---------+
    |    ?|    ?|    ?|    ?|   none  |
    +-----+-----+-----+-----+---------+

    + Detail: 
        * Instance: 
        N/A

        * Loop: 
        +----------+-----+-----+----------+-----------+-----------+--------+----------+
        |          |  Latency  | Iteration|  Initiation Interval  |  Trip  |          |
        | Loop Name| min | max |  Latency |  achieved |   target  |  Count | Pipelined|
        +----------+-----+-----+----------+-----------+-----------+--------+----------+
        |- Loop 1  |    4|   56|         3|          -|          -| 1 ~ 18 |    no    |
        |- Loop 2  |    ?|    ?|         3|          -|          -|       ?|    no    |
        +----------+-----+-----+----------+-----------+-----------+--------+----------+



================================================================
== Utilization Estimates
================================================================
* Summary: 
+-----------------+---------+-------+--------+-------+-----+
|       Name      | BRAM_18K| DSP48E|   FF   |  LUT  | URAM|
+-----------------+---------+-------+--------+-------+-----+
|DSP              |        -|      -|       -|      -|    -|
|Expression       |        -|      -|       0|    255|    -|
|FIFO             |        -|      -|       -|      -|    -|
|Instance         |        -|      -|       -|      -|    -|
|Memory           |        0|      -|       7|      3|    -|
|Multiplexer      |        -|      -|       -|     92|    -|
|Register         |        -|      -|     129|      -|    -|
+-----------------+---------+-------+--------+-------+-----+
|Total            |        0|      0|     136|    350|    0|
+-----------------+---------+-------+--------+-------+-----+
|Available        |      280|    220|  106400|  53200|    0|
+-----------------+---------+-------+--------+-------+-----+
|Utilization (%)  |        0|      0|   ~0   |   ~0  |    0|
+-----------------+---------+-------+--------+-------+-----+

+ Detail: 
    * Instance: 
    N/A

    * DSP48E: 
    N/A

    * Memory: 
    +-----------+----------------------------+---------+---+----+-----+------+-----+------+-------------+
    |   Memory  |           Module           | BRAM_18K| FF| LUT| URAM| Words| Bits| Banks| W*Bits*Banks|
    +-----------+----------------------------+---------+---+----+-----+------+-----+------+-------------+
    |p_str11_U  |update_value_int_1_p_str11  |        0|  7|   3|    0|    19|    7|     1|          133|
    +-----------+----------------------------+---------+---+----+-----+------+-----+------+-------------+
    |Total      |                            |        0|  7|   3|    0|    19|    7|     1|          133|
    +-----------+----------------------------+---------+---+----+-----+------+-----+------+-------------+

    * FIFO: 
    N/A

    * Expression: 
    +------------------------+----------+-------+---+----+------------+------------+
    |      Variable Name     | Operation| DSP48E| FF| LUT| Bitwidth P0| Bitwidth P1|
    +------------------------+----------+-------+---+----+------------+------------+
    |add_ln123_fu_151_p2     |     +    |      0|  0|  39|          32|          32|
    |add_ln132_fu_166_p2     |     +    |      0|  0|  39|          32|           1|
    |add_ln134_7_fu_219_p2   |     +    |      0|  0|  15|           7|           9|
    |add_ln134_fu_213_p2     |     +    |      0|  0|  32|          32|          32|
    |i_fu_145_p2             |     +    |      0|  0|  15|           5|           1|
    |nw_val_fu_229_p2        |     +    |      0|  0|  32|          32|          32|
    |icmp_ln122_fu_139_p2    |   icmp   |      0|  0|  11|           5|           5|
    |icmp_ln123_fu_161_p2    |   icmp   |      0|  0|  11|           8|           8|
    |icmp_ln134_fu_177_p2    |   icmp   |      0|  0|  11|           8|           1|
    |icmp_ln136_fu_183_p2    |   icmp   |      0|  0|  18|          32|          32|
    |select_ln136_fu_189_p3  |  select  |      0|  0|  32|           1|          32|
    +------------------------+----------+-------+---+----+------------+------------+
    |Total                   |          |      0|  0| 255|         194|         185|
    +------------------------+----------+-------+---+----+------------+------------+

    * Multiplexer: 
    +------------------------------------------+----+-----------+-----+-----------+
    |                   Name                   | LUT| Input Size| Bits| Total Bits|
    +------------------------------------------+----+-----------+-----+-----------+
    |ap_NS_fsm                                 |  41|          8|    1|          8|
    |i_0_i_reg_93                              |   9|          2|    5|         10|
    |idx_assign_0_in_reg_105                   |   9|          2|   32|         64|
    |iscsi_connection_parameter_data_address0  |  15|          3|   13|         39|
    |nw_val_0_reg_114                          |   9|          2|   32|         64|
    |val_r_o                                   |   9|          2|   32|         64|
    +------------------------------------------+----+-----------+-----+-----------+
    |Total                                     |  92|         19|  115|        249|
    +------------------------------------------+----+-----------+-----+-----------+

    * Register: 
    +---------------------------------+----+----+-----+-----------+
    |               Name              | FF | LUT| Bits| Const Bits|
    +---------------------------------+----+----+-----+-----------+
    |add_ln132_reg_268                |  32|   0|   32|          0|
    |ap_CS_fsm                        |   7|   0|    7|          0|
    |i_0_i_reg_93                     |   5|   0|    5|          0|
    |i_reg_255                        |   5|   0|    5|          0|
    |icmp_ln122_reg_251               |   1|   0|    1|          0|
    |idx_assign_0_in_reg_105          |  32|   0|   32|          0|
    |iscsi_connection_par_18_reg_278  |   8|   0|    8|          0|
    |nw_val_0_reg_114                 |  32|   0|   32|          0|
    |zext_ln122_4_reg_246             |   7|   0|    8|          1|
    +---------------------------------+----+----+-----+-----------+
    |Total                            | 129|   0|  130|          1|
    +---------------------------------+----+----+-----+-----------+



================================================================
== Interface
================================================================
* Summary: 
+------------------------------------------+-----+-----+------------+---------------------------------+--------------+
|                 RTL Ports                | Dir | Bits|  Protocol  |          Source Object          |    C Type    |
+------------------------------------------+-----+-----+------------+---------------------------------+--------------+
|ap_clk                                    |  in |    1| ap_ctrl_hs |        update_value_int.1       | return value |
|ap_rst                                    |  in |    1| ap_ctrl_hs |        update_value_int.1       | return value |
|ap_start                                  |  in |    1| ap_ctrl_hs |        update_value_int.1       | return value |
|ap_done                                   | out |    1| ap_ctrl_hs |        update_value_int.1       | return value |
|ap_idle                                   | out |    1| ap_ctrl_hs |        update_value_int.1       | return value |
|ap_ready                                  | out |    1| ap_ctrl_hs |        update_value_int.1       | return value |
|iscsi_connection_parameter_data_address0  | out |   13|  ap_memory | iscsi_connection_parameter_data |     array    |
|iscsi_connection_parameter_data_ce0       | out |    1|  ap_memory | iscsi_connection_parameter_data |     array    |
|iscsi_connection_parameter_data_q0        |  in |    8|  ap_memory | iscsi_connection_parameter_data |     array    |
|idx                                       |  in |   32|   ap_none  |               idx               |    scalar    |
|val_r_i                                   |  in |   32|   ap_ovld  |              val_r              |    pointer   |
|val_r_o                                   | out |   32|   ap_ovld  |              val_r              |    pointer   |
|val_r_o_ap_vld                            | out |    1|   ap_ovld  |              val_r              |    pointer   |
+------------------------------------------+-----+-----+------------+---------------------------------+--------------+

